JOB_ID: 351248_3

pwd:
/home/jin749/Projects/coop_concept

which python:
/home/jin749/miniconda3/envs/coop/bin/python

Setting fixed seed: 1
***************
** Arguments **
***************
backbone: 
config_file: configs/trainers/CoOp/vit_b32.yaml
dataset_config_file: configs/datasets/dtd.yaml
eval_only: False
head: 
load_epoch: None
model_dir: 
no_train: False
opts: ['TRAINER.COOP.N_CTX', '16', 'TRAINER.COOP.CSC', 'True', 'TRAINER.COOP.CLASS_TOKEN_POSITION', 'end', 'DATASET.NUM_SHOTS', '4']
output_dir: output/dtd/CoOp/vit_b32_4shots/nctx16_cscTrue_ctpend/seed1
resume: 
root: /home/jin749/DATA
seed: 1
source_domains: None
target_domains: None
trainer: CoOp
transforms: None
************
** Config **
************
DATALOADER:
  K_TRANSFORMS: 1
  NUM_WORKERS: 8
  RETURN_IMG0: False
  TEST:
    BATCH_SIZE: 100
    SAMPLER: SequentialSampler
  TRAIN_U:
    BATCH_SIZE: 32
    N_DOMAIN: 0
    N_INS: 16
    SAME_AS_X: True
    SAMPLER: RandomSampler
  TRAIN_X:
    BATCH_SIZE: 32
    N_DOMAIN: 0
    N_INS: 16
    SAMPLER: RandomSampler
DATASET:
  ALL_AS_UNLABELED: False
  CIFAR_C_LEVEL: 1
  CIFAR_C_TYPE: 
  NAME: DescribableTextures
  NUM_LABELED: -1
  NUM_SHOTS: 4
  ROOT: /home/jin749/DATA
  SOURCE_DOMAINS: ()
  STL10_FOLD: -1
  SUBSAMPLE_CLASSES: all
  TARGET_DOMAINS: ()
  VAL_PERCENT: 0.1
INPUT:
  COLORJITTER_B: 0.4
  COLORJITTER_C: 0.4
  COLORJITTER_H: 0.1
  COLORJITTER_S: 0.4
  CROP_PADDING: 4
  CUTOUT_LEN: 16
  CUTOUT_N: 1
  GB_K: 21
  GB_P: 0.5
  GN_MEAN: 0.0
  GN_STD: 0.15
  INTERPOLATION: bicubic
  NO_TRANSFORM: False
  PIXEL_MEAN: [0.48145466, 0.4578275, 0.40821073]
  PIXEL_STD: [0.26862954, 0.26130258, 0.27577711]
  RANDAUGMENT_M: 10
  RANDAUGMENT_N: 2
  RGS_P: 0.2
  RRCROP_SCALE: (0.08, 1.0)
  SIZE: (224, 224)
  TRANSFORMS: ('random_resized_crop', 'random_flip', 'normalize')
MODEL:
  BACKBONE:
    NAME: ViT-B/32
    PRETRAINED: True
  HEAD:
    ACTIVATION: relu
    BN: True
    DROPOUT: 0.0
    HIDDEN_LAYERS: ()
    NAME: 
  INIT_WEIGHTS: 
OPTIM:
  ADAM_BETA1: 0.9
  ADAM_BETA2: 0.999
  BASE_LR_MULT: 0.1
  GAMMA: 0.1
  LR: 0.002
  LR_SCHEDULER: cosine
  MAX_EPOCH: 200
  MOMENTUM: 0.9
  NAME: sgd
  NEW_LAYERS: ()
  RMSPROP_ALPHA: 0.99
  SGD_DAMPNING: 0
  SGD_NESTEROV: False
  STAGED_LR: False
  STEPSIZE: (-1,)
  WARMUP_CONS_LR: 1e-05
  WARMUP_EPOCH: 1
  WARMUP_MIN_LR: 1e-05
  WARMUP_RECOUNT: True
  WARMUP_TYPE: constant
  WEIGHT_DECAY: 0.0005
OUTPUT_DIR: output/dtd/CoOp/vit_b32_4shots/nctx16_cscTrue_ctpend/seed1
RESUME: 
SEED: 1
TEST:
  COMPUTE_CMAT: False
  EVALUATOR: Classification
  FINAL_MODEL: last_step
  NO_TEST: False
  PER_CLASS_RESULT: False
  SPLIT: test
TRAIN:
  CHECKPOINT_FREQ: 0
  COUNT_ITER: train_x
  PRINT_FREQ: 5
TRAINER:
  CDAC:
    CLASS_LR_MULTI: 10
    P_THRESH: 0.95
    RAMPUP_COEF: 30
    RAMPUP_ITRS: 1000
    STRONG_TRANSFORMS: ()
    TOPK_MATCH: 5
  COCOOP:
    CTX_INIT: 
    N_CTX: 16
    PREC: fp16
  COOP:
    CLASS_TOKEN_POSITION: end
    CSC: True
    CTX_INIT: 
    N_CTX: 16
    PREC: fp16
  CROSSGRAD:
    ALPHA_D: 0.5
    ALPHA_F: 0.5
    EPS_D: 1.0
    EPS_F: 1.0
  DAEL:
    CONF_THRE: 0.95
    STRONG_TRANSFORMS: ()
    WEIGHT_U: 0.5
  DAELDG:
    CONF_THRE: 0.95
    STRONG_TRANSFORMS: ()
    WEIGHT_U: 0.5
  DDAIG:
    ALPHA: 0.5
    CLAMP: False
    CLAMP_MAX: 1.0
    CLAMP_MIN: -1.0
    G_ARCH: 
    LMDA: 0.3
    WARMUP: 0
  DOMAINMIX:
    ALPHA: 1.0
    BETA: 1.0
    TYPE: crossdomain
  ENTMIN:
    LMDA: 0.001
  FIXMATCH:
    CONF_THRE: 0.95
    STRONG_TRANSFORMS: ()
    WEIGHT_U: 1.0
  M3SDA:
    LMDA: 0.5
    N_STEP_F: 4
  MCD:
    N_STEP_F: 4
  MEANTEACHER:
    EMA_ALPHA: 0.999
    RAMPUP: 5
    WEIGHT_U: 1.0
  MIXMATCH:
    MIXUP_BETA: 0.75
    RAMPUP: 20000
    TEMP: 2.0
    WEIGHT_U: 100.0
  MME:
    LMDA: 0.1
  NAME: CoOp
  SE:
    CONF_THRE: 0.95
    EMA_ALPHA: 0.999
    RAMPUP: 300
USE_CUDA: True
VERBOSE: True
VERSION: 1
Collecting env info ...
** System info **
PyTorch version: 1.13.1+cu116
Is debug build: False
CUDA used to build PyTorch: 11.6
ROCM used to build PyTorch: N/A

OS: linux (x86_64)
GCC version: (GCC) 12.2.0
Clang version: Could not collect
CMake version: version 3.24.2
Libc version: glibc-2.28

Python version: 3.8.19 (default, Mar 20 2024, 19:58:24)  [GCC 11.2.0] (64-bit runtime)
Python platform: Linux-4.18.0-425.3.1.el8.x86_64-x86_64-with-glibc2.17
Is CUDA available: True
CUDA runtime version: 11.8.89
CUDA_MODULE_LOADING set to: LAZY
GPU models and configuration: GPU 0: NVIDIA RTX A5000
Nvidia driver version: 530.30.02
cuDNN version: Could not collect
HIP runtime version: N/A
MIOpen runtime version: N/A
Is XNNPACK available: True

Versions of relevant libraries:
[pip3] numpy==1.24.4
[pip3] torch==1.13.1+cu116
[pip3] torchaudio==0.13.1+cu116
[pip3] torchvision==0.14.1+cu116
[conda] numpy                     1.24.4                   pypi_0    pypi
[conda] torch                     1.13.1+cu116             pypi_0    pypi
[conda] torchaudio                0.13.1+cu116             pypi_0    pypi
[conda] torchvision               0.14.1+cu116             pypi_0    pypi
        Pillow (10.4.0)

Loading trainer: CoOp
Loading dataset: DescribableTextures
Reading split from /home/jin749/DATA/dtd/split_zhou_DescribableTextures.json
Creating a 4-shot dataset
Creating a 4-shot dataset
Saving preprocessed few-shot data to /home/jin749/DATA/dtd/split_fewshot/shot_4-seed_1.pkl
Building transform_train
+ random resized crop (size=(224, 224), scale=(0.08, 1.0))
+ random flip
+ to torch tensor of range [0, 1]
+ normalization (mean=[0.48145466, 0.4578275, 0.40821073], std=[0.26862954, 0.26130258, 0.27577711])
Building transform_test
+ resize the smaller edge to 224
+ 224x224 center crop
+ to torch tensor of range [0, 1]
+ normalization (mean=[0.48145466, 0.4578275, 0.40821073], std=[0.26862954, 0.26130258, 0.27577711])
---------  -------------------
Dataset    DescribableTextures
# classes  47
# train_x  188
# val      188
# test     1,692
---------  -------------------
Loading CLIP (backbone: ViT-B/32)
Building custom CLIP
Initializing class-specific contexts
Initial context: "X X X X X X X X X X X X X X X X"
Number of context words (tokens): 16
[343, 343, 343, 343, 343, 343, 343, 343, 343, 343, 343, 343, 343, 343, 343, 343, 37804, 1448, 791, 287, 287, 287, 287, 7447, 267, 287, 287, 287, 287, 7858, 267, 287, 287, 287, 287, 11886, 2079, 267, 537, 287, 287, 287, 287, 5389, 269]
[343, 343, 343, 343, 343, 343, 343, 343, 343, 343, 343, 343, 343, 343, 343, 343, 1204, 83, 8096, 1448, 791, 287, 287, 287, 287, 7744, 267, 287, 287, 287, 287, 5389, 267, 287, 287, 287, 287, 16505, 267, 537, 287, 287, 287, 287, 3958, 269]
[343, 343, 343, 343, 343, 343, 343, 343, 343, 343, 343, 343, 343, 343, 343, 343, 39997, 1448, 791, 287, 287, 287, 287, 18411, 646, 267, 287, 287, 287, 287, 7118, 267, 287, 287, 287, 287, 7447, 267, 537, 287, 287, 287, 287, 1006, 19978, 269]
[343, 343, 343, 343, 343, 343, 343, 343, 343, 343, 343, 343, 343, 343, 343, 343, 31034, 1448, 791, 287, 287, 287, 287, 21115, 267, 287, 287, 287, 287, 7744, 267, 287, 287, 287, 287, 7238, 267, 537, 287, 287, 287, 287, 3027, 269]
[343, 343, 343, 343, 343, 343, 343, 343, 343, 343, 343, 343, 343, 343, 343, 343, 9783, 344, 1448, 791, 287, 287, 287, 287, 7744, 267, 287, 287, 287, 287, 5429, 267, 287, 287, 287, 287, 2051, 267, 537, 287, 287, 287, 287, 11699, 1294, 269]
[343, 343, 343, 343, 343, 343, 343, 343, 343, 343, 343, 343, 343, 343, 343, 343, 983, 23210, 1448, 791, 287, 287, 287, 287, 7447, 267, 287, 287, 287, 287, 5389, 267, 287, 287, 287, 287, 3418, 267, 537, 287, 287, 287, 287, 26972, 269]
[343, 343, 343, 343, 343, 343, 343, 343, 343, 343, 343, 343, 343, 343, 343, 343, 20140, 598, 9077, 1448, 791, 287, 287, 287, 287, 7447, 267, 287, 287, 287, 287, 18411, 646, 267, 287, 287, 287, 287, 4448, 267, 537, 287, 287, 287, 287, 4526, 269]
[343, 343, 343, 343, 343, 343, 343, 343, 343, 343, 343, 343, 343, 343, 343, 343, 19826, 1448, 791, 287, 287, 287, 287, 7744, 267, 287, 287, 287, 287, 21426, 267, 287, 287, 287, 287, 10253, 267, 537, 287, 287, 287, 287, 19208, 269]
[343, 343, 343, 343, 343, 343, 343, 343, 343, 343, 343, 343, 343, 343, 343, 343, 16670, 12169, 2146, 1448, 791, 287, 287, 287, 287, 3418, 267, 287, 287, 287, 287, 9882, 267, 287, 287, 287, 287, 18417, 20107, 267, 537, 287, 287, 287, 287, 16505, 269]
[343, 343, 343, 343, 343, 343, 343, 343, 343, 343, 343, 343, 343, 343, 343, 343, 15891, 48182, 1448, 791, 287, 287, 287, 287, 7447, 267, 287, 287, 287, 287, 20938, 267, 287, 287, 287, 287, 7744, 267, 537, 287, 287, 287, 287, 5285, 269]
[343, 343, 343, 343, 343, 343, 343, 343, 343, 343, 343, 343, 343, 343, 343, 343, 47950, 1448, 791, 287, 287, 287, 287, 19019, 267, 287, 287, 287, 287, 588, 9442, 267, 287, 287, 287, 287, 3140, 267, 537, 287, 287, 287, 287, 7447, 269]
[343, 343, 343, 343, 343, 343, 343, 343, 343, 343, 343, 343, 343, 343, 343, 343, 701, 711, 879, 1448, 791, 287, 287, 287, 287, 1093, 267, 287, 287, 287, 287, 18411, 646, 267, 287, 287, 287, 287, 11884, 267, 537, 287, 287, 287, 287, 7744, 269]
[343, 343, 343, 343, 343, 343, 343, 343, 343, 343, 343, 343, 343, 343, 343, 343, 2428, 3441, 1448, 791, 287, 287, 287, 287, 6194, 267, 287, 287, 287, 287, 5389, 267, 287, 287, 287, 287, 7744, 267, 537, 287, 287, 287, 287, 11699, 1294, 269]
[343, 343, 343, 343, 343, 343, 343, 343, 343, 343, 343, 343, 343, 343, 343, 343, 33328, 912, 1448, 791, 287, 287, 287, 287, 7670, 267, 287, 287, 287, 287, 10484, 267, 287, 287, 287, 287, 3140, 267, 537, 287, 287, 287, 287, 3575, 269]
[343, 343, 343, 343, 343, 343, 343, 343, 343, 343, 343, 343, 343, 343, 343, 343, 936, 9532, 1448, 791, 287, 287, 287, 287, 11637, 267, 287, 287, 287, 287, 8161, 267, 287, 287, 287, 287, 3885, 1294, 267, 537, 287, 287, 287, 287, 16029, 269]
[343, 343, 343, 343, 343, 343, 343, 343, 343, 343, 343, 343, 343, 343, 343, 343, 5919, 2303, 1448, 791, 287, 287, 287, 287, 10033, 267, 287, 287, 287, 287, 2051, 267, 287, 287, 287, 287, 7238, 267, 537, 287, 287, 287, 287, 5421, 269]
[343, 343, 343, 343, 343, 343, 343, 343, 343, 343, 343, 343, 343, 343, 343, 343, 9882, 1448, 791, 287, 287, 287, 287, 7447, 267, 287, 287, 287, 287, 3418, 267, 287, 287, 287, 287, 588, 9442, 267, 537, 287, 287, 287, 287, 3140, 269]
[343, 343, 343, 343, 343, 343, 343, 343, 343, 343, 343, 343, 343, 343, 343, 343, 9015, 1102, 1448, 791, 287, 287, 287, 287, 3418, 267, 287, 287, 287, 287, 7447, 267, 287, 287, 287, 287, 7744, 267, 537, 287, 287, 287, 287, 16505, 269]
[343, 343, 343, 343, 343, 343, 343, 343, 343, 343, 343, 343, 343, 343, 343, 343, 9843, 610, 2722, 1448, 791, 287, 287, 287, 287, 7447, 267, 287, 287, 287, 287, 3140, 267, 287, 287, 287, 287, 7744, 267, 537, 287, 287, 287, 287, 6448, 269]
[343, 343, 343, 343, 343, 343, 343, 343, 343, 343, 343, 343, 343, 343, 343, 343, 1006, 36800, 1448, 791, 287, 287, 287, 287, 3418, 267, 287, 287, 287, 287, 1006, 20061, 267, 287, 287, 287, 287, 18417, 20107, 267, 537, 287, 287, 287, 287, 5389, 269]
[343, 343, 343, 343, 343, 343, 343, 343, 343, 343, 343, 343, 343, 343, 343, 343, 28151, 1448, 791, 287, 287, 287, 287, 21625, 267, 287, 287, 287, 287, 5389, 267, 287, 287, 287, 287, 7238, 267, 537, 287, 287, 287, 287, 20479, 269]
[343, 343, 343, 343, 343, 343, 343, 343, 343, 343, 343, 343, 343, 343, 343, 343, 4477, 1018, 618, 1448, 791, 287, 287, 287, 287, 7447, 267, 287, 287, 287, 287, 8161, 267, 287, 287, 287, 287, 5389, 267, 537, 287, 287, 287, 287, 1483, 269]
[343, 343, 343, 343, 343, 343, 343, 343, 343, 343, 343, 343, 343, 343, 343, 343, 11842, 1448, 791, 287, 287, 287, 287, 3418, 267, 287, 287, 287, 287, 15377, 267, 287, 287, 287, 287, 5389, 267, 537, 287, 287, 287, 287, 18417, 20107, 269]
[343, 343, 343, 343, 343, 343, 343, 343, 343, 343, 343, 343, 343, 343, 343, 343, 675, 12006, 1448, 791, 287, 287, 287, 287, 7447, 267, 287, 287, 287, 287, 5389, 267, 287, 287, 287, 287, 7744, 267, 537, 287, 287, 287, 287, 16505, 269]
[343, 343, 343, 343, 343, 343, 343, 343, 343, 343, 343, 343, 343, 343, 343, 343, 905, 775, 1448, 791, 287, 287, 287, 287, 7447, 267, 287, 287, 287, 287, 7518, 267, 287, 287, 287, 287, 16505, 267, 537, 287, 287, 287, 287, 3780, 269]
[343, 343, 343, 343, 343, 343, 343, 343, 343, 343, 343, 343, 343, 343, 343, 343, 613, 1492, 1448, 791, 287, 287, 287, 287, 7447, 267, 287, 287, 287, 287, 15377, 267, 287, 287, 287, 287, 588, 9442, 267, 537, 287, 287, 287, 287, 1681, 269]
[343, 343, 343, 343, 343, 343, 343, 343, 343, 343, 343, 343, 343, 343, 343, 343, 22954, 1448, 791, 287, 287, 287, 287, 7447, 267, 287, 287, 287, 287, 5389, 267, 287, 287, 287, 287, 1681, 267, 537, 287, 287, 287, 287, 6448, 269]
[343, 343, 343, 343, 343, 343, 343, 343, 343, 343, 343, 343, 343, 343, 343, 343, 2311, 943, 1448, 791, 287, 287, 287, 287, 11266, 267, 287, 287, 287, 287, 7744, 267, 287, 287, 287, 287, 7447, 267, 537, 287, 287, 287, 287, 7238, 269]
[343, 343, 343, 343, 343, 343, 343, 343, 343, 343, 343, 343, 343, 343, 343, 343, 2946, 775, 1448, 791, 287, 287, 287, 287, 7107, 4137, 267, 287, 287, 287, 287, 7744, 267, 287, 287, 287, 287, 3958, 267, 537, 287, 287, 287, 287, 11699, 1294, 269]
[343, 343, 343, 343, 343, 343, 343, 343, 343, 343, 343, 343, 343, 343, 343, 343, 926, 943, 1448, 791, 287, 287, 287, 287, 24266, 267, 287, 287, 287, 287, 10033, 267, 287, 287, 287, 287, 7744, 267, 537, 287, 287, 287, 287, 7238, 269]
[343, 343, 343, 343, 343, 343, 343, 343, 343, 343, 343, 343, 343, 343, 343, 343, 29476, 268, 47950, 1448, 791, 287, 287, 287, 287, 19019, 267, 287, 287, 287, 287, 588, 9442, 267, 287, 287, 287, 287, 5994, 267, 537, 287, 287, 287, 287, 3140, 269]
[343, 343, 343, 343, 343, 343, 343, 343, 343, 343, 343, 343, 343, 343, 343, 343, 817, 879, 1448, 791, 287, 287, 287, 287, 11266, 267, 287, 287, 287, 287, 7744, 267, 287, 287, 287, 287, 5429, 267, 537, 287, 287, 287, 287, 16505, 269]
[343, 343, 343, 343, 343, 343, 343, 343, 343, 343, 343, 343, 343, 343, 343, 343, 628, 1325, 912, 1448, 791, 287, 287, 287, 287, 11266, 267, 287, 287, 287, 287, 7744, 267, 287, 287, 287, 287, 6448, 267, 537, 287, 287, 287, 287, 19208, 269]
[343, 343, 343, 343, 343, 343, 343, 343, 343, 343, 343, 343, 343, 343, 343, 343, 10859, 344, 1448, 791, 287, 287, 287, 287, 11485, 267, 287, 287, 287, 287, 7744, 267, 287, 287, 287, 287, 3958, 267, 537, 287, 287, 287, 287, 664, 881, 269]
[343, 343, 343, 343, 343, 343, 343, 343, 343, 343, 343, 343, 343, 343, 343, 343, 11758, 5369, 1448, 791, 287, 287, 287, 287, 7238, 267, 287, 287, 287, 287, 5389, 267, 287, 287, 287, 287, 42092, 267, 537, 287, 287, 287, 287, 12102, 81, 1463, 269]
[343, 343, 343, 343, 343, 343, 343, 343, 343, 343, 343, 343, 343, 343, 343, 343, 3745, 7379, 1448, 791, 287, 287, 287, 287, 7447, 267, 287, 287, 287, 287, 22814, 267, 287, 287, 287, 287, 7744, 267, 537, 287, 287, 287, 287, 3958, 269]
[343, 343, 343, 343, 343, 343, 343, 343, 343, 343, 343, 343, 343, 343, 343, 343, 15817, 912, 1448, 791, 287, 287, 287, 287, 19019, 267, 287, 287, 287, 287, 588, 9442, 267, 287, 287, 287, 287, 5389, 267, 537, 287, 287, 287, 287, 38792, 269]
[343, 343, 343, 343, 343, 343, 343, 343, 343, 343, 343, 343, 343, 343, 343, 343, 13751, 1448, 791, 287, 287, 287, 287, 2445, 267, 287, 287, 287, 287, 7744, 267, 287, 287, 287, 287, 3140, 267, 537, 287, 287, 287, 287, 16505, 269]
[343, 343, 343, 343, 343, 343, 343, 343, 343, 343, 343, 343, 343, 343, 343, 343, 807, 591, 2853, 1448, 791, 287, 287, 287, 287, 15900, 267, 287, 287, 287, 287, 7118, 267, 287, 287, 287, 287, 18417, 20107, 267, 537, 287, 287, 287, 287, 5389, 269]
[343, 343, 343, 343, 343, 343, 343, 343, 343, 343, 343, 343, 343, 343, 343, 343, 22192, 1448, 791, 287, 287, 287, 287, 7858, 267, 287, 287, 287, 287, 7447, 267, 287, 287, 287, 287, 16440, 267, 537, 287, 287, 287, 287, 11886, 2079, 269]
[343, 343, 343, 343, 343, 343, 343, 343, 343, 343, 343, 343, 343, 343, 343, 343, 29153, 1448, 791, 287, 287, 287, 287, 21115, 267, 287, 287, 287, 287, 588, 9442, 267, 287, 287, 287, 287, 7447, 267, 537, 287, 287, 287, 287, 5389, 269]
[343, 343, 343, 343, 343, 343, 343, 343, 343, 343, 343, 343, 343, 343, 343, 343, 1220, 582, 597, 1448, 791, 287, 287, 287, 287, 7447, 267, 287, 287, 287, 287, 7744, 267, 287, 287, 287, 287, 3140, 267, 537, 287, 287, 287, 287, 22014, 269]
[343, 343, 343, 343, 343, 343, 343, 343, 343, 343, 343, 343, 343, 343, 343, 343, 673, 2038, 1448, 791, 287, 287, 287, 287, 7447, 267, 287, 287, 287, 287, 3418, 267, 287, 287, 287, 287, 18501, 267, 537, 287, 287, 287, 287, 7238, 269]
[343, 343, 343, 343, 343, 343, 343, 343, 343, 343, 343, 343, 343, 343, 343, 343, 13940, 912, 1448, 791, 287, 287, 287, 287, 3418, 267, 287, 287, 287, 287, 7238, 267, 287, 287, 287, 287, 16505, 267, 537, 287, 287, 287, 287, 7744, 269]
[343, 343, 343, 343, 343, 343, 343, 343, 343, 343, 343, 343, 343, 343, 343, 343, 19830, 1448, 791, 287, 287, 287, 287, 3418, 267, 287, 287, 287, 287, 7447, 267, 287, 287, 287, 287, 10033, 267, 537, 287, 287, 287, 287, 22450, 269]
[343, 343, 343, 343, 343, 343, 343, 343, 343, 343, 343, 343, 343, 343, 343, 343, 22201, 912, 1448, 791, 287, 287, 287, 287, 21115, 267, 287, 287, 287, 287, 512, 3593, 986, 267, 287, 287, 287, 287, 7447, 267, 537, 287, 287, 287, 287, 7238, 269]
[343, 343, 343, 343, 343, 343, 343, 343, 343, 343, 343, 343, 343, 343, 343, 343, 15950, 26091, 3480, 1448, 791, 287, 287, 287, 287, 7447, 267, 287, 287, 287, 287, 18627, 267, 287, 287, 287, 287, 3418, 267, 537, 287, 287, 287, 287, 2650, 269]
Turning off gradients in both the image and the text encoder
Loading evaluator: Classification
No checkpoint found, train from scratch
Initialize tensorboard (log_dir=output/dtd/CoOp/vit_b32_4shots/nctx16_cscTrue_ctpend/seed1/tensorboard)
/home/jin749/Projects/coop_concept/clip/clip.py:23: UserWarning: PyTorch version 1.7.1 or higher is recommended
  warnings.warn("PyTorch version 1.7.1 or higher is recommended")
epoch [1/200] batch [5/5] time 0.049 (1.287) data 0.000 (0.342) loss 4.2266 (4.1602) acc 9.3750 (6.8750) lr 2.0000e-03 eta 0:21:20
epoch [2/200] batch [5/5] time 0.049 (0.107) data 0.000 (0.060) loss 3.3789 (3.5258) acc 28.1250 (20.6250) lr 1.9999e-03 eta 0:01:46
epoch [3/200] batch [5/5] time 0.048 (0.106) data 0.000 (0.058) loss 2.4570 (2.2734) acc 28.1250 (38.7500) lr 1.9995e-03 eta 0:01:44
epoch [4/200] batch [5/5] time 0.046 (0.129) data 0.000 (0.083) loss 1.4346 (1.4883) acc 56.2500 (58.1250) lr 1.9989e-03 eta 0:02:06
epoch [5/200] batch [5/5] time 0.044 (0.118) data 0.000 (0.072) loss 1.2900 (1.0960) acc 68.7500 (75.6250) lr 1.9980e-03 eta 0:01:54
epoch [6/200] batch [5/5] time 0.049 (0.102) data 0.000 (0.055) loss 0.6045 (0.8768) acc 84.3750 (77.5000) lr 1.9969e-03 eta 0:01:38
epoch [7/200] batch [5/5] time 0.045 (0.115) data 0.000 (0.068) loss 0.5205 (0.5896) acc 84.3750 (83.7500) lr 1.9956e-03 eta 0:01:50
epoch [8/200] batch [5/5] time 0.048 (0.235) data 0.000 (0.188) loss 0.6377 (0.4317) acc 84.3750 (89.3750) lr 1.9940e-03 eta 0:03:45
epoch [9/200] batch [5/5] time 0.046 (0.113) data 0.000 (0.066) loss 0.2522 (0.3521) acc 100.0000 (93.7500) lr 1.9921e-03 eta 0:01:47
epoch [10/200] batch [5/5] time 0.045 (0.118) data 0.000 (0.070) loss 0.2200 (0.2596) acc 96.8750 (95.6250) lr 1.9900e-03 eta 0:01:51
epoch [11/200] batch [5/5] time 0.049 (0.115) data 0.000 (0.066) loss 0.1415 (0.2158) acc 96.8750 (95.6250) lr 1.9877e-03 eta 0:01:48
epoch [12/200] batch [5/5] time 0.045 (0.114) data 0.000 (0.068) loss 0.2213 (0.1971) acc 93.7500 (95.6250) lr 1.9851e-03 eta 0:01:47
epoch [13/200] batch [5/5] time 0.047 (0.234) data 0.000 (0.187) loss 0.2001 (0.2135) acc 93.7500 (95.0000) lr 1.9823e-03 eta 0:03:38
epoch [14/200] batch [5/5] time 0.045 (0.292) data 0.000 (0.244) loss 0.1031 (0.1351) acc 96.8750 (98.1250) lr 1.9792e-03 eta 0:04:31
epoch [15/200] batch [5/5] time 0.048 (0.187) data 0.000 (0.139) loss 0.2052 (0.1404) acc 93.7500 (97.5000) lr 1.9759e-03 eta 0:02:52
epoch [16/200] batch [5/5] time 0.045 (0.231) data 0.000 (0.184) loss 0.0945 (0.1151) acc 100.0000 (98.1250) lr 1.9724e-03 eta 0:03:32
epoch [17/200] batch [5/5] time 0.049 (0.176) data 0.000 (0.128) loss 0.0330 (0.1697) acc 100.0000 (97.5000) lr 1.9686e-03 eta 0:02:41
epoch [18/200] batch [5/5] time 0.049 (0.302) data 0.000 (0.254) loss 0.1960 (0.0994) acc 96.8750 (98.1250) lr 1.9646e-03 eta 0:04:34
epoch [19/200] batch [5/5] time 0.045 (0.120) data 0.000 (0.072) loss 0.2273 (0.0849) acc 93.7500 (98.1250) lr 1.9603e-03 eta 0:01:48
epoch [20/200] batch [5/5] time 0.049 (0.145) data 0.000 (0.097) loss 0.0470 (0.1304) acc 100.0000 (98.1250) lr 1.9558e-03 eta 0:02:10
epoch [21/200] batch [5/5] time 0.045 (0.122) data 0.000 (0.075) loss 0.3198 (0.1559) acc 93.7500 (96.8750) lr 1.9511e-03 eta 0:01:49
epoch [22/200] batch [5/5] time 0.097 (0.127) data 0.049 (0.079) loss 0.0127 (0.0649) acc 100.0000 (98.7500) lr 1.9461e-03 eta 0:01:53
epoch [23/200] batch [5/5] time 0.162 (0.138) data 0.114 (0.090) loss 0.2075 (0.0966) acc 93.7500 (98.7500) lr 1.9409e-03 eta 0:02:01
epoch [24/200] batch [5/5] time 0.089 (0.123) data 0.041 (0.075) loss 0.0948 (0.0456) acc 96.8750 (99.3750) lr 1.9354e-03 eta 0:01:48
epoch [25/200] batch [5/5] time 0.175 (0.137) data 0.127 (0.090) loss 0.0346 (0.0408) acc 100.0000 (99.3750) lr 1.9298e-03 eta 0:01:59
epoch [26/200] batch [5/5] time 0.270 (0.165) data 0.222 (0.118) loss 0.0848 (0.0445) acc 100.0000 (100.0000) lr 1.9239e-03 eta 0:02:23
epoch [27/200] batch [5/5] time 0.182 (0.139) data 0.135 (0.092) loss 0.0216 (0.0331) acc 100.0000 (100.0000) lr 1.9178e-03 eta 0:01:59
epoch [28/200] batch [5/5] time 0.121 (0.120) data 0.073 (0.074) loss 0.0814 (0.0863) acc 100.0000 (98.1250) lr 1.9114e-03 eta 0:01:43
epoch [29/200] batch [5/5] time 0.260 (0.145) data 0.213 (0.099) loss 0.0872 (0.0737) acc 96.8750 (98.7500) lr 1.9048e-03 eta 0:02:04
epoch [30/200] batch [5/5] time 0.150 (0.124) data 0.101 (0.076) loss 0.0609 (0.0470) acc 100.0000 (100.0000) lr 1.8980e-03 eta 0:01:45
epoch [31/200] batch [5/5] time 0.134 (0.122) data 0.085 (0.074) loss 0.0192 (0.0310) acc 100.0000 (100.0000) lr 1.8910e-03 eta 0:01:42
epoch [32/200] batch [5/5] time 0.104 (0.119) data 0.056 (0.072) loss 0.0527 (0.0813) acc 96.8750 (98.1250) lr 1.8838e-03 eta 0:01:40
epoch [33/200] batch [5/5] time 0.127 (0.123) data 0.080 (0.077) loss 0.0230 (0.0378) acc 100.0000 (100.0000) lr 1.8763e-03 eta 0:01:42
epoch [34/200] batch [5/5] time 0.067 (0.109) data 0.021 (0.063) loss 0.0239 (0.0455) acc 100.0000 (99.3750) lr 1.8686e-03 eta 0:01:30
epoch [35/200] batch [5/5] time 0.124 (0.117) data 0.076 (0.069) loss 0.0786 (0.0352) acc 96.8750 (99.3750) lr 1.8607e-03 eta 0:01:36
epoch [36/200] batch [5/5] time 0.207 (0.146) data 0.159 (0.098) loss 0.0516 (0.0370) acc 100.0000 (99.3750) lr 1.8526e-03 eta 0:01:59
epoch [37/200] batch [5/5] time 0.144 (0.122) data 0.096 (0.075) loss 0.0258 (0.0549) acc 100.0000 (99.3750) lr 1.8443e-03 eta 0:01:39
epoch [38/200] batch [5/5] time 0.049 (0.126) data 0.000 (0.078) loss 0.0191 (0.0660) acc 100.0000 (98.1250) lr 1.8358e-03 eta 0:01:41
epoch [39/200] batch [5/5] time 0.078 (0.111) data 0.031 (0.064) loss 0.0316 (0.0242) acc 100.0000 (100.0000) lr 1.8271e-03 eta 0:01:29
epoch [40/200] batch [5/5] time 0.193 (0.143) data 0.144 (0.095) loss 0.0313 (0.0367) acc 100.0000 (99.3750) lr 1.8181e-03 eta 0:01:54
epoch [41/200] batch [5/5] time 0.249 (0.145) data 0.200 (0.096) loss 0.0272 (0.0496) acc 100.0000 (98.7500) lr 1.8090e-03 eta 0:01:54
epoch [42/200] batch [5/5] time 0.160 (0.127) data 0.111 (0.080) loss 0.0215 (0.0298) acc 100.0000 (100.0000) lr 1.7997e-03 eta 0:01:40
epoch [43/200] batch [5/5] time 0.130 (0.124) data 0.082 (0.076) loss 0.0338 (0.0410) acc 100.0000 (100.0000) lr 1.7902e-03 eta 0:01:37
epoch [44/200] batch [5/5] time 0.124 (0.119) data 0.075 (0.072) loss 0.0128 (0.0201) acc 100.0000 (99.3750) lr 1.7804e-03 eta 0:01:32
epoch [45/200] batch [5/5] time 0.114 (0.115) data 0.066 (0.067) loss 0.0144 (0.0555) acc 100.0000 (98.7500) lr 1.7705e-03 eta 0:01:29
epoch [46/200] batch [5/5] time 0.151 (0.124) data 0.105 (0.077) loss 0.0069 (0.0491) acc 100.0000 (98.7500) lr 1.7604e-03 eta 0:01:35
epoch [47/200] batch [5/5] time 0.130 (0.120) data 0.085 (0.073) loss 0.0144 (0.0524) acc 100.0000 (98.1250) lr 1.7501e-03 eta 0:01:31
epoch [48/200] batch [5/5] time 0.121 (0.118) data 0.073 (0.071) loss 0.1810 (0.0872) acc 96.8750 (98.1250) lr 1.7396e-03 eta 0:01:29
epoch [49/200] batch [5/5] time 0.047 (0.115) data 0.000 (0.068) loss 0.1135 (0.0429) acc 96.8750 (99.3750) lr 1.7290e-03 eta 0:01:27
epoch [50/200] batch [5/5] time 0.115 (0.121) data 0.070 (0.074) loss 0.0416 (0.0291) acc 100.0000 (99.3750) lr 1.7181e-03 eta 0:01:30
epoch [51/200] batch [5/5] time 0.049 (0.102) data 0.000 (0.054) loss 0.0314 (0.0252) acc 100.0000 (100.0000) lr 1.7071e-03 eta 0:01:16
epoch [52/200] batch [5/5] time 0.049 (0.114) data 0.000 (0.065) loss 0.0141 (0.0184) acc 100.0000 (100.0000) lr 1.6959e-03 eta 0:01:24
epoch [53/200] batch [5/5] time 0.048 (0.109) data 0.000 (0.061) loss 0.0621 (0.0329) acc 100.0000 (100.0000) lr 1.6845e-03 eta 0:01:19
epoch [54/200] batch [5/5] time 0.046 (0.106) data 0.000 (0.059) loss 0.0290 (0.0525) acc 100.0000 (98.7500) lr 1.6730e-03 eta 0:01:17
epoch [55/200] batch [5/5] time 0.049 (0.106) data 0.000 (0.057) loss 0.0276 (0.0406) acc 100.0000 (99.3750) lr 1.6613e-03 eta 0:01:17
epoch [56/200] batch [5/5] time 0.047 (0.109) data 0.000 (0.062) loss 0.0590 (0.0254) acc 96.8750 (99.3750) lr 1.6494e-03 eta 0:01:18
epoch [57/200] batch [5/5] time 0.046 (0.101) data 0.000 (0.054) loss 0.0564 (0.0336) acc 100.0000 (100.0000) lr 1.6374e-03 eta 0:01:12
epoch [58/200] batch [5/5] time 0.048 (0.103) data 0.000 (0.054) loss 0.0370 (0.0297) acc 100.0000 (100.0000) lr 1.6252e-03 eta 0:01:12
epoch [59/200] batch [5/5] time 0.049 (0.107) data 0.000 (0.059) loss 0.0080 (0.0307) acc 100.0000 (99.3750) lr 1.6129e-03 eta 0:01:15
epoch [60/200] batch [5/5] time 0.048 (0.105) data 0.000 (0.057) loss 0.0997 (0.0380) acc 93.7500 (98.7500) lr 1.6004e-03 eta 0:01:13
epoch [61/200] batch [5/5] time 0.047 (0.115) data 0.000 (0.066) loss 0.0220 (0.0170) acc 100.0000 (100.0000) lr 1.5878e-03 eta 0:01:19
epoch [62/200] batch [5/5] time 0.049 (0.107) data 0.000 (0.059) loss 0.0139 (0.0248) acc 100.0000 (100.0000) lr 1.5750e-03 eta 0:01:14
epoch [63/200] batch [5/5] time 0.049 (0.109) data 0.000 (0.061) loss 0.0135 (0.0181) acc 100.0000 (100.0000) lr 1.5621e-03 eta 0:01:14
epoch [64/200] batch [5/5] time 0.046 (0.104) data 0.000 (0.055) loss 0.0656 (0.0402) acc 96.8750 (98.7500) lr 1.5490e-03 eta 0:01:10
epoch [65/200] batch [5/5] time 0.048 (0.105) data 0.000 (0.058) loss 0.0094 (0.0187) acc 100.0000 (99.3750) lr 1.5358e-03 eta 0:01:11
epoch [66/200] batch [5/5] time 0.047 (0.106) data 0.000 (0.058) loss 0.0171 (0.0141) acc 100.0000 (100.0000) lr 1.5225e-03 eta 0:01:11
epoch [67/200] batch [5/5] time 0.049 (0.106) data 0.000 (0.058) loss 0.0070 (0.0125) acc 100.0000 (100.0000) lr 1.5090e-03 eta 0:01:10
epoch [68/200] batch [5/5] time 0.048 (0.105) data 0.000 (0.058) loss 0.0085 (0.0129) acc 100.0000 (100.0000) lr 1.4955e-03 eta 0:01:09
