JOB_ID: 351247_2

pwd:
/home/jin749/Projects/coop_concept

which python:
/home/jin749/miniconda3/envs/coop/bin/python

Setting fixed seed: 1
***************
** Arguments **
***************
backbone: 
config_file: configs/trainers/CoOp/vit_b32.yaml
dataset_config_file: configs/datasets/dtd.yaml
eval_only: False
head: 
load_epoch: None
model_dir: 
no_train: False
opts: ['TRAINER.COOP.N_CTX', '16', 'TRAINER.COOP.CSC', 'True', 'TRAINER.COOP.CLASS_TOKEN_POSITION', 'end', 'DATASET.NUM_SHOTS', '2']
output_dir: output/dtd/CoOp/vit_b32_2shots/nctx16_cscTrue_ctpend/seed1
resume: 
root: /home/jin749/DATA
seed: 1
source_domains: None
target_domains: None
trainer: CoOp
transforms: None
************
** Config **
************
DATALOADER:
  K_TRANSFORMS: 1
  NUM_WORKERS: 8
  RETURN_IMG0: False
  TEST:
    BATCH_SIZE: 100
    SAMPLER: SequentialSampler
  TRAIN_U:
    BATCH_SIZE: 32
    N_DOMAIN: 0
    N_INS: 16
    SAME_AS_X: True
    SAMPLER: RandomSampler
  TRAIN_X:
    BATCH_SIZE: 32
    N_DOMAIN: 0
    N_INS: 16
    SAMPLER: RandomSampler
DATASET:
  ALL_AS_UNLABELED: False
  CIFAR_C_LEVEL: 1
  CIFAR_C_TYPE: 
  NAME: DescribableTextures
  NUM_LABELED: -1
  NUM_SHOTS: 2
  ROOT: /home/jin749/DATA
  SOURCE_DOMAINS: ()
  STL10_FOLD: -1
  SUBSAMPLE_CLASSES: all
  TARGET_DOMAINS: ()
  VAL_PERCENT: 0.1
INPUT:
  COLORJITTER_B: 0.4
  COLORJITTER_C: 0.4
  COLORJITTER_H: 0.1
  COLORJITTER_S: 0.4
  CROP_PADDING: 4
  CUTOUT_LEN: 16
  CUTOUT_N: 1
  GB_K: 21
  GB_P: 0.5
  GN_MEAN: 0.0
  GN_STD: 0.15
  INTERPOLATION: bicubic
  NO_TRANSFORM: False
  PIXEL_MEAN: [0.48145466, 0.4578275, 0.40821073]
  PIXEL_STD: [0.26862954, 0.26130258, 0.27577711]
  RANDAUGMENT_M: 10
  RANDAUGMENT_N: 2
  RGS_P: 0.2
  RRCROP_SCALE: (0.08, 1.0)
  SIZE: (224, 224)
  TRANSFORMS: ('random_resized_crop', 'random_flip', 'normalize')
MODEL:
  BACKBONE:
    NAME: ViT-B/32
    PRETRAINED: True
  HEAD:
    ACTIVATION: relu
    BN: True
    DROPOUT: 0.0
    HIDDEN_LAYERS: ()
    NAME: 
  INIT_WEIGHTS: 
OPTIM:
  ADAM_BETA1: 0.9
  ADAM_BETA2: 0.999
  BASE_LR_MULT: 0.1
  GAMMA: 0.1
  LR: 0.002
  LR_SCHEDULER: cosine
  MAX_EPOCH: 200
  MOMENTUM: 0.9
  NAME: sgd
  NEW_LAYERS: ()
  RMSPROP_ALPHA: 0.99
  SGD_DAMPNING: 0
  SGD_NESTEROV: False
  STAGED_LR: False
  STEPSIZE: (-1,)
  WARMUP_CONS_LR: 1e-05
  WARMUP_EPOCH: 1
  WARMUP_MIN_LR: 1e-05
  WARMUP_RECOUNT: True
  WARMUP_TYPE: constant
  WEIGHT_DECAY: 0.0005
OUTPUT_DIR: output/dtd/CoOp/vit_b32_2shots/nctx16_cscTrue_ctpend/seed1
RESUME: 
SEED: 1
TEST:
  COMPUTE_CMAT: False
  EVALUATOR: Classification
  FINAL_MODEL: last_step
  NO_TEST: False
  PER_CLASS_RESULT: False
  SPLIT: test
TRAIN:
  CHECKPOINT_FREQ: 0
  COUNT_ITER: train_x
  PRINT_FREQ: 5
TRAINER:
  CDAC:
    CLASS_LR_MULTI: 10
    P_THRESH: 0.95
    RAMPUP_COEF: 30
    RAMPUP_ITRS: 1000
    STRONG_TRANSFORMS: ()
    TOPK_MATCH: 5
  COCOOP:
    CTX_INIT: 
    N_CTX: 16
    PREC: fp16
  COOP:
    CLASS_TOKEN_POSITION: end
    CSC: True
    CTX_INIT: 
    N_CTX: 16
    PREC: fp16
  CROSSGRAD:
    ALPHA_D: 0.5
    ALPHA_F: 0.5
    EPS_D: 1.0
    EPS_F: 1.0
  DAEL:
    CONF_THRE: 0.95
    STRONG_TRANSFORMS: ()
    WEIGHT_U: 0.5
  DAELDG:
    CONF_THRE: 0.95
    STRONG_TRANSFORMS: ()
    WEIGHT_U: 0.5
  DDAIG:
    ALPHA: 0.5
    CLAMP: False
    CLAMP_MAX: 1.0
    CLAMP_MIN: -1.0
    G_ARCH: 
    LMDA: 0.3
    WARMUP: 0
  DOMAINMIX:
    ALPHA: 1.0
    BETA: 1.0
    TYPE: crossdomain
  ENTMIN:
    LMDA: 0.001
  FIXMATCH:
    CONF_THRE: 0.95
    STRONG_TRANSFORMS: ()
    WEIGHT_U: 1.0
  M3SDA:
    LMDA: 0.5
    N_STEP_F: 4
  MCD:
    N_STEP_F: 4
  MEANTEACHER:
    EMA_ALPHA: 0.999
    RAMPUP: 5
    WEIGHT_U: 1.0
  MIXMATCH:
    MIXUP_BETA: 0.75
    RAMPUP: 20000
    TEMP: 2.0
    WEIGHT_U: 100.0
  MME:
    LMDA: 0.1
  NAME: CoOp
  SE:
    CONF_THRE: 0.95
    EMA_ALPHA: 0.999
    RAMPUP: 300
USE_CUDA: True
VERBOSE: True
VERSION: 1
Collecting env info ...
** System info **
PyTorch version: 1.13.1+cu116
Is debug build: False
CUDA used to build PyTorch: 11.6
ROCM used to build PyTorch: N/A

OS: linux (x86_64)
GCC version: (GCC) 12.2.0
Clang version: Could not collect
CMake version: version 3.24.2
Libc version: glibc-2.28

Python version: 3.8.19 (default, Mar 20 2024, 19:58:24)  [GCC 11.2.0] (64-bit runtime)
Python platform: Linux-4.18.0-425.3.1.el8.x86_64-x86_64-with-glibc2.17
Is CUDA available: True
CUDA runtime version: 11.8.89
CUDA_MODULE_LOADING set to: LAZY
GPU models and configuration: GPU 0: NVIDIA RTX A5000
Nvidia driver version: 530.30.02
cuDNN version: Could not collect
HIP runtime version: N/A
MIOpen runtime version: N/A
Is XNNPACK available: True

Versions of relevant libraries:
[pip3] numpy==1.24.4
[pip3] torch==1.13.1+cu116
[pip3] torchaudio==0.13.1+cu116
[pip3] torchvision==0.14.1+cu116
[conda] numpy                     1.24.4                   pypi_0    pypi
[conda] torch                     1.13.1+cu116             pypi_0    pypi
[conda] torchaudio                0.13.1+cu116             pypi_0    pypi
[conda] torchvision               0.14.1+cu116             pypi_0    pypi
        Pillow (10.4.0)

Loading trainer: CoOp
Loading dataset: DescribableTextures
Reading split from /home/jin749/DATA/dtd/split_zhou_DescribableTextures.json
Creating a 2-shot dataset
Creating a 2-shot dataset
Saving preprocessed few-shot data to /home/jin749/DATA/dtd/split_fewshot/shot_2-seed_1.pkl
Building transform_train
+ random resized crop (size=(224, 224), scale=(0.08, 1.0))
+ random flip
+ to torch tensor of range [0, 1]
+ normalization (mean=[0.48145466, 0.4578275, 0.40821073], std=[0.26862954, 0.26130258, 0.27577711])
Building transform_test
+ resize the smaller edge to 224
+ 224x224 center crop
+ to torch tensor of range [0, 1]
+ normalization (mean=[0.48145466, 0.4578275, 0.40821073], std=[0.26862954, 0.26130258, 0.27577711])
---------  -------------------
Dataset    DescribableTextures
# classes  47
# train_x  94
# val      94
# test     1,692
---------  -------------------
Loading CLIP (backbone: ViT-B/32)
Building custom CLIP
Initializing class-specific contexts
Initial context: "X X X X X X X X X X X X X X X X"
Number of context words (tokens): 16
[343, 343, 343, 343, 343, 343, 343, 343, 343, 343, 343, 343, 343, 343, 343, 343, 37804, 1448, 791, 287, 287, 287, 287, 7447, 267, 287, 287, 287, 287, 7858, 267, 287, 287, 287, 287, 11886, 2079, 267, 537, 287, 287, 287, 287, 5389, 269]
[343, 343, 343, 343, 343, 343, 343, 343, 343, 343, 343, 343, 343, 343, 343, 343, 1204, 83, 8096, 1448, 791, 287, 287, 287, 287, 7744, 267, 287, 287, 287, 287, 5389, 267, 287, 287, 287, 287, 16505, 267, 537, 287, 287, 287, 287, 3958, 269]
[343, 343, 343, 343, 343, 343, 343, 343, 343, 343, 343, 343, 343, 343, 343, 343, 39997, 1448, 791, 287, 287, 287, 287, 18411, 646, 267, 287, 287, 287, 287, 7118, 267, 287, 287, 287, 287, 7447, 267, 537, 287, 287, 287, 287, 1006, 19978, 269]
[343, 343, 343, 343, 343, 343, 343, 343, 343, 343, 343, 343, 343, 343, 343, 343, 31034, 1448, 791, 287, 287, 287, 287, 21115, 267, 287, 287, 287, 287, 7744, 267, 287, 287, 287, 287, 7238, 267, 537, 287, 287, 287, 287, 3027, 269]
[343, 343, 343, 343, 343, 343, 343, 343, 343, 343, 343, 343, 343, 343, 343, 343, 9783, 344, 1448, 791, 287, 287, 287, 287, 7744, 267, 287, 287, 287, 287, 5429, 267, 287, 287, 287, 287, 2051, 267, 537, 287, 287, 287, 287, 11699, 1294, 269]
[343, 343, 343, 343, 343, 343, 343, 343, 343, 343, 343, 343, 343, 343, 343, 343, 983, 23210, 1448, 791, 287, 287, 287, 287, 7447, 267, 287, 287, 287, 287, 5389, 267, 287, 287, 287, 287, 3418, 267, 537, 287, 287, 287, 287, 26972, 269]
[343, 343, 343, 343, 343, 343, 343, 343, 343, 343, 343, 343, 343, 343, 343, 343, 20140, 598, 9077, 1448, 791, 287, 287, 287, 287, 7447, 267, 287, 287, 287, 287, 18411, 646, 267, 287, 287, 287, 287, 4448, 267, 537, 287, 287, 287, 287, 4526, 269]
[343, 343, 343, 343, 343, 343, 343, 343, 343, 343, 343, 343, 343, 343, 343, 343, 19826, 1448, 791, 287, 287, 287, 287, 7744, 267, 287, 287, 287, 287, 21426, 267, 287, 287, 287, 287, 10253, 267, 537, 287, 287, 287, 287, 19208, 269]
[343, 343, 343, 343, 343, 343, 343, 343, 343, 343, 343, 343, 343, 343, 343, 343, 16670, 12169, 2146, 1448, 791, 287, 287, 287, 287, 3418, 267, 287, 287, 287, 287, 9882, 267, 287, 287, 287, 287, 18417, 20107, 267, 537, 287, 287, 287, 287, 16505, 269]
[343, 343, 343, 343, 343, 343, 343, 343, 343, 343, 343, 343, 343, 343, 343, 343, 15891, 48182, 1448, 791, 287, 287, 287, 287, 7447, 267, 287, 287, 287, 287, 20938, 267, 287, 287, 287, 287, 7744, 267, 537, 287, 287, 287, 287, 5285, 269]
[343, 343, 343, 343, 343, 343, 343, 343, 343, 343, 343, 343, 343, 343, 343, 343, 47950, 1448, 791, 287, 287, 287, 287, 19019, 267, 287, 287, 287, 287, 588, 9442, 267, 287, 287, 287, 287, 3140, 267, 537, 287, 287, 287, 287, 7447, 269]
[343, 343, 343, 343, 343, 343, 343, 343, 343, 343, 343, 343, 343, 343, 343, 343, 701, 711, 879, 1448, 791, 287, 287, 287, 287, 1093, 267, 287, 287, 287, 287, 18411, 646, 267, 287, 287, 287, 287, 11884, 267, 537, 287, 287, 287, 287, 7744, 269]
[343, 343, 343, 343, 343, 343, 343, 343, 343, 343, 343, 343, 343, 343, 343, 343, 2428, 3441, 1448, 791, 287, 287, 287, 287, 6194, 267, 287, 287, 287, 287, 5389, 267, 287, 287, 287, 287, 7744, 267, 537, 287, 287, 287, 287, 11699, 1294, 269]
[343, 343, 343, 343, 343, 343, 343, 343, 343, 343, 343, 343, 343, 343, 343, 343, 33328, 912, 1448, 791, 287, 287, 287, 287, 7670, 267, 287, 287, 287, 287, 10484, 267, 287, 287, 287, 287, 3140, 267, 537, 287, 287, 287, 287, 3575, 269]
[343, 343, 343, 343, 343, 343, 343, 343, 343, 343, 343, 343, 343, 343, 343, 343, 936, 9532, 1448, 791, 287, 287, 287, 287, 11637, 267, 287, 287, 287, 287, 8161, 267, 287, 287, 287, 287, 3885, 1294, 267, 537, 287, 287, 287, 287, 16029, 269]
[343, 343, 343, 343, 343, 343, 343, 343, 343, 343, 343, 343, 343, 343, 343, 343, 5919, 2303, 1448, 791, 287, 287, 287, 287, 10033, 267, 287, 287, 287, 287, 2051, 267, 287, 287, 287, 287, 7238, 267, 537, 287, 287, 287, 287, 5421, 269]
[343, 343, 343, 343, 343, 343, 343, 343, 343, 343, 343, 343, 343, 343, 343, 343, 9882, 1448, 791, 287, 287, 287, 287, 7447, 267, 287, 287, 287, 287, 3418, 267, 287, 287, 287, 287, 588, 9442, 267, 537, 287, 287, 287, 287, 3140, 269]
[343, 343, 343, 343, 343, 343, 343, 343, 343, 343, 343, 343, 343, 343, 343, 343, 9015, 1102, 1448, 791, 287, 287, 287, 287, 3418, 267, 287, 287, 287, 287, 7447, 267, 287, 287, 287, 287, 7744, 267, 537, 287, 287, 287, 287, 16505, 269]
[343, 343, 343, 343, 343, 343, 343, 343, 343, 343, 343, 343, 343, 343, 343, 343, 9843, 610, 2722, 1448, 791, 287, 287, 287, 287, 7447, 267, 287, 287, 287, 287, 3140, 267, 287, 287, 287, 287, 7744, 267, 537, 287, 287, 287, 287, 6448, 269]
[343, 343, 343, 343, 343, 343, 343, 343, 343, 343, 343, 343, 343, 343, 343, 343, 1006, 36800, 1448, 791, 287, 287, 287, 287, 3418, 267, 287, 287, 287, 287, 1006, 20061, 267, 287, 287, 287, 287, 18417, 20107, 267, 537, 287, 287, 287, 287, 5389, 269]
[343, 343, 343, 343, 343, 343, 343, 343, 343, 343, 343, 343, 343, 343, 343, 343, 28151, 1448, 791, 287, 287, 287, 287, 21625, 267, 287, 287, 287, 287, 5389, 267, 287, 287, 287, 287, 7238, 267, 537, 287, 287, 287, 287, 20479, 269]
[343, 343, 343, 343, 343, 343, 343, 343, 343, 343, 343, 343, 343, 343, 343, 343, 4477, 1018, 618, 1448, 791, 287, 287, 287, 287, 7447, 267, 287, 287, 287, 287, 8161, 267, 287, 287, 287, 287, 5389, 267, 537, 287, 287, 287, 287, 1483, 269]
[343, 343, 343, 343, 343, 343, 343, 343, 343, 343, 343, 343, 343, 343, 343, 343, 11842, 1448, 791, 287, 287, 287, 287, 3418, 267, 287, 287, 287, 287, 15377, 267, 287, 287, 287, 287, 5389, 267, 537, 287, 287, 287, 287, 18417, 20107, 269]
[343, 343, 343, 343, 343, 343, 343, 343, 343, 343, 343, 343, 343, 343, 343, 343, 675, 12006, 1448, 791, 287, 287, 287, 287, 7447, 267, 287, 287, 287, 287, 5389, 267, 287, 287, 287, 287, 7744, 267, 537, 287, 287, 287, 287, 16505, 269]
[343, 343, 343, 343, 343, 343, 343, 343, 343, 343, 343, 343, 343, 343, 343, 343, 905, 775, 1448, 791, 287, 287, 287, 287, 7447, 267, 287, 287, 287, 287, 7518, 267, 287, 287, 287, 287, 16505, 267, 537, 287, 287, 287, 287, 3780, 269]
[343, 343, 343, 343, 343, 343, 343, 343, 343, 343, 343, 343, 343, 343, 343, 343, 613, 1492, 1448, 791, 287, 287, 287, 287, 7447, 267, 287, 287, 287, 287, 15377, 267, 287, 287, 287, 287, 588, 9442, 267, 537, 287, 287, 287, 287, 1681, 269]
[343, 343, 343, 343, 343, 343, 343, 343, 343, 343, 343, 343, 343, 343, 343, 343, 22954, 1448, 791, 287, 287, 287, 287, 7447, 267, 287, 287, 287, 287, 5389, 267, 287, 287, 287, 287, 1681, 267, 537, 287, 287, 287, 287, 6448, 269]
[343, 343, 343, 343, 343, 343, 343, 343, 343, 343, 343, 343, 343, 343, 343, 343, 2311, 943, 1448, 791, 287, 287, 287, 287, 11266, 267, 287, 287, 287, 287, 7744, 267, 287, 287, 287, 287, 7447, 267, 537, 287, 287, 287, 287, 7238, 269]
[343, 343, 343, 343, 343, 343, 343, 343, 343, 343, 343, 343, 343, 343, 343, 343, 2946, 775, 1448, 791, 287, 287, 287, 287, 7107, 4137, 267, 287, 287, 287, 287, 7744, 267, 287, 287, 287, 287, 3958, 267, 537, 287, 287, 287, 287, 11699, 1294, 269]
[343, 343, 343, 343, 343, 343, 343, 343, 343, 343, 343, 343, 343, 343, 343, 343, 926, 943, 1448, 791, 287, 287, 287, 287, 24266, 267, 287, 287, 287, 287, 10033, 267, 287, 287, 287, 287, 7744, 267, 537, 287, 287, 287, 287, 7238, 269]
[343, 343, 343, 343, 343, 343, 343, 343, 343, 343, 343, 343, 343, 343, 343, 343, 29476, 268, 47950, 1448, 791, 287, 287, 287, 287, 19019, 267, 287, 287, 287, 287, 588, 9442, 267, 287, 287, 287, 287, 5994, 267, 537, 287, 287, 287, 287, 3140, 269]
[343, 343, 343, 343, 343, 343, 343, 343, 343, 343, 343, 343, 343, 343, 343, 343, 817, 879, 1448, 791, 287, 287, 287, 287, 11266, 267, 287, 287, 287, 287, 7744, 267, 287, 287, 287, 287, 5429, 267, 537, 287, 287, 287, 287, 16505, 269]
[343, 343, 343, 343, 343, 343, 343, 343, 343, 343, 343, 343, 343, 343, 343, 343, 628, 1325, 912, 1448, 791, 287, 287, 287, 287, 11266, 267, 287, 287, 287, 287, 7744, 267, 287, 287, 287, 287, 6448, 267, 537, 287, 287, 287, 287, 19208, 269]
[343, 343, 343, 343, 343, 343, 343, 343, 343, 343, 343, 343, 343, 343, 343, 343, 10859, 344, 1448, 791, 287, 287, 287, 287, 11485, 267, 287, 287, 287, 287, 7744, 267, 287, 287, 287, 287, 3958, 267, 537, 287, 287, 287, 287, 664, 881, 269]
[343, 343, 343, 343, 343, 343, 343, 343, 343, 343, 343, 343, 343, 343, 343, 343, 11758, 5369, 1448, 791, 287, 287, 287, 287, 7238, 267, 287, 287, 287, 287, 5389, 267, 287, 287, 287, 287, 42092, 267, 537, 287, 287, 287, 287, 12102, 81, 1463, 269]
[343, 343, 343, 343, 343, 343, 343, 343, 343, 343, 343, 343, 343, 343, 343, 343, 3745, 7379, 1448, 791, 287, 287, 287, 287, 7447, 267, 287, 287, 287, 287, 22814, 267, 287, 287, 287, 287, 7744, 267, 537, 287, 287, 287, 287, 3958, 269]
[343, 343, 343, 343, 343, 343, 343, 343, 343, 343, 343, 343, 343, 343, 343, 343, 15817, 912, 1448, 791, 287, 287, 287, 287, 19019, 267, 287, 287, 287, 287, 588, 9442, 267, 287, 287, 287, 287, 5389, 267, 537, 287, 287, 287, 287, 38792, 269]
[343, 343, 343, 343, 343, 343, 343, 343, 343, 343, 343, 343, 343, 343, 343, 343, 13751, 1448, 791, 287, 287, 287, 287, 2445, 267, 287, 287, 287, 287, 7744, 267, 287, 287, 287, 287, 3140, 267, 537, 287, 287, 287, 287, 16505, 269]
[343, 343, 343, 343, 343, 343, 343, 343, 343, 343, 343, 343, 343, 343, 343, 343, 807, 591, 2853, 1448, 791, 287, 287, 287, 287, 15900, 267, 287, 287, 287, 287, 7118, 267, 287, 287, 287, 287, 18417, 20107, 267, 537, 287, 287, 287, 287, 5389, 269]
[343, 343, 343, 343, 343, 343, 343, 343, 343, 343, 343, 343, 343, 343, 343, 343, 22192, 1448, 791, 287, 287, 287, 287, 7858, 267, 287, 287, 287, 287, 7447, 267, 287, 287, 287, 287, 16440, 267, 537, 287, 287, 287, 287, 11886, 2079, 269]
[343, 343, 343, 343, 343, 343, 343, 343, 343, 343, 343, 343, 343, 343, 343, 343, 29153, 1448, 791, 287, 287, 287, 287, 21115, 267, 287, 287, 287, 287, 588, 9442, 267, 287, 287, 287, 287, 7447, 267, 537, 287, 287, 287, 287, 5389, 269]
[343, 343, 343, 343, 343, 343, 343, 343, 343, 343, 343, 343, 343, 343, 343, 343, 1220, 582, 597, 1448, 791, 287, 287, 287, 287, 7447, 267, 287, 287, 287, 287, 7744, 267, 287, 287, 287, 287, 3140, 267, 537, 287, 287, 287, 287, 22014, 269]
[343, 343, 343, 343, 343, 343, 343, 343, 343, 343, 343, 343, 343, 343, 343, 343, 673, 2038, 1448, 791, 287, 287, 287, 287, 7447, 267, 287, 287, 287, 287, 3418, 267, 287, 287, 287, 287, 18501, 267, 537, 287, 287, 287, 287, 7238, 269]
[343, 343, 343, 343, 343, 343, 343, 343, 343, 343, 343, 343, 343, 343, 343, 343, 13940, 912, 1448, 791, 287, 287, 287, 287, 3418, 267, 287, 287, 287, 287, 7238, 267, 287, 287, 287, 287, 16505, 267, 537, 287, 287, 287, 287, 7744, 269]
[343, 343, 343, 343, 343, 343, 343, 343, 343, 343, 343, 343, 343, 343, 343, 343, 19830, 1448, 791, 287, 287, 287, 287, 3418, 267, 287, 287, 287, 287, 7447, 267, 287, 287, 287, 287, 10033, 267, 537, 287, 287, 287, 287, 22450, 269]
[343, 343, 343, 343, 343, 343, 343, 343, 343, 343, 343, 343, 343, 343, 343, 343, 22201, 912, 1448, 791, 287, 287, 287, 287, 21115, 267, 287, 287, 287, 287, 512, 3593, 986, 267, 287, 287, 287, 287, 7447, 267, 537, 287, 287, 287, 287, 7238, 269]
[343, 343, 343, 343, 343, 343, 343, 343, 343, 343, 343, 343, 343, 343, 343, 343, 15950, 26091, 3480, 1448, 791, 287, 287, 287, 287, 7447, 267, 287, 287, 287, 287, 18627, 267, 287, 287, 287, 287, 3418, 267, 537, 287, 287, 287, 287, 2650, 269]
Turning off gradients in both the image and the text encoder
Loading evaluator: Classification
No checkpoint found, train from scratch
Initialize tensorboard (log_dir=output/dtd/CoOp/vit_b32_2shots/nctx16_cscTrue_ctpend/seed1/tensorboard)
/home/jin749/Projects/coop_concept/clip/clip.py:23: UserWarning: PyTorch version 1.7.1 or higher is recommended
  warnings.warn("PyTorch version 1.7.1 or higher is recommended")
epoch [1/200] batch [1/2] time 5.565 (5.565) data 2.827 (2.827) loss 5.2227 (5.2227) acc 6.2500 (6.2500) lr 1.0000e-05 eta 0:37:00
epoch [1/200] batch [2/2] time 0.054 (2.810) data 0.000 (1.414) loss 4.2070 (4.7148) acc 3.1250 (4.6875) lr 2.0000e-03 eta 0:18:38
epoch [2/200] batch [1/2] time 0.847 (0.847) data 0.791 (0.791) loss 4.2695 (4.2695) acc 12.5000 (12.5000) lr 2.0000e-03 eta 0:05:36
epoch [2/200] batch [2/2] time 0.055 (0.451) data 0.000 (0.396) loss 4.4102 (4.3398) acc 12.5000 (12.5000) lr 1.9999e-03 eta 0:02:58
epoch [3/200] batch [1/2] time 0.622 (0.622) data 0.567 (0.567) loss 3.2852 (3.2852) acc 18.7500 (18.7500) lr 1.9999e-03 eta 0:04:05
epoch [3/200] batch [2/2] time 0.052 (0.337) data 0.000 (0.284) loss 3.0840 (3.1846) acc 25.0000 (21.8750) lr 1.9995e-03 eta 0:02:12
epoch [4/200] batch [1/2] time 0.882 (0.882) data 0.827 (0.827) loss 2.2715 (2.2715) acc 46.8750 (46.8750) lr 1.9995e-03 eta 0:05:46
epoch [4/200] batch [2/2] time 0.055 (0.468) data 0.000 (0.414) loss 2.0781 (2.1748) acc 50.0000 (48.4375) lr 1.9989e-03 eta 0:03:03
epoch [5/200] batch [1/2] time 0.522 (0.522) data 0.463 (0.463) loss 1.9834 (1.9834) acc 53.1250 (53.1250) lr 1.9989e-03 eta 0:03:24
epoch [5/200] batch [2/2] time 0.053 (0.288) data 0.000 (0.232) loss 1.7197 (1.8516) acc 59.3750 (56.2500) lr 1.9980e-03 eta 0:01:52
epoch [6/200] batch [1/2] time 0.501 (0.501) data 0.444 (0.444) loss 1.4492 (1.4492) acc 65.6250 (65.6250) lr 1.9980e-03 eta 0:03:15
epoch [6/200] batch [2/2] time 0.053 (0.277) data 0.000 (0.222) loss 1.6201 (1.5347) acc 59.3750 (62.5000) lr 1.9969e-03 eta 0:01:47
epoch [7/200] batch [1/2] time 0.503 (0.503) data 0.447 (0.447) loss 1.1240 (1.1240) acc 75.0000 (75.0000) lr 1.9969e-03 eta 0:03:14
epoch [7/200] batch [2/2] time 0.055 (0.279) data 0.000 (0.224) loss 1.2656 (1.1948) acc 62.5000 (68.7500) lr 1.9956e-03 eta 0:01:47
epoch [8/200] batch [1/2] time 1.302 (1.302) data 1.246 (1.246) loss 0.7632 (0.7632) acc 81.2500 (81.2500) lr 1.9956e-03 eta 0:08:21
epoch [8/200] batch [2/2] time 0.051 (0.677) data 0.000 (0.623) loss 0.6899 (0.7266) acc 90.6250 (85.9375) lr 1.9940e-03 eta 0:04:19
epoch [9/200] batch [1/2] time 1.454 (1.454) data 1.397 (1.397) loss 0.5713 (0.5713) acc 87.5000 (87.5000) lr 1.9940e-03 eta 0:09:16
epoch [9/200] batch [2/2] time 0.147 (0.800) data 0.092 (0.744) loss 0.5913 (0.5813) acc 87.5000 (87.5000) lr 1.9921e-03 eta 0:05:05
epoch [10/200] batch [1/2] time 0.877 (0.877) data 0.820 (0.820) loss 0.3911 (0.3911) acc 90.6250 (90.6250) lr 1.9921e-03 eta 0:05:34
epoch [10/200] batch [2/2] time 0.053 (0.465) data 0.000 (0.410) loss 0.4170 (0.4041) acc 93.7500 (92.1875) lr 1.9900e-03 eta 0:02:56
epoch [11/200] batch [1/2] time 0.699 (0.699) data 0.643 (0.643) loss 0.3069 (0.3069) acc 96.8750 (96.8750) lr 1.9900e-03 eta 0:04:24
epoch [11/200] batch [2/2] time 0.052 (0.376) data 0.000 (0.322) loss 0.3896 (0.3483) acc 90.6250 (93.7500) lr 1.9877e-03 eta 0:02:21
epoch [12/200] batch [1/2] time 0.639 (0.639) data 0.584 (0.584) loss 0.3638 (0.3638) acc 96.8750 (96.8750) lr 1.9877e-03 eta 0:04:01
epoch [12/200] batch [2/2] time 0.052 (0.345) data 0.000 (0.292) loss 0.1906 (0.2772) acc 93.7500 (95.3125) lr 1.9851e-03 eta 0:02:09
epoch [13/200] batch [1/2] time 0.524 (0.524) data 0.468 (0.468) loss 0.2413 (0.2413) acc 96.8750 (96.8750) lr 1.9851e-03 eta 0:03:16
epoch [13/200] batch [2/2] time 0.057 (0.290) data 0.000 (0.234) loss 0.1379 (0.1896) acc 100.0000 (98.4375) lr 1.9823e-03 eta 0:01:48
epoch [14/200] batch [1/2] time 0.931 (0.931) data 0.877 (0.877) loss 0.2017 (0.2017) acc 93.7500 (93.7500) lr 1.9823e-03 eta 0:05:47
epoch [14/200] batch [2/2] time 0.054 (0.493) data 0.000 (0.439) loss 0.3552 (0.2784) acc 93.7500 (93.7500) lr 1.9792e-03 eta 0:03:03
epoch [15/200] batch [1/2] time 0.474 (0.474) data 0.419 (0.419) loss 0.1108 (0.1108) acc 100.0000 (100.0000) lr 1.9792e-03 eta 0:02:55
epoch [15/200] batch [2/2] time 0.053 (0.264) data 0.000 (0.210) loss 0.1248 (0.1178) acc 96.8750 (98.4375) lr 1.9759e-03 eta 0:01:37
epoch [16/200] batch [1/2] time 0.459 (0.459) data 0.402 (0.402) loss 0.1207 (0.1207) acc 100.0000 (100.0000) lr 1.9759e-03 eta 0:02:49
epoch [16/200] batch [2/2] time 0.053 (0.256) data 0.000 (0.201) loss 0.1781 (0.1494) acc 96.8750 (98.4375) lr 1.9724e-03 eta 0:01:34
epoch [17/200] batch [1/2] time 0.442 (0.442) data 0.388 (0.388) loss 0.0657 (0.0657) acc 100.0000 (100.0000) lr 1.9724e-03 eta 0:02:42
epoch [17/200] batch [2/2] time 0.054 (0.248) data 0.000 (0.194) loss 0.0945 (0.0801) acc 100.0000 (100.0000) lr 1.9686e-03 eta 0:01:30
epoch [18/200] batch [1/2] time 0.443 (0.443) data 0.384 (0.384) loss 0.1566 (0.1566) acc 100.0000 (100.0000) lr 1.9686e-03 eta 0:02:41
epoch [18/200] batch [2/2] time 0.053 (0.248) data 0.000 (0.192) loss 0.2159 (0.1863) acc 93.7500 (96.8750) lr 1.9646e-03 eta 0:01:30
epoch [19/200] batch [1/2] time 0.440 (0.440) data 0.382 (0.382) loss 0.1334 (0.1334) acc 96.8750 (96.8750) lr 1.9646e-03 eta 0:02:39
epoch [19/200] batch [2/2] time 0.053 (0.247) data 0.000 (0.191) loss 0.1063 (0.1198) acc 96.8750 (96.8750) lr 1.9603e-03 eta 0:01:29
epoch [20/200] batch [1/2] time 0.422 (0.422) data 0.364 (0.364) loss 0.1433 (0.1433) acc 100.0000 (100.0000) lr 1.9603e-03 eta 0:02:32
epoch [20/200] batch [2/2] time 0.054 (0.238) data 0.000 (0.182) loss 0.0625 (0.1029) acc 100.0000 (100.0000) lr 1.9558e-03 eta 0:01:25
epoch [21/200] batch [1/2] time 0.476 (0.476) data 0.422 (0.422) loss 0.0978 (0.0978) acc 100.0000 (100.0000) lr 1.9558e-03 eta 0:02:50
epoch [21/200] batch [2/2] time 0.053 (0.264) data 0.000 (0.211) loss 0.0845 (0.0912) acc 96.8750 (98.4375) lr 1.9511e-03 eta 0:01:34
epoch [22/200] batch [1/2] time 0.437 (0.437) data 0.378 (0.378) loss 0.0356 (0.0356) acc 100.0000 (100.0000) lr 1.9511e-03 eta 0:02:35
epoch [22/200] batch [2/2] time 0.056 (0.247) data 0.000 (0.189) loss 0.0960 (0.0658) acc 96.8750 (98.4375) lr 1.9461e-03 eta 0:01:27
epoch [23/200] batch [1/2] time 0.463 (0.463) data 0.406 (0.406) loss 0.0919 (0.0919) acc 100.0000 (100.0000) lr 1.9461e-03 eta 0:02:44
epoch [23/200] batch [2/2] time 0.052 (0.258) data 0.000 (0.203) loss 0.0356 (0.0638) acc 100.0000 (100.0000) lr 1.9409e-03 eta 0:01:31
epoch [24/200] batch [1/2] time 0.436 (0.436) data 0.382 (0.382) loss 0.3010 (0.3010) acc 90.6250 (90.6250) lr 1.9409e-03 eta 0:02:34
epoch [24/200] batch [2/2] time 0.052 (0.244) data 0.000 (0.191) loss 0.0939 (0.1975) acc 100.0000 (95.3125) lr 1.9354e-03 eta 0:01:25
epoch [25/200] batch [1/2] time 0.459 (0.459) data 0.402 (0.402) loss 0.0471 (0.0471) acc 100.0000 (100.0000) lr 1.9354e-03 eta 0:02:40
epoch [25/200] batch [2/2] time 0.053 (0.256) data 0.000 (0.201) loss 0.0936 (0.0703) acc 96.8750 (98.4375) lr 1.9298e-03 eta 0:01:29
epoch [26/200] batch [1/2] time 0.425 (0.425) data 0.369 (0.369) loss 0.0662 (0.0662) acc 96.8750 (96.8750) lr 1.9298e-03 eta 0:02:28
epoch [26/200] batch [2/2] time 0.054 (0.240) data 0.000 (0.184) loss 0.0696 (0.0679) acc 100.0000 (98.4375) lr 1.9239e-03 eta 0:01:23
epoch [27/200] batch [1/2] time 0.415 (0.415) data 0.360 (0.360) loss 0.0296 (0.0296) acc 100.0000 (100.0000) lr 1.9239e-03 eta 0:02:23
epoch [27/200] batch [2/2] time 0.051 (0.233) data 0.000 (0.180) loss 0.0554 (0.0425) acc 96.8750 (98.4375) lr 1.9178e-03 eta 0:01:20
epoch [28/200] batch [1/2] time 0.445 (0.445) data 0.393 (0.393) loss 0.0358 (0.0358) acc 100.0000 (100.0000) lr 1.9178e-03 eta 0:02:33
epoch [28/200] batch [2/2] time 0.053 (0.249) data 0.000 (0.197) loss 0.0416 (0.0387) acc 100.0000 (100.0000) lr 1.9114e-03 eta 0:01:25
epoch [29/200] batch [1/2] time 0.434 (0.434) data 0.378 (0.378) loss 0.0337 (0.0337) acc 100.0000 (100.0000) lr 1.9114e-03 eta 0:02:28
epoch [29/200] batch [2/2] time 0.052 (0.243) data 0.000 (0.189) loss 0.0785 (0.0561) acc 96.8750 (98.4375) lr 1.9048e-03 eta 0:01:23
epoch [30/200] batch [1/2] time 0.441 (0.441) data 0.384 (0.384) loss 0.0131 (0.0131) acc 100.0000 (100.0000) lr 1.9048e-03 eta 0:02:30
epoch [30/200] batch [2/2] time 0.051 (0.246) data 0.000 (0.192) loss 0.1051 (0.0591) acc 96.8750 (98.4375) lr 1.8980e-03 eta 0:01:23
epoch [31/200] batch [1/2] time 0.442 (0.442) data 0.389 (0.389) loss 0.0613 (0.0613) acc 96.8750 (96.8750) lr 1.8980e-03 eta 0:02:29
epoch [31/200] batch [2/2] time 0.053 (0.248) data 0.000 (0.194) loss 0.0552 (0.0583) acc 96.8750 (96.8750) lr 1.8910e-03 eta 0:01:23
epoch [32/200] batch [1/2] time 0.457 (0.457) data 0.400 (0.400) loss 0.0515 (0.0515) acc 100.0000 (100.0000) lr 1.8910e-03 eta 0:02:34
epoch [32/200] batch [2/2] time 0.052 (0.255) data 0.000 (0.200) loss 0.1072 (0.0793) acc 96.8750 (98.4375) lr 1.8838e-03 eta 0:01:25
epoch [33/200] batch [1/2] time 0.470 (0.470) data 0.412 (0.412) loss 0.0258 (0.0258) acc 100.0000 (100.0000) lr 1.8838e-03 eta 0:02:37
epoch [33/200] batch [2/2] time 0.053 (0.261) data 0.000 (0.206) loss 0.0218 (0.0238) acc 100.0000 (100.0000) lr 1.8763e-03 eta 0:01:27
epoch [34/200] batch [1/2] time 0.433 (0.433) data 0.379 (0.379) loss 0.0266 (0.0266) acc 100.0000 (100.0000) lr 1.8763e-03 eta 0:02:24
epoch [34/200] batch [2/2] time 0.054 (0.243) data 0.000 (0.190) loss 0.0969 (0.0617) acc 93.7500 (96.8750) lr 1.8686e-03 eta 0:01:20
epoch [35/200] batch [1/2] time 0.446 (0.446) data 0.385 (0.385) loss 0.0224 (0.0224) acc 100.0000 (100.0000) lr 1.8686e-03 eta 0:02:27
epoch [35/200] batch [2/2] time 0.055 (0.250) data 0.000 (0.193) loss 0.0464 (0.0344) acc 100.0000 (100.0000) lr 1.8607e-03 eta 0:01:22
epoch [36/200] batch [1/2] time 0.422 (0.422) data 0.366 (0.366) loss 0.0956 (0.0956) acc 96.8750 (96.8750) lr 1.8607e-03 eta 0:02:18
epoch [36/200] batch [2/2] time 0.051 (0.236) data 0.000 (0.183) loss 0.0388 (0.0672) acc 100.0000 (98.4375) lr 1.8526e-03 eta 0:01:17
epoch [37/200] batch [1/2] time 0.443 (0.443) data 0.383 (0.383) loss 0.0186 (0.0186) acc 100.0000 (100.0000) lr 1.8526e-03 eta 0:02:24
epoch [37/200] batch [2/2] time 0.054 (0.248) data 0.000 (0.192) loss 0.0175 (0.0181) acc 100.0000 (100.0000) lr 1.8443e-03 eta 0:01:20
epoch [38/200] batch [1/2] time 0.444 (0.444) data 0.387 (0.387) loss 0.0242 (0.0242) acc 100.0000 (100.0000) lr 1.8443e-03 eta 0:02:24
epoch [38/200] batch [2/2] time 0.056 (0.250) data 0.000 (0.194) loss 0.0267 (0.0254) acc 100.0000 (100.0000) lr 1.8358e-03 eta 0:01:21
epoch [39/200] batch [1/2] time 0.419 (0.419) data 0.363 (0.363) loss 0.0102 (0.0102) acc 100.0000 (100.0000) lr 1.8358e-03 eta 0:02:15
epoch [39/200] batch [2/2] time 0.053 (0.236) data 0.000 (0.182) loss 0.0173 (0.0138) acc 100.0000 (100.0000) lr 1.8271e-03 eta 0:01:15
epoch [40/200] batch [1/2] time 0.452 (0.452) data 0.398 (0.398) loss 0.0828 (0.0828) acc 100.0000 (100.0000) lr 1.8271e-03 eta 0:02:25
epoch [40/200] batch [2/2] time 0.053 (0.252) data 0.000 (0.199) loss 0.0078 (0.0453) acc 100.0000 (100.0000) lr 1.8181e-03 eta 0:01:20
epoch [41/200] batch [1/2] time 0.442 (0.442) data 0.388 (0.388) loss 0.0161 (0.0161) acc 100.0000 (100.0000) lr 1.8181e-03 eta 0:02:20
epoch [41/200] batch [2/2] time 0.053 (0.248) data 0.000 (0.194) loss 0.0062 (0.0112) acc 100.0000 (100.0000) lr 1.8090e-03 eta 0:01:18
epoch [42/200] batch [1/2] time 0.419 (0.419) data 0.365 (0.365) loss 0.1185 (0.1185) acc 93.7500 (93.7500) lr 1.8090e-03 eta 0:02:12
epoch [42/200] batch [2/2] time 0.054 (0.237) data 0.000 (0.182) loss 0.0435 (0.0810) acc 96.8750 (95.3125) lr 1.7997e-03 eta 0:01:14
epoch [43/200] batch [1/2] time 0.492 (0.492) data 0.435 (0.435) loss 0.0087 (0.0087) acc 100.0000 (100.0000) lr 1.7997e-03 eta 0:02:35
epoch [43/200] batch [2/2] time 0.053 (0.272) data 0.000 (0.217) loss 0.0226 (0.0156) acc 100.0000 (100.0000) lr 1.7902e-03 eta 0:01:25
epoch [44/200] batch [1/2] time 0.446 (0.446) data 0.390 (0.390) loss 0.0071 (0.0071) acc 100.0000 (100.0000) lr 1.7902e-03 eta 0:02:19
epoch [44/200] batch [2/2] time 0.053 (0.250) data 0.000 (0.195) loss 0.0088 (0.0080) acc 100.0000 (100.0000) lr 1.7804e-03 eta 0:01:17
epoch [45/200] batch [1/2] time 0.438 (0.438) data 0.383 (0.383) loss 0.0129 (0.0129) acc 100.0000 (100.0000) lr 1.7804e-03 eta 0:02:16
epoch [45/200] batch [2/2] time 0.054 (0.246) data 0.000 (0.192) loss 0.0248 (0.0189) acc 100.0000 (100.0000) lr 1.7705e-03 eta 0:01:16
epoch [46/200] batch [1/2] time 0.466 (0.466) data 0.411 (0.411) loss 0.0280 (0.0280) acc 100.0000 (100.0000) lr 1.7705e-03 eta 0:02:23
epoch [46/200] batch [2/2] time 0.051 (0.258) data 0.000 (0.206) loss 0.0138 (0.0209) acc 100.0000 (100.0000) lr 1.7604e-03 eta 0:01:19
epoch [47/200] batch [1/2] time 0.430 (0.430) data 0.375 (0.375) loss 0.0187 (0.0187) acc 100.0000 (100.0000) lr 1.7604e-03 eta 0:02:12
epoch [47/200] batch [2/2] time 0.050 (0.240) data 0.000 (0.188) loss 0.0177 (0.0182) acc 100.0000 (100.0000) lr 1.7501e-03 eta 0:01:13
epoch [48/200] batch [1/2] time 0.456 (0.456) data 0.402 (0.402) loss 0.0103 (0.0103) acc 100.0000 (100.0000) lr 1.7501e-03 eta 0:02:19
epoch [48/200] batch [2/2] time 0.054 (0.255) data 0.000 (0.201) loss 0.0115 (0.0109) acc 100.0000 (100.0000) lr 1.7396e-03 eta 0:01:17
epoch [49/200] batch [1/2] time 0.427 (0.427) data 0.370 (0.370) loss 0.0533 (0.0533) acc 96.8750 (96.8750) lr 1.7396e-03 eta 0:02:09
epoch [49/200] batch [2/2] time 0.051 (0.239) data 0.000 (0.185) loss 0.0080 (0.0307) acc 100.0000 (98.4375) lr 1.7290e-03 eta 0:01:12
epoch [50/200] batch [1/2] time 0.432 (0.432) data 0.381 (0.381) loss 0.0075 (0.0075) acc 100.0000 (100.0000) lr 1.7290e-03 eta 0:02:10
epoch [50/200] batch [2/2] time 0.052 (0.242) data 0.000 (0.190) loss 0.2249 (0.1162) acc 96.8750 (98.4375) lr 1.7181e-03 eta 0:01:12
epoch [51/200] batch [1/2] time 0.455 (0.455) data 0.400 (0.400) loss 0.0144 (0.0144) acc 100.0000 (100.0000) lr 1.7181e-03 eta 0:02:16
epoch [51/200] batch [2/2] time 0.052 (0.254) data 0.000 (0.200) loss 0.0118 (0.0131) acc 100.0000 (100.0000) lr 1.7071e-03 eta 0:01:15
epoch [52/200] batch [1/2] time 0.443 (0.443) data 0.386 (0.386) loss 0.0204 (0.0204) acc 100.0000 (100.0000) lr 1.7071e-03 eta 0:02:11
epoch [52/200] batch [2/2] time 0.053 (0.248) data 0.000 (0.193) loss 0.0151 (0.0177) acc 100.0000 (100.0000) lr 1.6959e-03 eta 0:01:13
epoch [53/200] batch [1/2] time 0.456 (0.456) data 0.400 (0.400) loss 0.0145 (0.0145) acc 100.0000 (100.0000) lr 1.6959e-03 eta 0:02:14
epoch [53/200] batch [2/2] time 0.052 (0.254) data 0.000 (0.200) loss 0.0057 (0.0101) acc 100.0000 (100.0000) lr 1.6845e-03 eta 0:01:14
epoch [54/200] batch [1/2] time 0.448 (0.448) data 0.394 (0.394) loss 0.0091 (0.0091) acc 100.0000 (100.0000) lr 1.6845e-03 eta 0:02:11
epoch [54/200] batch [2/2] time 0.051 (0.250) data 0.000 (0.197) loss 0.0149 (0.0120) acc 100.0000 (100.0000) lr 1.6730e-03 eta 0:01:12
epoch [55/200] batch [1/2] time 0.435 (0.435) data 0.379 (0.379) loss 0.0140 (0.0140) acc 100.0000 (100.0000) lr 1.6730e-03 eta 0:02:06
epoch [55/200] batch [2/2] time 0.055 (0.245) data 0.000 (0.190) loss 0.0124 (0.0132) acc 100.0000 (100.0000) lr 1.6613e-03 eta 0:01:11
epoch [56/200] batch [1/2] time 0.476 (0.476) data 0.420 (0.420) loss 0.0126 (0.0126) acc 100.0000 (100.0000) lr 1.6613e-03 eta 0:02:17
epoch [56/200] batch [2/2] time 0.051 (0.264) data 0.000 (0.210) loss 0.0045 (0.0086) acc 100.0000 (100.0000) lr 1.6494e-03 eta 0:01:15
epoch [57/200] batch [1/2] time 0.446 (0.446) data 0.387 (0.387) loss 0.0205 (0.0205) acc 100.0000 (100.0000) lr 1.6494e-03 eta 0:02:07
epoch [57/200] batch [2/2] time 0.052 (0.249) data 0.000 (0.194) loss 0.0099 (0.0152) acc 100.0000 (100.0000) lr 1.6374e-03 eta 0:01:11
epoch [58/200] batch [1/2] time 0.439 (0.439) data 0.382 (0.382) loss 0.0555 (0.0555) acc 96.8750 (96.8750) lr 1.6374e-03 eta 0:02:05
epoch [58/200] batch [2/2] time 0.053 (0.246) data 0.000 (0.191) loss 0.0084 (0.0319) acc 100.0000 (98.4375) lr 1.6252e-03 eta 0:01:09
epoch [59/200] batch [1/2] time 0.480 (0.480) data 0.421 (0.421) loss 0.0120 (0.0120) acc 100.0000 (100.0000) lr 1.6252e-03 eta 0:02:15
epoch [59/200] batch [2/2] time 0.056 (0.268) data 0.000 (0.211) loss 0.0444 (0.0282) acc 96.8750 (98.4375) lr 1.6129e-03 eta 0:01:15
epoch [60/200] batch [1/2] time 0.442 (0.442) data 0.391 (0.391) loss 0.0109 (0.0109) acc 100.0000 (100.0000) lr 1.6129e-03 eta 0:02:04
epoch [60/200] batch [2/2] time 0.052 (0.247) data 0.000 (0.195) loss 0.0326 (0.0217) acc 100.0000 (100.0000) lr 1.6004e-03 eta 0:01:09
epoch [61/200] batch [1/2] time 0.448 (0.448) data 0.391 (0.391) loss 0.0068 (0.0068) acc 100.0000 (100.0000) lr 1.6004e-03 eta 0:02:04
epoch [61/200] batch [2/2] time 0.054 (0.251) data 0.000 (0.196) loss 0.0151 (0.0109) acc 100.0000 (100.0000) lr 1.5878e-03 eta 0:01:09
epoch [62/200] batch [1/2] time 0.479 (0.479) data 0.421 (0.421) loss 0.0154 (0.0154) acc 100.0000 (100.0000) lr 1.5878e-03 eta 0:02:12
epoch [62/200] batch [2/2] time 0.056 (0.268) data 0.000 (0.210) loss 0.0091 (0.0122) acc 100.0000 (100.0000) lr 1.5750e-03 eta 0:01:13
epoch [63/200] batch [1/2] time 0.447 (0.447) data 0.392 (0.392) loss 0.0060 (0.0060) acc 100.0000 (100.0000) lr 1.5750e-03 eta 0:02:02
epoch [63/200] batch [2/2] time 0.053 (0.250) data 0.000 (0.196) loss 0.0048 (0.0054) acc 100.0000 (100.0000) lr 1.5621e-03 eta 0:01:08
epoch [64/200] batch [1/2] time 0.420 (0.420) data 0.363 (0.363) loss 0.0075 (0.0075) acc 100.0000 (100.0000) lr 1.5621e-03 eta 0:01:54
epoch [64/200] batch [2/2] time 0.055 (0.237) data 0.000 (0.181) loss 0.0080 (0.0078) acc 100.0000 (100.0000) lr 1.5490e-03 eta 0:01:04
epoch [65/200] batch [1/2] time 0.451 (0.451) data 0.393 (0.393) loss 0.0102 (0.0102) acc 100.0000 (100.0000) lr 1.5490e-03 eta 0:02:02
epoch [65/200] batch [2/2] time 0.053 (0.252) data 0.000 (0.197) loss 0.0095 (0.0098) acc 100.0000 (100.0000) lr 1.5358e-03 eta 0:01:08
epoch [66/200] batch [1/2] time 0.423 (0.423) data 0.368 (0.368) loss 0.0510 (0.0510) acc 96.8750 (96.8750) lr 1.5358e-03 eta 0:01:53
epoch [66/200] batch [2/2] time 0.050 (0.237) data 0.000 (0.184) loss 0.0094 (0.0302) acc 100.0000 (98.4375) lr 1.5225e-03 eta 0:01:03
epoch [67/200] batch [1/2] time 0.448 (0.448) data 0.394 (0.394) loss 0.0064 (0.0064) acc 100.0000 (100.0000) lr 1.5225e-03 eta 0:01:59
epoch [67/200] batch [2/2] time 0.056 (0.252) data 0.000 (0.197) loss 0.0137 (0.0101) acc 100.0000 (100.0000) lr 1.5090e-03 eta 0:01:07
epoch [68/200] batch [1/2] time 0.433 (0.433) data 0.378 (0.378) loss 0.0312 (0.0312) acc 100.0000 (100.0000) lr 1.5090e-03 eta 0:01:54
epoch [68/200] batch [2/2] time 0.053 (0.243) data 0.000 (0.189) loss 0.0051 (0.0182) acc 100.0000 (100.0000) lr 1.4955e-03 eta 0:01:04
epoch [69/200] batch [1/2] time 0.427 (0.427) data 0.372 (0.372) loss 0.0132 (0.0132) acc 100.0000 (100.0000) lr 1.4955e-03 eta 0:01:52
epoch [69/200] batch [2/2] time 0.050 (0.238) data 0.000 (0.186) loss 0.0097 (0.0115) acc 100.0000 (100.0000) lr 1.4818e-03 eta 0:01:02
epoch [70/200] batch [1/2] time 0.444 (0.444) data 0.389 (0.389) loss 0.0133 (0.0133) acc 100.0000 (100.0000) lr 1.4818e-03 eta 0:01:55
epoch [70/200] batch [2/2] time 0.054 (0.249) data 0.000 (0.194) loss 0.0737 (0.0435) acc 96.8750 (98.4375) lr 1.4679e-03 eta 0:01:04
epoch [71/200] batch [1/2] time 0.430 (0.430) data 0.371 (0.371) loss 0.0074 (0.0074) acc 100.0000 (100.0000) lr 1.4679e-03 eta 0:01:51
epoch [71/200] batch [2/2] time 0.054 (0.242) data 0.000 (0.186) loss 0.0148 (0.0111) acc 100.0000 (100.0000) lr 1.4540e-03 eta 0:01:02
epoch [72/200] batch [1/2] time 0.428 (0.428) data 0.370 (0.370) loss 0.0354 (0.0354) acc 100.0000 (100.0000) lr 1.4540e-03 eta 0:01:49
epoch [72/200] batch [2/2] time 0.052 (0.240) data 0.000 (0.185) loss 0.0172 (0.0263) acc 100.0000 (100.0000) lr 1.4399e-03 eta 0:01:01
