JOB_ID: 351249_4

pwd:
/home/jin749/Projects/coop_concept

which python:
/home/jin749/miniconda3/envs/coop/bin/python

Setting fixed seed: 1
***************
** Arguments **
***************
backbone: 
config_file: configs/trainers/CoOp/vit_b32.yaml
dataset_config_file: configs/datasets/dtd.yaml
eval_only: False
head: 
load_epoch: None
model_dir: 
no_train: False
opts: ['TRAINER.COOP.N_CTX', '16', 'TRAINER.COOP.CSC', 'True', 'TRAINER.COOP.CLASS_TOKEN_POSITION', 'end', 'DATASET.NUM_SHOTS', '8']
output_dir: output/dtd/CoOp/vit_b32_8shots/nctx16_cscTrue_ctpend/seed1
resume: 
root: /home/jin749/DATA
seed: 1
source_domains: None
target_domains: None
trainer: CoOp
transforms: None
************
** Config **
************
DATALOADER:
  K_TRANSFORMS: 1
  NUM_WORKERS: 8
  RETURN_IMG0: False
  TEST:
    BATCH_SIZE: 100
    SAMPLER: SequentialSampler
  TRAIN_U:
    BATCH_SIZE: 32
    N_DOMAIN: 0
    N_INS: 16
    SAME_AS_X: True
    SAMPLER: RandomSampler
  TRAIN_X:
    BATCH_SIZE: 32
    N_DOMAIN: 0
    N_INS: 16
    SAMPLER: RandomSampler
DATASET:
  ALL_AS_UNLABELED: False
  CIFAR_C_LEVEL: 1
  CIFAR_C_TYPE: 
  NAME: DescribableTextures
  NUM_LABELED: -1
  NUM_SHOTS: 8
  ROOT: /home/jin749/DATA
  SOURCE_DOMAINS: ()
  STL10_FOLD: -1
  SUBSAMPLE_CLASSES: all
  TARGET_DOMAINS: ()
  VAL_PERCENT: 0.1
INPUT:
  COLORJITTER_B: 0.4
  COLORJITTER_C: 0.4
  COLORJITTER_H: 0.1
  COLORJITTER_S: 0.4
  CROP_PADDING: 4
  CUTOUT_LEN: 16
  CUTOUT_N: 1
  GB_K: 21
  GB_P: 0.5
  GN_MEAN: 0.0
  GN_STD: 0.15
  INTERPOLATION: bicubic
  NO_TRANSFORM: False
  PIXEL_MEAN: [0.48145466, 0.4578275, 0.40821073]
  PIXEL_STD: [0.26862954, 0.26130258, 0.27577711]
  RANDAUGMENT_M: 10
  RANDAUGMENT_N: 2
  RGS_P: 0.2
  RRCROP_SCALE: (0.08, 1.0)
  SIZE: (224, 224)
  TRANSFORMS: ('random_resized_crop', 'random_flip', 'normalize')
MODEL:
  BACKBONE:
    NAME: ViT-B/32
    PRETRAINED: True
  HEAD:
    ACTIVATION: relu
    BN: True
    DROPOUT: 0.0
    HIDDEN_LAYERS: ()
    NAME: 
  INIT_WEIGHTS: 
OPTIM:
  ADAM_BETA1: 0.9
  ADAM_BETA2: 0.999
  BASE_LR_MULT: 0.1
  GAMMA: 0.1
  LR: 0.002
  LR_SCHEDULER: cosine
  MAX_EPOCH: 200
  MOMENTUM: 0.9
  NAME: sgd
  NEW_LAYERS: ()
  RMSPROP_ALPHA: 0.99
  SGD_DAMPNING: 0
  SGD_NESTEROV: False
  STAGED_LR: False
  STEPSIZE: (-1,)
  WARMUP_CONS_LR: 1e-05
  WARMUP_EPOCH: 1
  WARMUP_MIN_LR: 1e-05
  WARMUP_RECOUNT: True
  WARMUP_TYPE: constant
  WEIGHT_DECAY: 0.0005
OUTPUT_DIR: output/dtd/CoOp/vit_b32_8shots/nctx16_cscTrue_ctpend/seed1
RESUME: 
SEED: 1
TEST:
  COMPUTE_CMAT: False
  EVALUATOR: Classification
  FINAL_MODEL: last_step
  NO_TEST: False
  PER_CLASS_RESULT: False
  SPLIT: test
TRAIN:
  CHECKPOINT_FREQ: 0
  COUNT_ITER: train_x
  PRINT_FREQ: 5
TRAINER:
  CDAC:
    CLASS_LR_MULTI: 10
    P_THRESH: 0.95
    RAMPUP_COEF: 30
    RAMPUP_ITRS: 1000
    STRONG_TRANSFORMS: ()
    TOPK_MATCH: 5
  COCOOP:
    CTX_INIT: 
    N_CTX: 16
    PREC: fp16
  COOP:
    CLASS_TOKEN_POSITION: end
    CSC: True
    CTX_INIT: 
    N_CTX: 16
    PREC: fp16
  CROSSGRAD:
    ALPHA_D: 0.5
    ALPHA_F: 0.5
    EPS_D: 1.0
    EPS_F: 1.0
  DAEL:
    CONF_THRE: 0.95
    STRONG_TRANSFORMS: ()
    WEIGHT_U: 0.5
  DAELDG:
    CONF_THRE: 0.95
    STRONG_TRANSFORMS: ()
    WEIGHT_U: 0.5
  DDAIG:
    ALPHA: 0.5
    CLAMP: False
    CLAMP_MAX: 1.0
    CLAMP_MIN: -1.0
    G_ARCH: 
    LMDA: 0.3
    WARMUP: 0
  DOMAINMIX:
    ALPHA: 1.0
    BETA: 1.0
    TYPE: crossdomain
  ENTMIN:
    LMDA: 0.001
  FIXMATCH:
    CONF_THRE: 0.95
    STRONG_TRANSFORMS: ()
    WEIGHT_U: 1.0
  M3SDA:
    LMDA: 0.5
    N_STEP_F: 4
  MCD:
    N_STEP_F: 4
  MEANTEACHER:
    EMA_ALPHA: 0.999
    RAMPUP: 5
    WEIGHT_U: 1.0
  MIXMATCH:
    MIXUP_BETA: 0.75
    RAMPUP: 20000
    TEMP: 2.0
    WEIGHT_U: 100.0
  MME:
    LMDA: 0.1
  NAME: CoOp
  SE:
    CONF_THRE: 0.95
    EMA_ALPHA: 0.999
    RAMPUP: 300
USE_CUDA: True
VERBOSE: True
VERSION: 1
Collecting env info ...
** System info **
PyTorch version: 1.13.1+cu116
Is debug build: False
CUDA used to build PyTorch: 11.6
ROCM used to build PyTorch: N/A

OS: linux (x86_64)
GCC version: (GCC) 12.2.0
Clang version: Could not collect
CMake version: version 3.24.2
Libc version: glibc-2.28

Python version: 3.8.19 (default, Mar 20 2024, 19:58:24)  [GCC 11.2.0] (64-bit runtime)
Python platform: Linux-4.18.0-425.3.1.el8.x86_64-x86_64-with-glibc2.17
Is CUDA available: True
CUDA runtime version: 11.8.89
CUDA_MODULE_LOADING set to: LAZY
GPU models and configuration: GPU 0: NVIDIA RTX A5000
Nvidia driver version: 530.30.02
cuDNN version: Could not collect
HIP runtime version: N/A
MIOpen runtime version: N/A
Is XNNPACK available: True

Versions of relevant libraries:
[pip3] numpy==1.24.4
[pip3] torch==1.13.1+cu116
[pip3] torchaudio==0.13.1+cu116
[pip3] torchvision==0.14.1+cu116
[conda] numpy                     1.24.4                   pypi_0    pypi
[conda] torch                     1.13.1+cu116             pypi_0    pypi
[conda] torchaudio                0.13.1+cu116             pypi_0    pypi
[conda] torchvision               0.14.1+cu116             pypi_0    pypi
        Pillow (10.4.0)

Loading trainer: CoOp
Loading dataset: DescribableTextures
Reading split from /home/jin749/DATA/dtd/split_zhou_DescribableTextures.json
Creating a 8-shot dataset
Creating a 4-shot dataset
Saving preprocessed few-shot data to /home/jin749/DATA/dtd/split_fewshot/shot_8-seed_1.pkl
Building transform_train
+ random resized crop (size=(224, 224), scale=(0.08, 1.0))
+ random flip
+ to torch tensor of range [0, 1]
+ normalization (mean=[0.48145466, 0.4578275, 0.40821073], std=[0.26862954, 0.26130258, 0.27577711])
Building transform_test
+ resize the smaller edge to 224
+ 224x224 center crop
+ to torch tensor of range [0, 1]
+ normalization (mean=[0.48145466, 0.4578275, 0.40821073], std=[0.26862954, 0.26130258, 0.27577711])
---------  -------------------
Dataset    DescribableTextures
# classes  47
# train_x  376
# val      188
# test     1,692
---------  -------------------
Loading CLIP (backbone: ViT-B/32)
Building custom CLIP
Initializing class-specific contexts
Initial context: "X X X X X X X X X X X X X X X X"
Number of context words (tokens): 16
[343, 343, 343, 343, 343, 343, 343, 343, 343, 343, 343, 343, 343, 343, 343, 343, 37804, 1448, 791, 287, 287, 287, 287, 7447, 267, 287, 287, 287, 287, 7858, 267, 287, 287, 287, 287, 11886, 2079, 267, 537, 287, 287, 287, 287, 5389, 269]
[343, 343, 343, 343, 343, 343, 343, 343, 343, 343, 343, 343, 343, 343, 343, 343, 1204, 83, 8096, 1448, 791, 287, 287, 287, 287, 7744, 267, 287, 287, 287, 287, 5389, 267, 287, 287, 287, 287, 16505, 267, 537, 287, 287, 287, 287, 3958, 269]
[343, 343, 343, 343, 343, 343, 343, 343, 343, 343, 343, 343, 343, 343, 343, 343, 39997, 1448, 791, 287, 287, 287, 287, 18411, 646, 267, 287, 287, 287, 287, 7118, 267, 287, 287, 287, 287, 7447, 267, 537, 287, 287, 287, 287, 1006, 19978, 269]
[343, 343, 343, 343, 343, 343, 343, 343, 343, 343, 343, 343, 343, 343, 343, 343, 31034, 1448, 791, 287, 287, 287, 287, 21115, 267, 287, 287, 287, 287, 7744, 267, 287, 287, 287, 287, 7238, 267, 537, 287, 287, 287, 287, 3027, 269]
[343, 343, 343, 343, 343, 343, 343, 343, 343, 343, 343, 343, 343, 343, 343, 343, 9783, 344, 1448, 791, 287, 287, 287, 287, 7744, 267, 287, 287, 287, 287, 5429, 267, 287, 287, 287, 287, 2051, 267, 537, 287, 287, 287, 287, 11699, 1294, 269]
[343, 343, 343, 343, 343, 343, 343, 343, 343, 343, 343, 343, 343, 343, 343, 343, 983, 23210, 1448, 791, 287, 287, 287, 287, 7447, 267, 287, 287, 287, 287, 5389, 267, 287, 287, 287, 287, 3418, 267, 537, 287, 287, 287, 287, 26972, 269]
[343, 343, 343, 343, 343, 343, 343, 343, 343, 343, 343, 343, 343, 343, 343, 343, 20140, 598, 9077, 1448, 791, 287, 287, 287, 287, 7447, 267, 287, 287, 287, 287, 18411, 646, 267, 287, 287, 287, 287, 4448, 267, 537, 287, 287, 287, 287, 4526, 269]
[343, 343, 343, 343, 343, 343, 343, 343, 343, 343, 343, 343, 343, 343, 343, 343, 19826, 1448, 791, 287, 287, 287, 287, 7744, 267, 287, 287, 287, 287, 21426, 267, 287, 287, 287, 287, 10253, 267, 537, 287, 287, 287, 287, 19208, 269]
[343, 343, 343, 343, 343, 343, 343, 343, 343, 343, 343, 343, 343, 343, 343, 343, 16670, 12169, 2146, 1448, 791, 287, 287, 287, 287, 3418, 267, 287, 287, 287, 287, 9882, 267, 287, 287, 287, 287, 18417, 20107, 267, 537, 287, 287, 287, 287, 16505, 269]
[343, 343, 343, 343, 343, 343, 343, 343, 343, 343, 343, 343, 343, 343, 343, 343, 15891, 48182, 1448, 791, 287, 287, 287, 287, 7447, 267, 287, 287, 287, 287, 20938, 267, 287, 287, 287, 287, 7744, 267, 537, 287, 287, 287, 287, 5285, 269]
[343, 343, 343, 343, 343, 343, 343, 343, 343, 343, 343, 343, 343, 343, 343, 343, 47950, 1448, 791, 287, 287, 287, 287, 19019, 267, 287, 287, 287, 287, 588, 9442, 267, 287, 287, 287, 287, 3140, 267, 537, 287, 287, 287, 287, 7447, 269]
[343, 343, 343, 343, 343, 343, 343, 343, 343, 343, 343, 343, 343, 343, 343, 343, 701, 711, 879, 1448, 791, 287, 287, 287, 287, 1093, 267, 287, 287, 287, 287, 18411, 646, 267, 287, 287, 287, 287, 11884, 267, 537, 287, 287, 287, 287, 7744, 269]
[343, 343, 343, 343, 343, 343, 343, 343, 343, 343, 343, 343, 343, 343, 343, 343, 2428, 3441, 1448, 791, 287, 287, 287, 287, 6194, 267, 287, 287, 287, 287, 5389, 267, 287, 287, 287, 287, 7744, 267, 537, 287, 287, 287, 287, 11699, 1294, 269]
[343, 343, 343, 343, 343, 343, 343, 343, 343, 343, 343, 343, 343, 343, 343, 343, 33328, 912, 1448, 791, 287, 287, 287, 287, 7670, 267, 287, 287, 287, 287, 10484, 267, 287, 287, 287, 287, 3140, 267, 537, 287, 287, 287, 287, 3575, 269]
[343, 343, 343, 343, 343, 343, 343, 343, 343, 343, 343, 343, 343, 343, 343, 343, 936, 9532, 1448, 791, 287, 287, 287, 287, 11637, 267, 287, 287, 287, 287, 8161, 267, 287, 287, 287, 287, 3885, 1294, 267, 537, 287, 287, 287, 287, 16029, 269]
[343, 343, 343, 343, 343, 343, 343, 343, 343, 343, 343, 343, 343, 343, 343, 343, 5919, 2303, 1448, 791, 287, 287, 287, 287, 10033, 267, 287, 287, 287, 287, 2051, 267, 287, 287, 287, 287, 7238, 267, 537, 287, 287, 287, 287, 5421, 269]
[343, 343, 343, 343, 343, 343, 343, 343, 343, 343, 343, 343, 343, 343, 343, 343, 9882, 1448, 791, 287, 287, 287, 287, 7447, 267, 287, 287, 287, 287, 3418, 267, 287, 287, 287, 287, 588, 9442, 267, 537, 287, 287, 287, 287, 3140, 269]
[343, 343, 343, 343, 343, 343, 343, 343, 343, 343, 343, 343, 343, 343, 343, 343, 9015, 1102, 1448, 791, 287, 287, 287, 287, 3418, 267, 287, 287, 287, 287, 7447, 267, 287, 287, 287, 287, 7744, 267, 537, 287, 287, 287, 287, 16505, 269]
[343, 343, 343, 343, 343, 343, 343, 343, 343, 343, 343, 343, 343, 343, 343, 343, 9843, 610, 2722, 1448, 791, 287, 287, 287, 287, 7447, 267, 287, 287, 287, 287, 3140, 267, 287, 287, 287, 287, 7744, 267, 537, 287, 287, 287, 287, 6448, 269]
[343, 343, 343, 343, 343, 343, 343, 343, 343, 343, 343, 343, 343, 343, 343, 343, 1006, 36800, 1448, 791, 287, 287, 287, 287, 3418, 267, 287, 287, 287, 287, 1006, 20061, 267, 287, 287, 287, 287, 18417, 20107, 267, 537, 287, 287, 287, 287, 5389, 269]
[343, 343, 343, 343, 343, 343, 343, 343, 343, 343, 343, 343, 343, 343, 343, 343, 28151, 1448, 791, 287, 287, 287, 287, 21625, 267, 287, 287, 287, 287, 5389, 267, 287, 287, 287, 287, 7238, 267, 537, 287, 287, 287, 287, 20479, 269]
[343, 343, 343, 343, 343, 343, 343, 343, 343, 343, 343, 343, 343, 343, 343, 343, 4477, 1018, 618, 1448, 791, 287, 287, 287, 287, 7447, 267, 287, 287, 287, 287, 8161, 267, 287, 287, 287, 287, 5389, 267, 537, 287, 287, 287, 287, 1483, 269]
[343, 343, 343, 343, 343, 343, 343, 343, 343, 343, 343, 343, 343, 343, 343, 343, 11842, 1448, 791, 287, 287, 287, 287, 3418, 267, 287, 287, 287, 287, 15377, 267, 287, 287, 287, 287, 5389, 267, 537, 287, 287, 287, 287, 18417, 20107, 269]
[343, 343, 343, 343, 343, 343, 343, 343, 343, 343, 343, 343, 343, 343, 343, 343, 675, 12006, 1448, 791, 287, 287, 287, 287, 7447, 267, 287, 287, 287, 287, 5389, 267, 287, 287, 287, 287, 7744, 267, 537, 287, 287, 287, 287, 16505, 269]
[343, 343, 343, 343, 343, 343, 343, 343, 343, 343, 343, 343, 343, 343, 343, 343, 905, 775, 1448, 791, 287, 287, 287, 287, 7447, 267, 287, 287, 287, 287, 7518, 267, 287, 287, 287, 287, 16505, 267, 537, 287, 287, 287, 287, 3780, 269]
[343, 343, 343, 343, 343, 343, 343, 343, 343, 343, 343, 343, 343, 343, 343, 343, 613, 1492, 1448, 791, 287, 287, 287, 287, 7447, 267, 287, 287, 287, 287, 15377, 267, 287, 287, 287, 287, 588, 9442, 267, 537, 287, 287, 287, 287, 1681, 269]
[343, 343, 343, 343, 343, 343, 343, 343, 343, 343, 343, 343, 343, 343, 343, 343, 22954, 1448, 791, 287, 287, 287, 287, 7447, 267, 287, 287, 287, 287, 5389, 267, 287, 287, 287, 287, 1681, 267, 537, 287, 287, 287, 287, 6448, 269]
[343, 343, 343, 343, 343, 343, 343, 343, 343, 343, 343, 343, 343, 343, 343, 343, 2311, 943, 1448, 791, 287, 287, 287, 287, 11266, 267, 287, 287, 287, 287, 7744, 267, 287, 287, 287, 287, 7447, 267, 537, 287, 287, 287, 287, 7238, 269]
[343, 343, 343, 343, 343, 343, 343, 343, 343, 343, 343, 343, 343, 343, 343, 343, 2946, 775, 1448, 791, 287, 287, 287, 287, 7107, 4137, 267, 287, 287, 287, 287, 7744, 267, 287, 287, 287, 287, 3958, 267, 537, 287, 287, 287, 287, 11699, 1294, 269]
[343, 343, 343, 343, 343, 343, 343, 343, 343, 343, 343, 343, 343, 343, 343, 343, 926, 943, 1448, 791, 287, 287, 287, 287, 24266, 267, 287, 287, 287, 287, 10033, 267, 287, 287, 287, 287, 7744, 267, 537, 287, 287, 287, 287, 7238, 269]
[343, 343, 343, 343, 343, 343, 343, 343, 343, 343, 343, 343, 343, 343, 343, 343, 29476, 268, 47950, 1448, 791, 287, 287, 287, 287, 19019, 267, 287, 287, 287, 287, 588, 9442, 267, 287, 287, 287, 287, 5994, 267, 537, 287, 287, 287, 287, 3140, 269]
[343, 343, 343, 343, 343, 343, 343, 343, 343, 343, 343, 343, 343, 343, 343, 343, 817, 879, 1448, 791, 287, 287, 287, 287, 11266, 267, 287, 287, 287, 287, 7744, 267, 287, 287, 287, 287, 5429, 267, 537, 287, 287, 287, 287, 16505, 269]
[343, 343, 343, 343, 343, 343, 343, 343, 343, 343, 343, 343, 343, 343, 343, 343, 628, 1325, 912, 1448, 791, 287, 287, 287, 287, 11266, 267, 287, 287, 287, 287, 7744, 267, 287, 287, 287, 287, 6448, 267, 537, 287, 287, 287, 287, 19208, 269]
[343, 343, 343, 343, 343, 343, 343, 343, 343, 343, 343, 343, 343, 343, 343, 343, 10859, 344, 1448, 791, 287, 287, 287, 287, 11485, 267, 287, 287, 287, 287, 7744, 267, 287, 287, 287, 287, 3958, 267, 537, 287, 287, 287, 287, 664, 881, 269]
[343, 343, 343, 343, 343, 343, 343, 343, 343, 343, 343, 343, 343, 343, 343, 343, 11758, 5369, 1448, 791, 287, 287, 287, 287, 7238, 267, 287, 287, 287, 287, 5389, 267, 287, 287, 287, 287, 42092, 267, 537, 287, 287, 287, 287, 12102, 81, 1463, 269]
[343, 343, 343, 343, 343, 343, 343, 343, 343, 343, 343, 343, 343, 343, 343, 343, 3745, 7379, 1448, 791, 287, 287, 287, 287, 7447, 267, 287, 287, 287, 287, 22814, 267, 287, 287, 287, 287, 7744, 267, 537, 287, 287, 287, 287, 3958, 269]
[343, 343, 343, 343, 343, 343, 343, 343, 343, 343, 343, 343, 343, 343, 343, 343, 15817, 912, 1448, 791, 287, 287, 287, 287, 19019, 267, 287, 287, 287, 287, 588, 9442, 267, 287, 287, 287, 287, 5389, 267, 537, 287, 287, 287, 287, 38792, 269]
[343, 343, 343, 343, 343, 343, 343, 343, 343, 343, 343, 343, 343, 343, 343, 343, 13751, 1448, 791, 287, 287, 287, 287, 2445, 267, 287, 287, 287, 287, 7744, 267, 287, 287, 287, 287, 3140, 267, 537, 287, 287, 287, 287, 16505, 269]
[343, 343, 343, 343, 343, 343, 343, 343, 343, 343, 343, 343, 343, 343, 343, 343, 807, 591, 2853, 1448, 791, 287, 287, 287, 287, 15900, 267, 287, 287, 287, 287, 7118, 267, 287, 287, 287, 287, 18417, 20107, 267, 537, 287, 287, 287, 287, 5389, 269]
[343, 343, 343, 343, 343, 343, 343, 343, 343, 343, 343, 343, 343, 343, 343, 343, 22192, 1448, 791, 287, 287, 287, 287, 7858, 267, 287, 287, 287, 287, 7447, 267, 287, 287, 287, 287, 16440, 267, 537, 287, 287, 287, 287, 11886, 2079, 269]
[343, 343, 343, 343, 343, 343, 343, 343, 343, 343, 343, 343, 343, 343, 343, 343, 29153, 1448, 791, 287, 287, 287, 287, 21115, 267, 287, 287, 287, 287, 588, 9442, 267, 287, 287, 287, 287, 7447, 267, 537, 287, 287, 287, 287, 5389, 269]
[343, 343, 343, 343, 343, 343, 343, 343, 343, 343, 343, 343, 343, 343, 343, 343, 1220, 582, 597, 1448, 791, 287, 287, 287, 287, 7447, 267, 287, 287, 287, 287, 7744, 267, 287, 287, 287, 287, 3140, 267, 537, 287, 287, 287, 287, 22014, 269]
[343, 343, 343, 343, 343, 343, 343, 343, 343, 343, 343, 343, 343, 343, 343, 343, 673, 2038, 1448, 791, 287, 287, 287, 287, 7447, 267, 287, 287, 287, 287, 3418, 267, 287, 287, 287, 287, 18501, 267, 537, 287, 287, 287, 287, 7238, 269]
[343, 343, 343, 343, 343, 343, 343, 343, 343, 343, 343, 343, 343, 343, 343, 343, 13940, 912, 1448, 791, 287, 287, 287, 287, 3418, 267, 287, 287, 287, 287, 7238, 267, 287, 287, 287, 287, 16505, 267, 537, 287, 287, 287, 287, 7744, 269]
[343, 343, 343, 343, 343, 343, 343, 343, 343, 343, 343, 343, 343, 343, 343, 343, 19830, 1448, 791, 287, 287, 287, 287, 3418, 267, 287, 287, 287, 287, 7447, 267, 287, 287, 287, 287, 10033, 267, 537, 287, 287, 287, 287, 22450, 269]
[343, 343, 343, 343, 343, 343, 343, 343, 343, 343, 343, 343, 343, 343, 343, 343, 22201, 912, 1448, 791, 287, 287, 287, 287, 21115, 267, 287, 287, 287, 287, 512, 3593, 986, 267, 287, 287, 287, 287, 7447, 267, 537, 287, 287, 287, 287, 7238, 269]
[343, 343, 343, 343, 343, 343, 343, 343, 343, 343, 343, 343, 343, 343, 343, 343, 15950, 26091, 3480, 1448, 791, 287, 287, 287, 287, 7447, 267, 287, 287, 287, 287, 18627, 267, 287, 287, 287, 287, 3418, 267, 537, 287, 287, 287, 287, 2650, 269]
Turning off gradients in both the image and the text encoder
Loading evaluator: Classification
No checkpoint found, train from scratch
Initialize tensorboard (log_dir=output/dtd/CoOp/vit_b32_8shots/nctx16_cscTrue_ctpend/seed1/tensorboard)
/home/jin749/Projects/coop_concept/clip/clip.py:23: UserWarning: PyTorch version 1.7.1 or higher is recommended
  warnings.warn("PyTorch version 1.7.1 or higher is recommended")
epoch [1/200] batch [5/11] time 0.052 (1.277) data 0.000 (0.337) loss 3.8555 (4.3141) acc 18.7500 (10.0000) lr 1.0000e-05 eta 0:46:42
epoch [1/200] batch [10/11] time 0.052 (0.665) data 0.000 (0.169) loss 4.6602 (4.2756) acc 9.3750 (10.0000) lr 1.0000e-05 eta 0:24:15
epoch [2/200] batch [5/11] time 0.180 (0.215) data 0.130 (0.163) loss 2.6562 (3.1539) acc 28.1250 (21.2500) lr 2.0000e-03 eta 0:07:48
epoch [2/200] batch [10/11] time 0.051 (0.132) data 0.000 (0.081) loss 2.2734 (2.8124) acc 43.7500 (28.7500) lr 2.0000e-03 eta 0:04:48
epoch [3/200] batch [5/11] time 0.219 (0.183) data 0.168 (0.129) loss 1.3994 (1.6102) acc 53.1250 (60.0000) lr 1.9999e-03 eta 0:06:37
epoch [3/200] batch [10/11] time 0.050 (0.117) data 0.000 (0.064) loss 1.6191 (1.6116) acc 59.3750 (59.6875) lr 1.9999e-03 eta 0:04:12
epoch [4/200] batch [5/11] time 0.114 (0.184) data 0.064 (0.132) loss 0.8481 (1.1256) acc 75.0000 (71.2500) lr 1.9995e-03 eta 0:06:38
epoch [4/200] batch [10/11] time 0.050 (0.123) data 0.000 (0.072) loss 0.9736 (1.1370) acc 75.0000 (70.0000) lr 1.9995e-03 eta 0:04:25
epoch [5/200] batch [5/11] time 0.051 (0.168) data 0.000 (0.115) loss 0.4309 (0.6955) acc 90.6250 (80.0000) lr 1.9989e-03 eta 0:06:01
epoch [5/200] batch [10/11] time 0.050 (0.109) data 0.000 (0.058) loss 0.4319 (0.7343) acc 87.5000 (79.3750) lr 1.9989e-03 eta 0:03:54
epoch [6/200] batch [5/11] time 0.338 (0.191) data 0.287 (0.138) loss 0.3745 (0.6302) acc 90.6250 (81.8750) lr 1.9980e-03 eta 0:06:48
epoch [6/200] batch [10/11] time 0.050 (0.120) data 0.000 (0.069) loss 0.9102 (0.6326) acc 75.0000 (82.8125) lr 1.9980e-03 eta 0:04:17
epoch [7/200] batch [5/11] time 0.074 (0.316) data 0.022 (0.263) loss 0.4060 (0.3990) acc 93.7500 (91.2500) lr 1.9969e-03 eta 0:11:13
epoch [7/200] batch [10/11] time 0.050 (0.194) data 0.000 (0.142) loss 0.4160 (0.4508) acc 90.6250 (88.4375) lr 1.9969e-03 eta 0:06:52
epoch [8/200] batch [5/11] time 0.196 (0.365) data 0.144 (0.313) loss 0.5029 (0.3789) acc 84.3750 (90.0000) lr 1.9956e-03 eta 0:12:53
epoch [8/200] batch [10/11] time 0.051 (0.208) data 0.000 (0.156) loss 0.5986 (0.4273) acc 78.1250 (86.8750) lr 1.9956e-03 eta 0:07:19
epoch [9/200] batch [5/11] time 0.180 (0.270) data 0.129 (0.217) loss 0.3574 (0.3393) acc 87.5000 (91.8750) lr 1.9940e-03 eta 0:09:29
epoch [9/200] batch [10/11] time 0.050 (0.160) data 0.000 (0.108) loss 0.3813 (0.3668) acc 87.5000 (90.0000) lr 1.9940e-03 eta 0:05:36
epoch [10/200] batch [5/11] time 0.178 (0.395) data 0.128 (0.341) loss 0.4236 (0.2672) acc 90.6250 (96.2500) lr 1.9921e-03 eta 0:13:47
epoch [10/200] batch [10/11] time 0.050 (0.222) data 0.000 (0.170) loss 0.2627 (0.2556) acc 96.8750 (95.0000) lr 1.9921e-03 eta 0:07:45
epoch [11/200] batch [5/11] time 0.124 (0.163) data 0.071 (0.109) loss 0.1964 (0.2100) acc 100.0000 (96.8750) lr 1.9900e-03 eta 0:05:39
epoch [11/200] batch [10/11] time 0.051 (0.575) data 0.000 (0.522) loss 0.2120 (0.2220) acc 90.6250 (95.0000) lr 1.9900e-03 eta 0:19:54
epoch [12/200] batch [5/11] time 0.142 (0.161) data 0.092 (0.108) loss 0.0994 (0.2059) acc 100.0000 (95.6250) lr 1.9877e-03 eta 0:05:33
epoch [12/200] batch [10/11] time 0.051 (0.106) data 0.000 (0.054) loss 0.0745 (0.2040) acc 100.0000 (95.0000) lr 1.9877e-03 eta 0:03:38
epoch [13/200] batch [5/11] time 0.253 (0.184) data 0.202 (0.131) loss 0.1145 (0.2337) acc 100.0000 (94.3750) lr 1.9851e-03 eta 0:06:19
epoch [13/200] batch [10/11] time 0.050 (0.117) data 0.000 (0.066) loss 0.2396 (0.2154) acc 90.6250 (93.7500) lr 1.9851e-03 eta 0:04:01
epoch [14/200] batch [5/11] time 0.115 (0.155) data 0.064 (0.102) loss 0.1514 (0.2586) acc 96.8750 (93.7500) lr 1.9823e-03 eta 0:05:17
epoch [14/200] batch [10/11] time 0.050 (0.136) data 0.000 (0.085) loss 0.2307 (0.2244) acc 96.8750 (95.6250) lr 1.9823e-03 eta 0:04:38
epoch [15/200] batch [5/11] time 0.210 (0.173) data 0.160 (0.121) loss 0.1709 (0.1305) acc 96.8750 (98.1250) lr 1.9792e-03 eta 0:05:52
epoch [15/200] batch [10/11] time 0.051 (0.119) data 0.000 (0.068) loss 0.2126 (0.1792) acc 93.7500 (95.6250) lr 1.9792e-03 eta 0:04:02
epoch [16/200] batch [5/11] time 0.238 (0.178) data 0.187 (0.123) loss 0.3374 (0.1983) acc 90.6250 (95.6250) lr 1.9759e-03 eta 0:06:00
epoch [16/200] batch [10/11] time 0.050 (0.114) data 0.000 (0.061) loss 0.0937 (0.1941) acc 100.0000 (95.3125) lr 1.9759e-03 eta 0:03:50
epoch [17/200] batch [5/11] time 0.119 (0.185) data 0.068 (0.133) loss 0.0392 (0.1811) acc 100.0000 (94.3750) lr 1.9724e-03 eta 0:06:13
epoch [17/200] batch [10/11] time 0.050 (0.118) data 0.000 (0.067) loss 0.0954 (0.1628) acc 100.0000 (95.9375) lr 1.9724e-03 eta 0:03:56
epoch [18/200] batch [5/11] time 0.178 (0.181) data 0.127 (0.128) loss 0.1295 (0.1619) acc 96.8750 (96.2500) lr 1.9686e-03 eta 0:06:03
epoch [18/200] batch [10/11] time 0.050 (0.116) data 0.000 (0.064) loss 0.1926 (0.1475) acc 93.7500 (96.8750) lr 1.9686e-03 eta 0:03:51
epoch [19/200] batch [5/11] time 0.164 (0.194) data 0.113 (0.138) loss 0.0591 (0.0898) acc 100.0000 (99.3750) lr 1.9646e-03 eta 0:06:26
epoch [19/200] batch [10/11] time 0.051 (0.129) data 0.000 (0.075) loss 0.0497 (0.1005) acc 100.0000 (98.4375) lr 1.9646e-03 eta 0:04:16
epoch [20/200] batch [5/11] time 0.176 (0.175) data 0.126 (0.123) loss 0.0428 (0.1162) acc 100.0000 (96.8750) lr 1.9603e-03 eta 0:05:47
epoch [20/200] batch [10/11] time 0.050 (0.113) data 0.000 (0.061) loss 0.2617 (0.1207) acc 96.8750 (97.5000) lr 1.9603e-03 eta 0:03:43
epoch [21/200] batch [5/11] time 0.059 (0.163) data 0.009 (0.111) loss 0.0502 (0.0969) acc 100.0000 (98.7500) lr 1.9558e-03 eta 0:05:22
epoch [21/200] batch [10/11] time 0.051 (0.107) data 0.000 (0.056) loss 0.0703 (0.0777) acc 100.0000 (99.3750) lr 1.9558e-03 eta 0:03:30
epoch [22/200] batch [5/11] time 0.144 (0.156) data 0.093 (0.104) loss 0.0806 (0.1073) acc 100.0000 (97.5000) lr 1.9511e-03 eta 0:05:07
epoch [22/200] batch [10/11] time 0.051 (0.103) data 0.000 (0.052) loss 0.0495 (0.0837) acc 100.0000 (98.4375) lr 1.9511e-03 eta 0:03:22
epoch [23/200] batch [5/11] time 0.321 (0.194) data 0.268 (0.142) loss 0.0694 (0.0895) acc 100.0000 (98.1250) lr 1.9461e-03 eta 0:06:19
epoch [23/200] batch [10/11] time 0.052 (0.123) data 0.000 (0.071) loss 0.0427 (0.0906) acc 100.0000 (98.1250) lr 1.9461e-03 eta 0:03:59
epoch [24/200] batch [5/11] time 0.302 (0.258) data 0.249 (0.205) loss 0.0457 (0.0490) acc 100.0000 (100.0000) lr 1.9409e-03 eta 0:08:21
epoch [24/200] batch [10/11] time 0.052 (0.165) data 0.000 (0.112) loss 0.1412 (0.0669) acc 96.8750 (99.6875) lr 1.9409e-03 eta 0:05:19
epoch [25/200] batch [5/11] time 0.230 (0.198) data 0.177 (0.144) loss 0.0671 (0.0646) acc 100.0000 (99.3750) lr 1.9354e-03 eta 0:06:21
epoch [25/200] batch [10/11] time 0.052 (0.125) data 0.000 (0.072) loss 0.0687 (0.0611) acc 100.0000 (99.3750) lr 1.9354e-03 eta 0:04:00
epoch [26/200] batch [5/11] time 0.481 (0.275) data 0.431 (0.223) loss 0.0584 (0.0693) acc 100.0000 (98.1250) lr 1.9298e-03 eta 0:08:48
epoch [26/200] batch [10/11] time 0.050 (0.163) data 0.000 (0.111) loss 0.1753 (0.0776) acc 90.6250 (97.8125) lr 1.9298e-03 eta 0:05:11
epoch [27/200] batch [5/11] time 0.085 (0.259) data 0.035 (0.207) loss 0.0689 (0.0733) acc 100.0000 (98.1250) lr 1.9239e-03 eta 0:08:14
epoch [27/200] batch [10/11] time 0.050 (0.164) data 0.000 (0.112) loss 0.0647 (0.0692) acc 100.0000 (98.7500) lr 1.9239e-03 eta 0:05:11
epoch [28/200] batch [5/11] time 0.381 (0.202) data 0.330 (0.149) loss 0.0475 (0.0622) acc 100.0000 (99.3750) lr 1.9178e-03 eta 0:06:23
epoch [28/200] batch [10/11] time 0.050 (0.126) data 0.000 (0.075) loss 0.1131 (0.0650) acc 96.8750 (99.3750) lr 1.9178e-03 eta 0:03:58
epoch [29/200] batch [5/11] time 0.127 (0.153) data 0.077 (0.099) loss 0.1009 (0.0667) acc 96.8750 (98.7500) lr 1.9114e-03 eta 0:04:48
epoch [29/200] batch [10/11] time 0.051 (0.102) data 0.000 (0.050) loss 0.0516 (0.0784) acc 100.0000 (97.8125) lr 1.9114e-03 eta 0:03:11
epoch [30/200] batch [5/11] time 0.131 (0.155) data 0.080 (0.101) loss 0.0412 (0.0339) acc 100.0000 (100.0000) lr 1.9048e-03 eta 0:04:51
epoch [30/200] batch [10/11] time 0.050 (0.103) data 0.000 (0.050) loss 0.1625 (0.0618) acc 93.7500 (98.7500) lr 1.9048e-03 eta 0:03:12
