JOB_ID: 351253_8

pwd:
/home/jin749/Projects/coop_concept

which python:
/home/jin749/miniconda3/envs/coop/bin/python

Setting fixed seed: 1
***************
** Arguments **
***************
backbone: 
config_file: configs/trainers/CoOp/vit_b32.yaml
dataset_config_file: configs/datasets/eurosat.yaml
eval_only: False
head: 
load_epoch: None
model_dir: 
no_train: False
opts: ['TRAINER.COOP.N_CTX', '16', 'TRAINER.COOP.CSC', 'True', 'TRAINER.COOP.CLASS_TOKEN_POSITION', 'end', 'DATASET.NUM_SHOTS', '8']
output_dir: output/eurosat/CoOp/vit_b32_8shots/nctx16_cscTrue_ctpend/seed1
resume: 
root: /home/jin749/DATA
seed: 1
source_domains: None
target_domains: None
trainer: CoOp
transforms: None
************
** Config **
************
DATALOADER:
  K_TRANSFORMS: 1
  NUM_WORKERS: 8
  RETURN_IMG0: False
  TEST:
    BATCH_SIZE: 100
    SAMPLER: SequentialSampler
  TRAIN_U:
    BATCH_SIZE: 32
    N_DOMAIN: 0
    N_INS: 16
    SAME_AS_X: True
    SAMPLER: RandomSampler
  TRAIN_X:
    BATCH_SIZE: 32
    N_DOMAIN: 0
    N_INS: 16
    SAMPLER: RandomSampler
DATASET:
  ALL_AS_UNLABELED: False
  CIFAR_C_LEVEL: 1
  CIFAR_C_TYPE: 
  NAME: EuroSAT
  NUM_LABELED: -1
  NUM_SHOTS: 8
  ROOT: /home/jin749/DATA
  SOURCE_DOMAINS: ()
  STL10_FOLD: -1
  SUBSAMPLE_CLASSES: all
  TARGET_DOMAINS: ()
  VAL_PERCENT: 0.1
INPUT:
  COLORJITTER_B: 0.4
  COLORJITTER_C: 0.4
  COLORJITTER_H: 0.1
  COLORJITTER_S: 0.4
  CROP_PADDING: 4
  CUTOUT_LEN: 16
  CUTOUT_N: 1
  GB_K: 21
  GB_P: 0.5
  GN_MEAN: 0.0
  GN_STD: 0.15
  INTERPOLATION: bicubic
  NO_TRANSFORM: False
  PIXEL_MEAN: [0.48145466, 0.4578275, 0.40821073]
  PIXEL_STD: [0.26862954, 0.26130258, 0.27577711]
  RANDAUGMENT_M: 10
  RANDAUGMENT_N: 2
  RGS_P: 0.2
  RRCROP_SCALE: (0.08, 1.0)
  SIZE: (224, 224)
  TRANSFORMS: ('random_resized_crop', 'random_flip', 'normalize')
MODEL:
  BACKBONE:
    NAME: ViT-B/32
    PRETRAINED: True
  HEAD:
    ACTIVATION: relu
    BN: True
    DROPOUT: 0.0
    HIDDEN_LAYERS: ()
    NAME: 
  INIT_WEIGHTS: 
OPTIM:
  ADAM_BETA1: 0.9
  ADAM_BETA2: 0.999
  BASE_LR_MULT: 0.1
  GAMMA: 0.1
  LR: 0.002
  LR_SCHEDULER: cosine
  MAX_EPOCH: 200
  MOMENTUM: 0.9
  NAME: sgd
  NEW_LAYERS: ()
  RMSPROP_ALPHA: 0.99
  SGD_DAMPNING: 0
  SGD_NESTEROV: False
  STAGED_LR: False
  STEPSIZE: (-1,)
  WARMUP_CONS_LR: 1e-05
  WARMUP_EPOCH: 1
  WARMUP_MIN_LR: 1e-05
  WARMUP_RECOUNT: True
  WARMUP_TYPE: constant
  WEIGHT_DECAY: 0.0005
OUTPUT_DIR: output/eurosat/CoOp/vit_b32_8shots/nctx16_cscTrue_ctpend/seed1
RESUME: 
SEED: 1
TEST:
  COMPUTE_CMAT: False
  EVALUATOR: Classification
  FINAL_MODEL: last_step
  NO_TEST: False
  PER_CLASS_RESULT: False
  SPLIT: test
TRAIN:
  CHECKPOINT_FREQ: 0
  COUNT_ITER: train_x
  PRINT_FREQ: 5
TRAINER:
  CDAC:
    CLASS_LR_MULTI: 10
    P_THRESH: 0.95
    RAMPUP_COEF: 30
    RAMPUP_ITRS: 1000
    STRONG_TRANSFORMS: ()
    TOPK_MATCH: 5
  COCOOP:
    CTX_INIT: 
    N_CTX: 16
    PREC: fp16
  COOP:
    CLASS_TOKEN_POSITION: end
    CSC: True
    CTX_INIT: 
    N_CTX: 16
    PREC: fp16
  CROSSGRAD:
    ALPHA_D: 0.5
    ALPHA_F: 0.5
    EPS_D: 1.0
    EPS_F: 1.0
  DAEL:
    CONF_THRE: 0.95
    STRONG_TRANSFORMS: ()
    WEIGHT_U: 0.5
  DAELDG:
    CONF_THRE: 0.95
    STRONG_TRANSFORMS: ()
    WEIGHT_U: 0.5
  DDAIG:
    ALPHA: 0.5
    CLAMP: False
    CLAMP_MAX: 1.0
    CLAMP_MIN: -1.0
    G_ARCH: 
    LMDA: 0.3
    WARMUP: 0
  DOMAINMIX:
    ALPHA: 1.0
    BETA: 1.0
    TYPE: crossdomain
  ENTMIN:
    LMDA: 0.001
  FIXMATCH:
    CONF_THRE: 0.95
    STRONG_TRANSFORMS: ()
    WEIGHT_U: 1.0
  M3SDA:
    LMDA: 0.5
    N_STEP_F: 4
  MCD:
    N_STEP_F: 4
  MEANTEACHER:
    EMA_ALPHA: 0.999
    RAMPUP: 5
    WEIGHT_U: 1.0
  MIXMATCH:
    MIXUP_BETA: 0.75
    RAMPUP: 20000
    TEMP: 2.0
    WEIGHT_U: 100.0
  MME:
    LMDA: 0.1
  NAME: CoOp
  SE:
    CONF_THRE: 0.95
    EMA_ALPHA: 0.999
    RAMPUP: 300
USE_CUDA: True
VERBOSE: True
VERSION: 1
Collecting env info ...
** System info **
PyTorch version: 1.13.1+cu116
Is debug build: False
CUDA used to build PyTorch: 11.6
ROCM used to build PyTorch: N/A

OS: linux (x86_64)
GCC version: (GCC) 12.2.0
Clang version: Could not collect
CMake version: version 3.24.2
Libc version: glibc-2.28

Python version: 3.8.19 (default, Mar 20 2024, 19:58:24)  [GCC 11.2.0] (64-bit runtime)
Python platform: Linux-4.18.0-425.3.1.el8.x86_64-x86_64-with-glibc2.17
Is CUDA available: True
CUDA runtime version: 11.8.89
CUDA_MODULE_LOADING set to: LAZY
GPU models and configuration: GPU 0: NVIDIA RTX A5000
Nvidia driver version: 530.30.02
cuDNN version: Could not collect
HIP runtime version: N/A
MIOpen runtime version: N/A
Is XNNPACK available: True

Versions of relevant libraries:
[pip3] numpy==1.24.4
[pip3] torch==1.13.1+cu116
[pip3] torchaudio==0.13.1+cu116
[pip3] torchvision==0.14.1+cu116
[conda] numpy                     1.24.4                   pypi_0    pypi
[conda] torch                     1.13.1+cu116             pypi_0    pypi
[conda] torchaudio                0.13.1+cu116             pypi_0    pypi
[conda] torchvision               0.14.1+cu116             pypi_0    pypi
        Pillow (10.4.0)

Loading trainer: CoOp
Loading dataset: EuroSAT
Reading split from /home/jin749/DATA/eurosat/split_zhou_EuroSAT.json
Creating a 8-shot dataset
Creating a 4-shot dataset
Saving preprocessed few-shot data to /home/jin749/DATA/eurosat/split_fewshot/shot_8-seed_1.pkl
Building transform_train
+ random resized crop (size=(224, 224), scale=(0.08, 1.0))
+ random flip
+ to torch tensor of range [0, 1]
+ normalization (mean=[0.48145466, 0.4578275, 0.40821073], std=[0.26862954, 0.26130258, 0.27577711])
Building transform_test
+ resize the smaller edge to 224
+ 224x224 center crop
+ to torch tensor of range [0, 1]
+ normalization (mean=[0.48145466, 0.4578275, 0.40821073], std=[0.26862954, 0.26130258, 0.27577711])
---------  -------
Dataset    EuroSAT
# classes  10
# train_x  80
# val      40
# test     8,100
---------  -------
Loading CLIP (backbone: ViT-B/32)
Building custom CLIP
Initializing class-specific contexts
Initial context: "X X X X X X X X X X X X X X X X"
Number of context words (tokens): 16
[343, 343, 343, 343, 343, 343, 343, 343, 343, 343, 343, 343, 343, 343, 343, 343, 2906, 9955, 973, 1448, 791, 287, 287, 287, 287, 6494, 267, 287, 287, 287, 287, 9409, 267, 287, 287, 287, 287, 5389, 267, 537, 287, 287, 287, 287, 5829, 269]
[343, 343, 343, 343, 343, 343, 343, 343, 343, 343, 343, 343, 343, 343, 343, 343, 4167, 1448, 791, 287, 287, 287, 287, 2445, 267, 287, 287, 287, 287, 4682, 267, 287, 287, 287, 287, 5579, 267, 537, 287, 287, 287, 287, 973, 269]
[343, 343, 343, 343, 343, 343, 343, 343, 343, 343, 343, 343, 343, 343, 343, 343, 26116, 33610, 33947, 973, 1448, 791, 287, 287, 287, 287, 973, 267, 287, 287, 287, 287, 5829, 267, 287, 287, 287, 287, 5922, 267, 537, 287, 287, 287, 287, 5892, 269]
[343, 343, 343, 343, 343, 343, 343, 343, 343, 343, 343, 343, 343, 343, 343, 343, 7620, 541, 1759, 1448, 791, 287, 287, 287, 287, 1148, 267, 287, 287, 287, 287, 7744, 267, 287, 287, 287, 287, 15792, 267, 537, 287, 287, 287, 287, 27669, 269]
[343, 343, 343, 343, 343, 343, 343, 343, 343, 343, 343, 343, 343, 343, 343, 343, 7520, 8866, 1448, 791, 287, 287, 287, 287, 6206, 267, 287, 287, 287, 287, 8866, 267, 287, 287, 287, 287, 6439, 267, 537, 287, 287, 287, 287, 14171, 269]
[343, 343, 343, 343, 343, 343, 343, 343, 343, 343, 343, 343, 343, 343, 343, 343, 34764, 973, 1448, 791, 287, 287, 287, 287, 33947, 267, 287, 287, 287, 287, 9006, 267, 287, 287, 287, 287, 973, 267, 537, 287, 287, 287, 287, 5922, 269]
[343, 343, 343, 343, 343, 343, 343, 343, 343, 343, 343, 343, 343, 343, 343, 343, 11144, 9955, 973, 1448, 791, 287, 287, 287, 287, 6494, 267, 287, 287, 287, 287, 9409, 267, 287, 287, 287, 287, 4828, 267, 537, 287, 287, 287, 287, 33947, 269]
[343, 343, 343, 343, 343, 343, 343, 343, 343, 343, 343, 343, 343, 343, 343, 343, 11002, 8866, 1448, 791, 287, 287, 287, 287, 14171, 267, 287, 287, 287, 287, 6448, 267, 287, 287, 287, 287, 6776, 267, 537, 287, 287, 287, 287, 8866, 269]
[343, 343, 343, 343, 343, 343, 343, 343, 343, 343, 343, 343, 343, 343, 343, 343, 2473, 1448, 791, 287, 287, 287, 287, 1148, 267, 287, 287, 287, 287, 1573, 267, 287, 287, 287, 287, 33947, 267, 537, 287, 287, 287, 287, 22390, 269]
[343, 343, 343, 343, 343, 343, 343, 343, 343, 343, 343, 343, 343, 343, 343, 343, 2102, 541, 2553, 1448, 791, 287, 287, 287, 287, 1573, 267, 287, 287, 287, 287, 3140, 267, 287, 287, 287, 287, 1774, 267, 537, 287, 287, 287, 287, 2553, 269]
Turning off gradients in both the image and the text encoder
Loading evaluator: Classification
No checkpoint found, train from scratch
Initialize tensorboard (log_dir=output/eurosat/CoOp/vit_b32_8shots/nctx16_cscTrue_ctpend/seed1/tensorboard)
/home/jin749/Projects/coop_concept/clip/clip.py:23: UserWarning: PyTorch version 1.7.1 or higher is recommended
  warnings.warn("PyTorch version 1.7.1 or higher is recommended")
epoch [1/200] batch [1/2] time 3.094 (3.094) data 1.945 (1.945) loss 4.3047 (4.3047) acc 28.1250 (28.1250) lr 1.0000e-05 eta 0:20:34
epoch [1/200] batch [2/2] time 0.032 (1.563) data 0.000 (0.973) loss 3.7461 (4.0254) acc 9.3750 (18.7500) lr 2.0000e-03 eta 0:10:22
epoch [2/200] batch [1/2] time 0.374 (0.374) data 0.340 (0.340) loss 2.9434 (2.9434) acc 12.5000 (12.5000) lr 2.0000e-03 eta 0:02:28
epoch [2/200] batch [2/2] time 0.029 (0.202) data 0.000 (0.170) loss 4.1328 (3.5381) acc 34.3750 (23.4375) lr 1.9999e-03 eta 0:01:19
epoch [3/200] batch [1/2] time 0.336 (0.336) data 0.304 (0.304) loss 2.2383 (2.2383) acc 37.5000 (37.5000) lr 1.9999e-03 eta 0:02:12
epoch [3/200] batch [2/2] time 0.027 (0.182) data 0.000 (0.152) loss 2.4746 (2.3564) acc 21.8750 (29.6875) lr 1.9995e-03 eta 0:01:11
epoch [4/200] batch [1/2] time 0.306 (0.306) data 0.274 (0.274) loss 2.3125 (2.3125) acc 34.3750 (34.3750) lr 1.9995e-03 eta 0:02:00
epoch [4/200] batch [2/2] time 0.028 (0.167) data 0.000 (0.137) loss 1.6621 (1.9873) acc 62.5000 (48.4375) lr 1.9989e-03 eta 0:01:05
epoch [5/200] batch [1/2] time 0.915 (0.915) data 0.883 (0.883) loss 1.5361 (1.5361) acc 46.8750 (46.8750) lr 1.9989e-03 eta 0:05:57
epoch [5/200] batch [2/2] time 0.027 (0.471) data 0.000 (0.442) loss 1.2998 (1.4180) acc 62.5000 (54.6875) lr 1.9980e-03 eta 0:03:03
epoch [6/200] batch [1/2] time 0.267 (0.267) data 0.232 (0.232) loss 1.3330 (1.3330) acc 53.1250 (53.1250) lr 1.9980e-03 eta 0:01:43
epoch [6/200] batch [2/2] time 0.028 (0.147) data 0.000 (0.116) loss 1.2852 (1.3091) acc 62.5000 (57.8125) lr 1.9969e-03 eta 0:00:57
epoch [7/200] batch [1/2] time 0.296 (0.296) data 0.266 (0.266) loss 1.2627 (1.2627) acc 50.0000 (50.0000) lr 1.9969e-03 eta 0:01:54
epoch [7/200] batch [2/2] time 0.029 (0.162) data 0.000 (0.133) loss 1.2432 (1.2529) acc 62.5000 (56.2500) lr 1.9956e-03 eta 0:01:02
epoch [8/200] batch [1/2] time 0.282 (0.282) data 0.249 (0.249) loss 1.2500 (1.2500) acc 56.2500 (56.2500) lr 1.9956e-03 eta 0:01:48
epoch [8/200] batch [2/2] time 0.029 (0.156) data 0.000 (0.125) loss 1.2275 (1.2388) acc 68.7500 (62.5000) lr 1.9940e-03 eta 0:00:59
epoch [9/200] batch [1/2] time 0.295 (0.295) data 0.261 (0.261) loss 0.9688 (0.9688) acc 84.3750 (84.3750) lr 1.9940e-03 eta 0:01:53
epoch [9/200] batch [2/2] time 0.028 (0.162) data 0.000 (0.131) loss 1.0273 (0.9980) acc 75.0000 (79.6875) lr 1.9921e-03 eta 0:01:01
epoch [10/200] batch [1/2] time 0.289 (0.289) data 0.255 (0.255) loss 0.7534 (0.7534) acc 81.2500 (81.2500) lr 1.9921e-03 eta 0:01:50
epoch [10/200] batch [2/2] time 0.029 (0.159) data 0.000 (0.128) loss 0.8374 (0.7954) acc 81.2500 (81.2500) lr 1.9900e-03 eta 0:01:00
epoch [11/200] batch [1/2] time 0.265 (0.265) data 0.231 (0.231) loss 1.0898 (1.0898) acc 65.6250 (65.6250) lr 1.9900e-03 eta 0:01:40
epoch [11/200] batch [2/2] time 0.029 (0.147) data 0.000 (0.115) loss 0.7856 (0.9377) acc 68.7500 (67.1875) lr 1.9877e-03 eta 0:00:55
epoch [12/200] batch [1/2] time 0.623 (0.623) data 0.590 (0.590) loss 0.8765 (0.8765) acc 78.1250 (78.1250) lr 1.9877e-03 eta 0:03:54
epoch [12/200] batch [2/2] time 0.031 (0.327) data 0.000 (0.295) loss 0.6665 (0.7715) acc 78.1250 (78.1250) lr 1.9851e-03 eta 0:02:03
epoch [13/200] batch [1/2] time 0.722 (0.722) data 0.691 (0.691) loss 0.8667 (0.8667) acc 81.2500 (81.2500) lr 1.9851e-03 eta 0:04:30
epoch [13/200] batch [2/2] time 0.029 (0.375) data 0.000 (0.346) loss 0.9448 (0.9058) acc 68.7500 (75.0000) lr 1.9823e-03 eta 0:02:20
epoch [14/200] batch [1/2] time 0.508 (0.508) data 0.473 (0.473) loss 0.7075 (0.7075) acc 81.2500 (81.2500) lr 1.9823e-03 eta 0:03:09
epoch [14/200] batch [2/2] time 0.032 (0.270) data 0.003 (0.238) loss 0.5825 (0.6450) acc 81.2500 (81.2500) lr 1.9792e-03 eta 0:01:40
epoch [15/200] batch [1/2] time 1.157 (1.157) data 1.126 (1.126) loss 0.6021 (0.6021) acc 84.3750 (84.3750) lr 1.9792e-03 eta 0:07:09
epoch [15/200] batch [2/2] time 0.032 (0.595) data 0.000 (0.563) loss 0.5830 (0.5925) acc 90.6250 (87.5000) lr 1.9759e-03 eta 0:03:40
epoch [16/200] batch [1/2] time 0.649 (0.649) data 0.619 (0.619) loss 0.6509 (0.6509) acc 81.2500 (81.2500) lr 1.9759e-03 eta 0:03:59
epoch [16/200] batch [2/2] time 0.029 (0.339) data 0.000 (0.310) loss 0.4692 (0.5601) acc 84.3750 (82.8125) lr 1.9724e-03 eta 0:02:04
epoch [17/200] batch [1/2] time 0.777 (0.777) data 0.742 (0.742) loss 0.5703 (0.5703) acc 81.2500 (81.2500) lr 1.9724e-03 eta 0:04:45
epoch [17/200] batch [2/2] time 0.028 (0.403) data 0.000 (0.371) loss 0.3538 (0.4620) acc 90.6250 (85.9375) lr 1.9686e-03 eta 0:02:27
epoch [18/200] batch [1/2] time 0.550 (0.550) data 0.515 (0.515) loss 0.4893 (0.4893) acc 84.3750 (84.3750) lr 1.9686e-03 eta 0:03:20
epoch [18/200] batch [2/2] time 0.028 (0.289) data 0.000 (0.258) loss 0.7412 (0.6152) acc 68.7500 (76.5625) lr 1.9646e-03 eta 0:01:45
epoch [19/200] batch [1/2] time 0.520 (0.520) data 0.486 (0.486) loss 0.5068 (0.5068) acc 90.6250 (90.6250) lr 1.9646e-03 eta 0:03:08
epoch [19/200] batch [2/2] time 0.029 (0.274) data 0.000 (0.243) loss 0.3909 (0.4489) acc 87.5000 (89.0625) lr 1.9603e-03 eta 0:01:39
epoch [20/200] batch [1/2] time 1.342 (1.342) data 1.308 (1.308) loss 0.4282 (0.4282) acc 90.6250 (90.6250) lr 1.9603e-03 eta 0:08:04
epoch [20/200] batch [2/2] time 0.029 (0.686) data 0.000 (0.654) loss 0.4434 (0.4358) acc 87.5000 (89.0625) lr 1.9558e-03 eta 0:04:06
epoch [21/200] batch [1/2] time 0.283 (0.283) data 0.248 (0.248) loss 0.3413 (0.3413) acc 96.8750 (96.8750) lr 1.9558e-03 eta 0:01:41
epoch [21/200] batch [2/2] time 0.029 (0.156) data 0.000 (0.124) loss 0.5317 (0.4365) acc 81.2500 (89.0625) lr 1.9511e-03 eta 0:00:55
epoch [22/200] batch [1/2] time 0.295 (0.295) data 0.261 (0.261) loss 0.4473 (0.4473) acc 87.5000 (87.5000) lr 1.9511e-03 eta 0:01:45
epoch [22/200] batch [2/2] time 0.028 (0.161) data 0.000 (0.131) loss 0.4822 (0.4647) acc 84.3750 (85.9375) lr 1.9461e-03 eta 0:00:57
epoch [23/200] batch [1/2] time 0.310 (0.310) data 0.277 (0.277) loss 0.4126 (0.4126) acc 90.6250 (90.6250) lr 1.9461e-03 eta 0:01:50
epoch [23/200] batch [2/2] time 0.032 (0.171) data 0.000 (0.139) loss 0.5342 (0.4734) acc 81.2500 (85.9375) lr 1.9409e-03 eta 0:01:00
epoch [24/200] batch [1/2] time 0.294 (0.294) data 0.260 (0.260) loss 0.3145 (0.3145) acc 90.6250 (90.6250) lr 1.9409e-03 eta 0:01:43
epoch [24/200] batch [2/2] time 0.032 (0.163) data 0.000 (0.130) loss 0.3499 (0.3322) acc 87.5000 (89.0625) lr 1.9354e-03 eta 0:00:57
epoch [25/200] batch [1/2] time 0.314 (0.314) data 0.279 (0.279) loss 0.3784 (0.3784) acc 84.3750 (84.3750) lr 1.9354e-03 eta 0:01:50
epoch [25/200] batch [2/2] time 0.029 (0.172) data 0.000 (0.140) loss 0.2673 (0.3229) acc 93.7500 (89.0625) lr 1.9298e-03 eta 0:01:00
epoch [26/200] batch [1/2] time 0.290 (0.290) data 0.259 (0.259) loss 0.4197 (0.4197) acc 90.6250 (90.6250) lr 1.9298e-03 eta 0:01:41
epoch [26/200] batch [2/2] time 0.028 (0.159) data 0.000 (0.130) loss 0.3550 (0.3873) acc 93.7500 (92.1875) lr 1.9239e-03 eta 0:00:55
epoch [27/200] batch [1/2] time 0.299 (0.299) data 0.264 (0.264) loss 0.3367 (0.3367) acc 96.8750 (96.8750) lr 1.9239e-03 eta 0:01:43
epoch [27/200] batch [2/2] time 0.029 (0.164) data 0.000 (0.132) loss 0.4055 (0.3711) acc 84.3750 (90.6250) lr 1.9178e-03 eta 0:00:56
epoch [28/200] batch [1/2] time 0.284 (0.284) data 0.252 (0.252) loss 0.3728 (0.3728) acc 90.6250 (90.6250) lr 1.9178e-03 eta 0:01:37
epoch [28/200] batch [2/2] time 0.030 (0.157) data 0.000 (0.126) loss 0.3572 (0.3650) acc 90.6250 (90.6250) lr 1.9114e-03 eta 0:00:53
epoch [29/200] batch [1/2] time 0.290 (0.290) data 0.258 (0.258) loss 0.3948 (0.3948) acc 93.7500 (93.7500) lr 1.9114e-03 eta 0:01:39
epoch [29/200] batch [2/2] time 0.028 (0.159) data 0.000 (0.129) loss 0.2942 (0.3445) acc 93.7500 (93.7500) lr 1.9048e-03 eta 0:00:54
epoch [30/200] batch [1/2] time 0.276 (0.276) data 0.243 (0.243) loss 0.2422 (0.2422) acc 96.8750 (96.8750) lr 1.9048e-03 eta 0:01:34
epoch [30/200] batch [2/2] time 0.032 (0.154) data 0.000 (0.122) loss 0.4402 (0.3412) acc 84.3750 (90.6250) lr 1.8980e-03 eta 0:00:52
epoch [31/200] batch [1/2] time 0.287 (0.287) data 0.253 (0.253) loss 0.1857 (0.1857) acc 96.8750 (96.8750) lr 1.8980e-03 eta 0:01:37
epoch [31/200] batch [2/2] time 0.028 (0.157) data 0.000 (0.127) loss 0.3643 (0.2750) acc 90.6250 (93.7500) lr 1.8910e-03 eta 0:00:53
epoch [32/200] batch [1/2] time 0.310 (0.310) data 0.278 (0.278) loss 0.4277 (0.4277) acc 87.5000 (87.5000) lr 1.8910e-03 eta 0:01:44
epoch [32/200] batch [2/2] time 0.030 (0.170) data 0.000 (0.139) loss 0.3254 (0.3766) acc 93.7500 (90.6250) lr 1.8838e-03 eta 0:00:57
epoch [33/200] batch [1/2] time 0.278 (0.278) data 0.245 (0.245) loss 0.3630 (0.3630) acc 87.5000 (87.5000) lr 1.8838e-03 eta 0:01:33
epoch [33/200] batch [2/2] time 0.028 (0.153) data 0.000 (0.122) loss 0.3367 (0.3499) acc 87.5000 (87.5000) lr 1.8763e-03 eta 0:00:51
epoch [34/200] batch [1/2] time 0.264 (0.264) data 0.231 (0.231) loss 0.3657 (0.3657) acc 93.7500 (93.7500) lr 1.8763e-03 eta 0:01:27
epoch [34/200] batch [2/2] time 0.032 (0.148) data 0.000 (0.116) loss 0.1947 (0.2802) acc 93.7500 (93.7500) lr 1.8686e-03 eta 0:00:49
epoch [35/200] batch [1/2] time 0.261 (0.261) data 0.231 (0.231) loss 0.1873 (0.1873) acc 96.8750 (96.8750) lr 1.8686e-03 eta 0:01:26
epoch [35/200] batch [2/2] time 0.027 (0.144) data 0.000 (0.116) loss 0.4783 (0.3328) acc 84.3750 (90.6250) lr 1.8607e-03 eta 0:00:47
epoch [36/200] batch [1/2] time 0.248 (0.248) data 0.217 (0.217) loss 0.2568 (0.2568) acc 96.8750 (96.8750) lr 1.8607e-03 eta 0:01:21
epoch [36/200] batch [2/2] time 0.028 (0.138) data 0.000 (0.109) loss 0.3201 (0.2885) acc 93.7500 (95.3125) lr 1.8526e-03 eta 0:00:45
epoch [37/200] batch [1/2] time 0.294 (0.294) data 0.262 (0.262) loss 0.3115 (0.3115) acc 93.7500 (93.7500) lr 1.8526e-03 eta 0:01:36
epoch [37/200] batch [2/2] time 0.027 (0.161) data 0.000 (0.131) loss 0.3997 (0.3556) acc 84.3750 (89.0625) lr 1.8443e-03 eta 0:00:52
epoch [38/200] batch [1/2] time 0.259 (0.259) data 0.226 (0.226) loss 0.2786 (0.2786) acc 93.7500 (93.7500) lr 1.8443e-03 eta 0:01:24
epoch [38/200] batch [2/2] time 0.029 (0.144) data 0.000 (0.113) loss 0.1779 (0.2282) acc 96.8750 (95.3125) lr 1.8358e-03 eta 0:00:46
epoch [39/200] batch [1/2] time 0.263 (0.263) data 0.229 (0.229) loss 0.2379 (0.2379) acc 96.8750 (96.8750) lr 1.8358e-03 eta 0:01:24
epoch [39/200] batch [2/2] time 0.029 (0.146) data 0.000 (0.115) loss 0.3259 (0.2819) acc 90.6250 (93.7500) lr 1.8271e-03 eta 0:00:46
epoch [40/200] batch [1/2] time 0.281 (0.281) data 0.246 (0.246) loss 0.2651 (0.2651) acc 90.6250 (90.6250) lr 1.8271e-03 eta 0:01:30
epoch [40/200] batch [2/2] time 0.028 (0.155) data 0.000 (0.123) loss 0.5239 (0.3945) acc 87.5000 (89.0625) lr 1.8181e-03 eta 0:00:49
epoch [41/200] batch [1/2] time 0.279 (0.279) data 0.249 (0.249) loss 0.2277 (0.2277) acc 90.6250 (90.6250) lr 1.8181e-03 eta 0:01:29
epoch [41/200] batch [2/2] time 0.028 (0.153) data 0.000 (0.125) loss 0.2081 (0.2179) acc 90.6250 (90.6250) lr 1.8090e-03 eta 0:00:48
epoch [42/200] batch [1/2] time 0.245 (0.245) data 0.210 (0.210) loss 0.1899 (0.1899) acc 100.0000 (100.0000) lr 1.8090e-03 eta 0:01:17
epoch [42/200] batch [2/2] time 0.028 (0.136) data 0.000 (0.105) loss 0.2335 (0.2117) acc 96.8750 (98.4375) lr 1.7997e-03 eta 0:00:43
epoch [43/200] batch [1/2] time 0.274 (0.274) data 0.244 (0.244) loss 0.2961 (0.2961) acc 93.7500 (93.7500) lr 1.7997e-03 eta 0:01:26
epoch [43/200] batch [2/2] time 0.029 (0.151) data 0.000 (0.122) loss 0.2234 (0.2598) acc 96.8750 (95.3125) lr 1.7902e-03 eta 0:00:47
epoch [44/200] batch [1/2] time 0.239 (0.239) data 0.209 (0.209) loss 0.0759 (0.0759) acc 100.0000 (100.0000) lr 1.7902e-03 eta 0:01:14
epoch [44/200] batch [2/2] time 0.030 (0.134) data 0.000 (0.105) loss 0.5576 (0.3167) acc 81.2500 (90.6250) lr 1.7804e-03 eta 0:00:41
epoch [45/200] batch [1/2] time 0.260 (0.260) data 0.229 (0.229) loss 0.3718 (0.3718) acc 87.5000 (87.5000) lr 1.7804e-03 eta 0:01:20
epoch [45/200] batch [2/2] time 0.029 (0.144) data 0.000 (0.115) loss 0.3577 (0.3647) acc 87.5000 (87.5000) lr 1.7705e-03 eta 0:00:44
epoch [46/200] batch [1/2] time 0.260 (0.260) data 0.228 (0.228) loss 0.2148 (0.2148) acc 96.8750 (96.8750) lr 1.7705e-03 eta 0:01:20
epoch [46/200] batch [2/2] time 0.030 (0.145) data 0.000 (0.114) loss 0.1257 (0.1703) acc 96.8750 (96.8750) lr 1.7604e-03 eta 0:00:44
epoch [47/200] batch [1/2] time 0.260 (0.260) data 0.227 (0.227) loss 0.3208 (0.3208) acc 87.5000 (87.5000) lr 1.7604e-03 eta 0:01:19
epoch [47/200] batch [2/2] time 0.027 (0.143) data 0.000 (0.114) loss 0.1859 (0.2534) acc 96.8750 (92.1875) lr 1.7501e-03 eta 0:00:43
epoch [48/200] batch [1/2] time 0.278 (0.278) data 0.248 (0.248) loss 0.2234 (0.2234) acc 93.7500 (93.7500) lr 1.7501e-03 eta 0:01:24
epoch [48/200] batch [2/2] time 0.030 (0.154) data 0.000 (0.124) loss 0.1395 (0.1815) acc 100.0000 (96.8750) lr 1.7396e-03 eta 0:00:46
epoch [49/200] batch [1/2] time 0.250 (0.250) data 0.217 (0.217) loss 0.4482 (0.4482) acc 93.7500 (93.7500) lr 1.7396e-03 eta 0:01:15
epoch [49/200] batch [2/2] time 0.030 (0.140) data 0.000 (0.109) loss 0.3450 (0.3966) acc 90.6250 (92.1875) lr 1.7290e-03 eta 0:00:42
epoch [50/200] batch [1/2] time 0.277 (0.277) data 0.243 (0.243) loss 0.2686 (0.2686) acc 90.6250 (90.6250) lr 1.7290e-03 eta 0:01:23
epoch [50/200] batch [2/2] time 0.029 (0.153) data 0.000 (0.122) loss 0.0838 (0.1762) acc 100.0000 (95.3125) lr 1.7181e-03 eta 0:00:45
epoch [51/200] batch [1/2] time 0.260 (0.260) data 0.229 (0.229) loss 0.4651 (0.4651) acc 84.3750 (84.3750) lr 1.7181e-03 eta 0:01:17
epoch [51/200] batch [2/2] time 0.030 (0.145) data 0.000 (0.115) loss 0.2834 (0.3743) acc 90.6250 (87.5000) lr 1.7071e-03 eta 0:00:43
epoch [52/200] batch [1/2] time 0.263 (0.263) data 0.229 (0.229) loss 0.2041 (0.2041) acc 96.8750 (96.8750) lr 1.7071e-03 eta 0:01:17
epoch [52/200] batch [2/2] time 0.032 (0.147) data 0.000 (0.115) loss 0.2458 (0.2250) acc 93.7500 (95.3125) lr 1.6959e-03 eta 0:00:43
epoch [53/200] batch [1/2] time 0.249 (0.249) data 0.218 (0.218) loss 0.2520 (0.2520) acc 93.7500 (93.7500) lr 1.6959e-03 eta 0:01:13
epoch [53/200] batch [2/2] time 0.030 (0.139) data 0.000 (0.109) loss 0.2113 (0.2316) acc 100.0000 (96.8750) lr 1.6845e-03 eta 0:00:40
epoch [54/200] batch [1/2] time 0.272 (0.272) data 0.238 (0.238) loss 0.2703 (0.2703) acc 90.6250 (90.6250) lr 1.6845e-03 eta 0:01:19
epoch [54/200] batch [2/2] time 0.028 (0.150) data 0.000 (0.119) loss 0.2396 (0.2549) acc 90.6250 (90.6250) lr 1.6730e-03 eta 0:00:43
epoch [55/200] batch [1/2] time 0.238 (0.238) data 0.204 (0.204) loss 0.3186 (0.3186) acc 93.7500 (93.7500) lr 1.6730e-03 eta 0:01:09
epoch [55/200] batch [2/2] time 0.031 (0.134) data 0.000 (0.102) loss 0.2517 (0.2852) acc 96.8750 (95.3125) lr 1.6613e-03 eta 0:00:38
epoch [56/200] batch [1/2] time 0.257 (0.257) data 0.224 (0.224) loss 0.1659 (0.1659) acc 96.8750 (96.8750) lr 1.6613e-03 eta 0:01:14
epoch [56/200] batch [2/2] time 0.029 (0.143) data 0.000 (0.112) loss 0.2107 (0.1883) acc 100.0000 (98.4375) lr 1.6494e-03 eta 0:00:41
epoch [57/200] batch [1/2] time 0.241 (0.241) data 0.209 (0.209) loss 0.2935 (0.2935) acc 90.6250 (90.6250) lr 1.6494e-03 eta 0:01:09
epoch [57/200] batch [2/2] time 0.027 (0.134) data 0.000 (0.104) loss 0.1490 (0.2213) acc 96.8750 (93.7500) lr 1.6374e-03 eta 0:00:38
epoch [58/200] batch [1/2] time 0.263 (0.263) data 0.231 (0.231) loss 0.3286 (0.3286) acc 93.7500 (93.7500) lr 1.6374e-03 eta 0:01:14
epoch [58/200] batch [2/2] time 0.027 (0.145) data 0.000 (0.116) loss 0.3359 (0.3323) acc 93.7500 (93.7500) lr 1.6252e-03 eta 0:00:41
epoch [59/200] batch [1/2] time 0.242 (0.242) data 0.211 (0.211) loss 0.0607 (0.0607) acc 100.0000 (100.0000) lr 1.6252e-03 eta 0:01:08
epoch [59/200] batch [2/2] time 0.028 (0.135) data 0.000 (0.106) loss 0.0790 (0.0698) acc 100.0000 (100.0000) lr 1.6129e-03 eta 0:00:38
epoch [60/200] batch [1/2] time 0.265 (0.265) data 0.232 (0.232) loss 0.1536 (0.1536) acc 96.8750 (96.8750) lr 1.6129e-03 eta 0:01:14
epoch [60/200] batch [2/2] time 0.029 (0.147) data 0.000 (0.116) loss 0.1232 (0.1384) acc 100.0000 (98.4375) lr 1.6004e-03 eta 0:00:41
epoch [61/200] batch [1/2] time 0.262 (0.262) data 0.229 (0.229) loss 0.3835 (0.3835) acc 81.2500 (81.2500) lr 1.6004e-03 eta 0:01:13
epoch [61/200] batch [2/2] time 0.029 (0.145) data 0.000 (0.115) loss 0.2209 (0.3022) acc 93.7500 (87.5000) lr 1.5878e-03 eta 0:00:40
epoch [62/200] batch [1/2] time 0.268 (0.268) data 0.240 (0.240) loss 0.1141 (0.1141) acc 96.8750 (96.8750) lr 1.5878e-03 eta 0:01:14
epoch [62/200] batch [2/2] time 0.027 (0.148) data 0.000 (0.120) loss 0.3015 (0.2078) acc 93.7500 (95.3125) lr 1.5750e-03 eta 0:00:40
epoch [63/200] batch [1/2] time 0.244 (0.244) data 0.213 (0.213) loss 0.1770 (0.1770) acc 93.7500 (93.7500) lr 1.5750e-03 eta 0:01:07
epoch [63/200] batch [2/2] time 0.028 (0.136) data 0.000 (0.107) loss 0.1830 (0.1800) acc 96.8750 (95.3125) lr 1.5621e-03 eta 0:00:37
epoch [64/200] batch [1/2] time 0.274 (0.274) data 0.243 (0.243) loss 0.1567 (0.1567) acc 93.7500 (93.7500) lr 1.5621e-03 eta 0:01:14
epoch [64/200] batch [2/2] time 0.031 (0.152) data 0.000 (0.122) loss 0.2329 (0.1948) acc 90.6250 (92.1875) lr 1.5490e-03 eta 0:00:41
epoch [65/200] batch [1/2] time 0.255 (0.255) data 0.224 (0.224) loss 0.3411 (0.3411) acc 90.6250 (90.6250) lr 1.5490e-03 eta 0:01:09
epoch [65/200] batch [2/2] time 0.028 (0.142) data 0.000 (0.112) loss 0.2006 (0.2708) acc 93.7500 (92.1875) lr 1.5358e-03 eta 0:00:38
epoch [66/200] batch [1/2] time 0.267 (0.267) data 0.234 (0.234) loss 0.1990 (0.1990) acc 93.7500 (93.7500) lr 1.5358e-03 eta 0:01:11
epoch [66/200] batch [2/2] time 0.028 (0.147) data 0.000 (0.117) loss 0.2791 (0.2390) acc 90.6250 (92.1875) lr 1.5225e-03 eta 0:00:39
epoch [67/200] batch [1/2] time 0.246 (0.246) data 0.212 (0.212) loss 0.2186 (0.2186) acc 96.8750 (96.8750) lr 1.5225e-03 eta 0:01:05
epoch [67/200] batch [2/2] time 0.032 (0.139) data 0.000 (0.106) loss 0.2434 (0.2310) acc 93.7500 (95.3125) lr 1.5090e-03 eta 0:00:36
epoch [68/200] batch [1/2] time 0.272 (0.272) data 0.240 (0.240) loss 0.2280 (0.2280) acc 93.7500 (93.7500) lr 1.5090e-03 eta 0:01:12
epoch [68/200] batch [2/2] time 0.027 (0.149) data 0.000 (0.120) loss 0.2374 (0.2327) acc 93.7500 (93.7500) lr 1.4955e-03 eta 0:00:39
epoch [69/200] batch [1/2] time 0.255 (0.255) data 0.224 (0.224) loss 0.3752 (0.3752) acc 87.5000 (87.5000) lr 1.4955e-03 eta 0:01:07
epoch [69/200] batch [2/2] time 0.027 (0.141) data 0.000 (0.112) loss 0.2046 (0.2899) acc 96.8750 (92.1875) lr 1.4818e-03 eta 0:00:36
epoch [70/200] batch [1/2] time 0.243 (0.243) data 0.211 (0.211) loss 0.1805 (0.1805) acc 93.7500 (93.7500) lr 1.4818e-03 eta 0:01:03
epoch [70/200] batch [2/2] time 0.027 (0.135) data 0.000 (0.106) loss 0.2190 (0.1998) acc 96.8750 (95.3125) lr 1.4679e-03 eta 0:00:35
epoch [71/200] batch [1/2] time 0.248 (0.248) data 0.215 (0.215) loss 0.2825 (0.2825) acc 90.6250 (90.6250) lr 1.4679e-03 eta 0:01:04
epoch [71/200] batch [2/2] time 0.028 (0.138) data 0.000 (0.107) loss 0.1096 (0.1960) acc 100.0000 (95.3125) lr 1.4540e-03 eta 0:00:35
epoch [72/200] batch [1/2] time 0.266 (0.266) data 0.234 (0.234) loss 0.2646 (0.2646) acc 93.7500 (93.7500) lr 1.4540e-03 eta 0:01:08
epoch [72/200] batch [2/2] time 0.027 (0.147) data 0.000 (0.117) loss 0.1018 (0.1832) acc 100.0000 (96.8750) lr 1.4399e-03 eta 0:00:37
epoch [73/200] batch [1/2] time 0.262 (0.262) data 0.228 (0.228) loss 0.1985 (0.1985) acc 96.8750 (96.8750) lr 1.4399e-03 eta 0:01:06
epoch [73/200] batch [2/2] time 0.029 (0.145) data 0.000 (0.114) loss 0.1306 (0.1646) acc 96.8750 (96.8750) lr 1.4258e-03 eta 0:00:36
epoch [74/200] batch [1/2] time 0.259 (0.259) data 0.227 (0.227) loss 0.0728 (0.0728) acc 96.8750 (96.8750) lr 1.4258e-03 eta 0:01:05
epoch [74/200] batch [2/2] time 0.027 (0.143) data 0.000 (0.113) loss 0.1785 (0.1256) acc 96.8750 (96.8750) lr 1.4115e-03 eta 0:00:36
epoch [75/200] batch [1/2] time 0.263 (0.263) data 0.231 (0.231) loss 0.1292 (0.1292) acc 96.8750 (96.8750) lr 1.4115e-03 eta 0:01:06
epoch [75/200] batch [2/2] time 0.027 (0.145) data 0.000 (0.115) loss 0.1338 (0.1315) acc 96.8750 (96.8750) lr 1.3971e-03 eta 0:00:36
epoch [76/200] batch [1/2] time 0.252 (0.252) data 0.220 (0.220) loss 0.1534 (0.1534) acc 96.8750 (96.8750) lr 1.3971e-03 eta 0:01:02
epoch [76/200] batch [2/2] time 0.028 (0.140) data 0.000 (0.110) loss 0.1235 (0.1385) acc 100.0000 (98.4375) lr 1.3827e-03 eta 0:00:34
epoch [77/200] batch [1/2] time 0.255 (0.255) data 0.221 (0.221) loss 0.2620 (0.2620) acc 96.8750 (96.8750) lr 1.3827e-03 eta 0:01:02
epoch [77/200] batch [2/2] time 0.028 (0.141) data 0.000 (0.111) loss 0.1482 (0.2051) acc 96.8750 (96.8750) lr 1.3681e-03 eta 0:00:34
epoch [78/200] batch [1/2] time 0.253 (0.253) data 0.221 (0.221) loss 0.1761 (0.1761) acc 96.8750 (96.8750) lr 1.3681e-03 eta 0:01:01
epoch [78/200] batch [2/2] time 0.027 (0.140) data 0.000 (0.111) loss 0.2705 (0.2233) acc 84.3750 (90.6250) lr 1.3535e-03 eta 0:00:34
epoch [79/200] batch [1/2] time 0.261 (0.261) data 0.227 (0.227) loss 0.1602 (0.1602) acc 96.8750 (96.8750) lr 1.3535e-03 eta 0:01:03
epoch [79/200] batch [2/2] time 0.032 (0.147) data 0.000 (0.114) loss 0.1587 (0.1594) acc 93.7500 (95.3125) lr 1.3387e-03 eta 0:00:35
epoch [80/200] batch [1/2] time 0.297 (0.297) data 0.263 (0.263) loss 0.0752 (0.0752) acc 100.0000 (100.0000) lr 1.3387e-03 eta 0:01:11
epoch [80/200] batch [2/2] time 0.031 (0.164) data 0.000 (0.132) loss 0.1235 (0.0994) acc 96.8750 (98.4375) lr 1.3239e-03 eta 0:00:39
epoch [81/200] batch [1/2] time 0.254 (0.254) data 0.224 (0.224) loss 0.1257 (0.1257) acc 96.8750 (96.8750) lr 1.3239e-03 eta 0:01:00
epoch [81/200] batch [2/2] time 0.028 (0.141) data 0.000 (0.112) loss 0.2681 (0.1969) acc 96.8750 (96.8750) lr 1.3090e-03 eta 0:00:33
epoch [82/200] batch [1/2] time 0.278 (0.278) data 0.245 (0.245) loss 0.2198 (0.2198) acc 90.6250 (90.6250) lr 1.3090e-03 eta 0:01:05
epoch [82/200] batch [2/2] time 0.028 (0.153) data 0.000 (0.123) loss 0.1112 (0.1655) acc 100.0000 (95.3125) lr 1.2940e-03 eta 0:00:36
epoch [83/200] batch [1/2] time 0.272 (0.272) data 0.238 (0.238) loss 0.1416 (0.1416) acc 96.8750 (96.8750) lr 1.2940e-03 eta 0:01:03
epoch [83/200] batch [2/2] time 0.031 (0.152) data 0.000 (0.119) loss 0.2632 (0.2024) acc 90.6250 (93.7500) lr 1.2790e-03 eta 0:00:35
epoch [84/200] batch [1/2] time 0.283 (0.283) data 0.249 (0.249) loss 0.1649 (0.1649) acc 93.7500 (93.7500) lr 1.2790e-03 eta 0:01:05
epoch [84/200] batch [2/2] time 0.032 (0.158) data 0.000 (0.124) loss 0.2010 (0.1830) acc 96.8750 (95.3125) lr 1.2639e-03 eta 0:00:36
epoch [85/200] batch [1/2] time 0.248 (0.248) data 0.214 (0.214) loss 0.4246 (0.4246) acc 90.6250 (90.6250) lr 1.2639e-03 eta 0:00:57
epoch [85/200] batch [2/2] time 0.032 (0.140) data 0.000 (0.107) loss 0.1083 (0.2664) acc 100.0000 (95.3125) lr 1.2487e-03 eta 0:00:32
epoch [86/200] batch [1/2] time 0.275 (0.275) data 0.242 (0.242) loss 0.1749 (0.1749) acc 96.8750 (96.8750) lr 1.2487e-03 eta 0:01:03
epoch [86/200] batch [2/2] time 0.032 (0.154) data 0.000 (0.121) loss 0.4766 (0.3257) acc 87.5000 (92.1875) lr 1.2334e-03 eta 0:00:35
epoch [87/200] batch [1/2] time 0.259 (0.259) data 0.225 (0.225) loss 0.1862 (0.1862) acc 96.8750 (96.8750) lr 1.2334e-03 eta 0:00:58
epoch [87/200] batch [2/2] time 0.031 (0.145) data 0.000 (0.113) loss 0.1376 (0.1619) acc 93.7500 (95.3125) lr 1.2181e-03 eta 0:00:32
epoch [88/200] batch [1/2] time 0.250 (0.250) data 0.218 (0.218) loss 0.1967 (0.1967) acc 93.7500 (93.7500) lr 1.2181e-03 eta 0:00:56
epoch [88/200] batch [2/2] time 0.027 (0.139) data 0.000 (0.109) loss 0.1504 (0.1735) acc 96.8750 (95.3125) lr 1.2028e-03 eta 0:00:31
epoch [89/200] batch [1/2] time 0.270 (0.270) data 0.235 (0.235) loss 0.3711 (0.3711) acc 87.5000 (87.5000) lr 1.2028e-03 eta 0:01:00
epoch [89/200] batch [2/2] time 0.033 (0.151) data 0.000 (0.117) loss 0.1312 (0.2512) acc 93.7500 (90.6250) lr 1.1874e-03 eta 0:00:33
epoch [90/200] batch [1/2] time 0.240 (0.240) data 0.207 (0.207) loss 0.1907 (0.1907) acc 96.8750 (96.8750) lr 1.1874e-03 eta 0:00:53
epoch [90/200] batch [2/2] time 0.032 (0.136) data 0.000 (0.103) loss 0.2532 (0.2219) acc 93.7500 (95.3125) lr 1.1719e-03 eta 0:00:29
epoch [91/200] batch [1/2] time 0.260 (0.260) data 0.225 (0.225) loss 0.2502 (0.2502) acc 93.7500 (93.7500) lr 1.1719e-03 eta 0:00:56
epoch [91/200] batch [2/2] time 0.033 (0.146) data 0.000 (0.112) loss 0.1678 (0.2090) acc 96.8750 (95.3125) lr 1.1564e-03 eta 0:00:31
epoch [92/200] batch [1/2] time 0.273 (0.273) data 0.240 (0.240) loss 0.4172 (0.4172) acc 90.6250 (90.6250) lr 1.1564e-03 eta 0:00:59
epoch [92/200] batch [2/2] time 0.030 (0.151) data 0.000 (0.120) loss 0.1292 (0.2732) acc 96.8750 (93.7500) lr 1.1409e-03 eta 0:00:32
epoch [93/200] batch [1/2] time 0.268 (0.268) data 0.235 (0.235) loss 0.4111 (0.4111) acc 90.6250 (90.6250) lr 1.1409e-03 eta 0:00:57
epoch [93/200] batch [2/2] time 0.031 (0.150) data 0.000 (0.118) loss 0.0941 (0.2526) acc 100.0000 (95.3125) lr 1.1253e-03 eta 0:00:32
epoch [94/200] batch [1/2] time 0.264 (0.264) data 0.232 (0.232) loss 0.1777 (0.1777) acc 93.7500 (93.7500) lr 1.1253e-03 eta 0:00:56
epoch [94/200] batch [2/2] time 0.031 (0.148) data 0.000 (0.116) loss 0.1174 (0.1476) acc 100.0000 (96.8750) lr 1.1097e-03 eta 0:00:31
epoch [95/200] batch [1/2] time 0.260 (0.260) data 0.226 (0.226) loss 0.0960 (0.0960) acc 100.0000 (100.0000) lr 1.1097e-03 eta 0:00:54
epoch [95/200] batch [2/2] time 0.032 (0.146) data 0.000 (0.113) loss 0.2426 (0.1693) acc 96.8750 (98.4375) lr 1.0941e-03 eta 0:00:30
epoch [96/200] batch [1/2] time 0.270 (0.270) data 0.239 (0.239) loss 0.1519 (0.1519) acc 96.8750 (96.8750) lr 1.0941e-03 eta 0:00:56
epoch [96/200] batch [2/2] time 0.029 (0.149) data 0.000 (0.120) loss 0.1305 (0.1412) acc 96.8750 (96.8750) lr 1.0785e-03 eta 0:00:31
epoch [97/200] batch [1/2] time 0.275 (0.275) data 0.241 (0.241) loss 0.1692 (0.1692) acc 96.8750 (96.8750) lr 1.0785e-03 eta 0:00:56
epoch [97/200] batch [2/2] time 0.029 (0.152) data 0.000 (0.121) loss 0.1299 (0.1495) acc 96.8750 (96.8750) lr 1.0628e-03 eta 0:00:31
epoch [98/200] batch [1/2] time 0.248 (0.248) data 0.215 (0.215) loss 0.2261 (0.2261) acc 93.7500 (93.7500) lr 1.0628e-03 eta 0:00:50
epoch [98/200] batch [2/2] time 0.028 (0.138) data 0.000 (0.107) loss 0.1180 (0.1721) acc 100.0000 (96.8750) lr 1.0471e-03 eta 0:00:28
epoch [99/200] batch [1/2] time 0.256 (0.256) data 0.222 (0.222) loss 0.1061 (0.1061) acc 100.0000 (100.0000) lr 1.0471e-03 eta 0:00:51
epoch [99/200] batch [2/2] time 0.033 (0.144) data 0.000 (0.111) loss 0.1501 (0.1281) acc 96.8750 (98.4375) lr 1.0314e-03 eta 0:00:29
epoch [100/200] batch [1/2] time 0.257 (0.257) data 0.226 (0.226) loss 0.2325 (0.2325) acc 93.7500 (93.7500) lr 1.0314e-03 eta 0:00:51
epoch [100/200] batch [2/2] time 0.029 (0.143) data 0.000 (0.113) loss 0.1493 (0.1909) acc 100.0000 (96.8750) lr 1.0157e-03 eta 0:00:28
epoch [101/200] batch [1/2] time 0.303 (0.303) data 0.273 (0.273) loss 0.1061 (0.1061) acc 96.8750 (96.8750) lr 1.0157e-03 eta 0:01:00
epoch [101/200] batch [2/2] time 0.028 (0.166) data 0.000 (0.136) loss 0.1218 (0.1140) acc 100.0000 (98.4375) lr 1.0000e-03 eta 0:00:32
epoch [102/200] batch [1/2] time 0.258 (0.258) data 0.225 (0.225) loss 0.2386 (0.2386) acc 87.5000 (87.5000) lr 1.0000e-03 eta 0:00:50
epoch [102/200] batch [2/2] time 0.029 (0.143) data 0.000 (0.112) loss 0.2642 (0.2514) acc 90.6250 (89.0625) lr 9.8429e-04 eta 0:00:28
epoch [103/200] batch [1/2] time 0.250 (0.250) data 0.220 (0.220) loss 0.2411 (0.2411) acc 93.7500 (93.7500) lr 9.8429e-04 eta 0:00:48
epoch [103/200] batch [2/2] time 0.029 (0.139) data 0.000 (0.110) loss 0.1265 (0.1838) acc 96.8750 (95.3125) lr 9.6859e-04 eta 0:00:27
epoch [104/200] batch [1/2] time 0.270 (0.270) data 0.236 (0.236) loss 0.0658 (0.0658) acc 100.0000 (100.0000) lr 9.6859e-04 eta 0:00:52
epoch [104/200] batch [2/2] time 0.032 (0.151) data 0.000 (0.118) loss 0.1923 (0.1290) acc 93.7500 (96.8750) lr 9.5289e-04 eta 0:00:29
epoch [105/200] batch [1/2] time 0.254 (0.254) data 0.223 (0.223) loss 0.1567 (0.1567) acc 93.7500 (93.7500) lr 9.5289e-04 eta 0:00:48
epoch [105/200] batch [2/2] time 0.030 (0.142) data 0.000 (0.112) loss 0.1920 (0.1744) acc 93.7500 (93.7500) lr 9.3721e-04 eta 0:00:26
epoch [106/200] batch [1/2] time 0.261 (0.261) data 0.226 (0.226) loss 0.3608 (0.3608) acc 87.5000 (87.5000) lr 9.3721e-04 eta 0:00:49
epoch [106/200] batch [2/2] time 0.030 (0.145) data 0.000 (0.113) loss 0.0762 (0.2185) acc 100.0000 (93.7500) lr 9.2154e-04 eta 0:00:27
epoch [107/200] batch [1/2] time 0.244 (0.244) data 0.214 (0.214) loss 0.2595 (0.2595) acc 93.7500 (93.7500) lr 9.2154e-04 eta 0:00:45
epoch [107/200] batch [2/2] time 0.028 (0.136) data 0.000 (0.107) loss 0.1179 (0.1887) acc 100.0000 (96.8750) lr 9.0589e-04 eta 0:00:25
epoch [108/200] batch [1/2] time 0.267 (0.267) data 0.234 (0.234) loss 0.1655 (0.1655) acc 93.7500 (93.7500) lr 9.0589e-04 eta 0:00:49
epoch [108/200] batch [2/2] time 0.027 (0.147) data 0.000 (0.117) loss 0.2896 (0.2275) acc 90.6250 (92.1875) lr 8.9027e-04 eta 0:00:27
epoch [109/200] batch [1/2] time 0.261 (0.261) data 0.228 (0.228) loss 0.0988 (0.0988) acc 100.0000 (100.0000) lr 8.9027e-04 eta 0:00:47
epoch [109/200] batch [2/2] time 0.030 (0.146) data 0.000 (0.114) loss 0.0793 (0.0891) acc 100.0000 (100.0000) lr 8.7467e-04 eta 0:00:26
epoch [110/200] batch [1/2] time 0.250 (0.250) data 0.217 (0.217) loss 0.3376 (0.3376) acc 93.7500 (93.7500) lr 8.7467e-04 eta 0:00:45
epoch [110/200] batch [2/2] time 0.032 (0.141) data 0.000 (0.109) loss 0.2607 (0.2992) acc 93.7500 (93.7500) lr 8.5910e-04 eta 0:00:25
epoch [111/200] batch [1/2] time 0.257 (0.257) data 0.222 (0.222) loss 0.1824 (0.1824) acc 93.7500 (93.7500) lr 8.5910e-04 eta 0:00:46
epoch [111/200] batch [2/2] time 0.033 (0.145) data 0.000 (0.111) loss 0.2413 (0.2119) acc 96.8750 (95.3125) lr 8.4357e-04 eta 0:00:25
epoch [112/200] batch [1/2] time 0.247 (0.247) data 0.213 (0.213) loss 0.1666 (0.1666) acc 93.7500 (93.7500) lr 8.4357e-04 eta 0:00:43
epoch [112/200] batch [2/2] time 0.028 (0.138) data 0.000 (0.107) loss 0.2771 (0.2219) acc 93.7500 (93.7500) lr 8.2807e-04 eta 0:00:24
epoch [113/200] batch [1/2] time 0.256 (0.256) data 0.222 (0.222) loss 0.2087 (0.2087) acc 93.7500 (93.7500) lr 8.2807e-04 eta 0:00:44
epoch [113/200] batch [2/2] time 0.029 (0.142) data 0.000 (0.111) loss 0.1859 (0.1973) acc 96.8750 (95.3125) lr 8.1262e-04 eta 0:00:24
