JOB_ID: 351252_7

pwd:
/home/jin749/Projects/coop_concept

which python:
/home/jin749/miniconda3/envs/coop/bin/python

Setting fixed seed: 1
***************
** Arguments **
***************
backbone: 
config_file: configs/trainers/CoOp/vit_b32.yaml
dataset_config_file: configs/datasets/eurosat.yaml
eval_only: False
head: 
load_epoch: None
model_dir: 
no_train: False
opts: ['TRAINER.COOP.N_CTX', '16', 'TRAINER.COOP.CSC', 'True', 'TRAINER.COOP.CLASS_TOKEN_POSITION', 'end', 'DATASET.NUM_SHOTS', '4']
output_dir: output/eurosat/CoOp/vit_b32_4shots/nctx16_cscTrue_ctpend/seed1
resume: 
root: /home/jin749/DATA
seed: 1
source_domains: None
target_domains: None
trainer: CoOp
transforms: None
************
** Config **
************
DATALOADER:
  K_TRANSFORMS: 1
  NUM_WORKERS: 8
  RETURN_IMG0: False
  TEST:
    BATCH_SIZE: 100
    SAMPLER: SequentialSampler
  TRAIN_U:
    BATCH_SIZE: 32
    N_DOMAIN: 0
    N_INS: 16
    SAME_AS_X: True
    SAMPLER: RandomSampler
  TRAIN_X:
    BATCH_SIZE: 32
    N_DOMAIN: 0
    N_INS: 16
    SAMPLER: RandomSampler
DATASET:
  ALL_AS_UNLABELED: False
  CIFAR_C_LEVEL: 1
  CIFAR_C_TYPE: 
  NAME: EuroSAT
  NUM_LABELED: -1
  NUM_SHOTS: 4
  ROOT: /home/jin749/DATA
  SOURCE_DOMAINS: ()
  STL10_FOLD: -1
  SUBSAMPLE_CLASSES: all
  TARGET_DOMAINS: ()
  VAL_PERCENT: 0.1
INPUT:
  COLORJITTER_B: 0.4
  COLORJITTER_C: 0.4
  COLORJITTER_H: 0.1
  COLORJITTER_S: 0.4
  CROP_PADDING: 4
  CUTOUT_LEN: 16
  CUTOUT_N: 1
  GB_K: 21
  GB_P: 0.5
  GN_MEAN: 0.0
  GN_STD: 0.15
  INTERPOLATION: bicubic
  NO_TRANSFORM: False
  PIXEL_MEAN: [0.48145466, 0.4578275, 0.40821073]
  PIXEL_STD: [0.26862954, 0.26130258, 0.27577711]
  RANDAUGMENT_M: 10
  RANDAUGMENT_N: 2
  RGS_P: 0.2
  RRCROP_SCALE: (0.08, 1.0)
  SIZE: (224, 224)
  TRANSFORMS: ('random_resized_crop', 'random_flip', 'normalize')
MODEL:
  BACKBONE:
    NAME: ViT-B/32
    PRETRAINED: True
  HEAD:
    ACTIVATION: relu
    BN: True
    DROPOUT: 0.0
    HIDDEN_LAYERS: ()
    NAME: 
  INIT_WEIGHTS: 
OPTIM:
  ADAM_BETA1: 0.9
  ADAM_BETA2: 0.999
  BASE_LR_MULT: 0.1
  GAMMA: 0.1
  LR: 0.002
  LR_SCHEDULER: cosine
  MAX_EPOCH: 200
  MOMENTUM: 0.9
  NAME: sgd
  NEW_LAYERS: ()
  RMSPROP_ALPHA: 0.99
  SGD_DAMPNING: 0
  SGD_NESTEROV: False
  STAGED_LR: False
  STEPSIZE: (-1,)
  WARMUP_CONS_LR: 1e-05
  WARMUP_EPOCH: 1
  WARMUP_MIN_LR: 1e-05
  WARMUP_RECOUNT: True
  WARMUP_TYPE: constant
  WEIGHT_DECAY: 0.0005
OUTPUT_DIR: output/eurosat/CoOp/vit_b32_4shots/nctx16_cscTrue_ctpend/seed1
RESUME: 
SEED: 1
TEST:
  COMPUTE_CMAT: False
  EVALUATOR: Classification
  FINAL_MODEL: last_step
  NO_TEST: False
  PER_CLASS_RESULT: False
  SPLIT: test
TRAIN:
  CHECKPOINT_FREQ: 0
  COUNT_ITER: train_x
  PRINT_FREQ: 5
TRAINER:
  CDAC:
    CLASS_LR_MULTI: 10
    P_THRESH: 0.95
    RAMPUP_COEF: 30
    RAMPUP_ITRS: 1000
    STRONG_TRANSFORMS: ()
    TOPK_MATCH: 5
  COCOOP:
    CTX_INIT: 
    N_CTX: 16
    PREC: fp16
  COOP:
    CLASS_TOKEN_POSITION: end
    CSC: True
    CTX_INIT: 
    N_CTX: 16
    PREC: fp16
  CROSSGRAD:
    ALPHA_D: 0.5
    ALPHA_F: 0.5
    EPS_D: 1.0
    EPS_F: 1.0
  DAEL:
    CONF_THRE: 0.95
    STRONG_TRANSFORMS: ()
    WEIGHT_U: 0.5
  DAELDG:
    CONF_THRE: 0.95
    STRONG_TRANSFORMS: ()
    WEIGHT_U: 0.5
  DDAIG:
    ALPHA: 0.5
    CLAMP: False
    CLAMP_MAX: 1.0
    CLAMP_MIN: -1.0
    G_ARCH: 
    LMDA: 0.3
    WARMUP: 0
  DOMAINMIX:
    ALPHA: 1.0
    BETA: 1.0
    TYPE: crossdomain
  ENTMIN:
    LMDA: 0.001
  FIXMATCH:
    CONF_THRE: 0.95
    STRONG_TRANSFORMS: ()
    WEIGHT_U: 1.0
  M3SDA:
    LMDA: 0.5
    N_STEP_F: 4
  MCD:
    N_STEP_F: 4
  MEANTEACHER:
    EMA_ALPHA: 0.999
    RAMPUP: 5
    WEIGHT_U: 1.0
  MIXMATCH:
    MIXUP_BETA: 0.75
    RAMPUP: 20000
    TEMP: 2.0
    WEIGHT_U: 100.0
  MME:
    LMDA: 0.1
  NAME: CoOp
  SE:
    CONF_THRE: 0.95
    EMA_ALPHA: 0.999
    RAMPUP: 300
USE_CUDA: True
VERBOSE: True
VERSION: 1
Collecting env info ...
** System info **
PyTorch version: 1.13.1+cu116
Is debug build: False
CUDA used to build PyTorch: 11.6
ROCM used to build PyTorch: N/A

OS: linux (x86_64)
GCC version: (GCC) 12.2.0
Clang version: Could not collect
CMake version: version 3.24.2
Libc version: glibc-2.28

Python version: 3.8.19 (default, Mar 20 2024, 19:58:24)  [GCC 11.2.0] (64-bit runtime)
Python platform: Linux-4.18.0-425.3.1.el8.x86_64-x86_64-with-glibc2.17
Is CUDA available: True
CUDA runtime version: 11.8.89
CUDA_MODULE_LOADING set to: LAZY
GPU models and configuration: GPU 0: NVIDIA RTX A5000
Nvidia driver version: 530.30.02
cuDNN version: Could not collect
HIP runtime version: N/A
MIOpen runtime version: N/A
Is XNNPACK available: True

Versions of relevant libraries:
[pip3] numpy==1.24.4
[pip3] torch==1.13.1+cu116
[pip3] torchaudio==0.13.1+cu116
[pip3] torchvision==0.14.1+cu116
[conda] numpy                     1.24.4                   pypi_0    pypi
[conda] torch                     1.13.1+cu116             pypi_0    pypi
[conda] torchaudio                0.13.1+cu116             pypi_0    pypi
[conda] torchvision               0.14.1+cu116             pypi_0    pypi
        Pillow (10.4.0)

Loading trainer: CoOp
Loading dataset: EuroSAT
Reading split from /home/jin749/DATA/eurosat/split_zhou_EuroSAT.json
Creating a 4-shot dataset
Creating a 4-shot dataset
Saving preprocessed few-shot data to /home/jin749/DATA/eurosat/split_fewshot/shot_4-seed_1.pkl
Building transform_train
+ random resized crop (size=(224, 224), scale=(0.08, 1.0))
+ random flip
+ to torch tensor of range [0, 1]
+ normalization (mean=[0.48145466, 0.4578275, 0.40821073], std=[0.26862954, 0.26130258, 0.27577711])
Building transform_test
+ resize the smaller edge to 224
+ 224x224 center crop
+ to torch tensor of range [0, 1]
+ normalization (mean=[0.48145466, 0.4578275, 0.40821073], std=[0.26862954, 0.26130258, 0.27577711])
---------  -------
Dataset    EuroSAT
# classes  10
# train_x  40
# val      40
# test     8,100
---------  -------
Loading CLIP (backbone: ViT-B/32)
Building custom CLIP
Initializing class-specific contexts
Initial context: "X X X X X X X X X X X X X X X X"
Number of context words (tokens): 16
[343, 343, 343, 343, 343, 343, 343, 343, 343, 343, 343, 343, 343, 343, 343, 343, 2906, 9955, 973, 1448, 791, 287, 287, 287, 287, 6494, 267, 287, 287, 287, 287, 9409, 267, 287, 287, 287, 287, 5389, 267, 537, 287, 287, 287, 287, 5829, 269]
[343, 343, 343, 343, 343, 343, 343, 343, 343, 343, 343, 343, 343, 343, 343, 343, 4167, 1448, 791, 287, 287, 287, 287, 2445, 267, 287, 287, 287, 287, 4682, 267, 287, 287, 287, 287, 5579, 267, 537, 287, 287, 287, 287, 973, 269]
[343, 343, 343, 343, 343, 343, 343, 343, 343, 343, 343, 343, 343, 343, 343, 343, 26116, 33610, 33947, 973, 1448, 791, 287, 287, 287, 287, 973, 267, 287, 287, 287, 287, 5829, 267, 287, 287, 287, 287, 5922, 267, 537, 287, 287, 287, 287, 5892, 269]
[343, 343, 343, 343, 343, 343, 343, 343, 343, 343, 343, 343, 343, 343, 343, 343, 7620, 541, 1759, 1448, 791, 287, 287, 287, 287, 1148, 267, 287, 287, 287, 287, 7744, 267, 287, 287, 287, 287, 15792, 267, 537, 287, 287, 287, 287, 27669, 269]
[343, 343, 343, 343, 343, 343, 343, 343, 343, 343, 343, 343, 343, 343, 343, 343, 7520, 8866, 1448, 791, 287, 287, 287, 287, 6206, 267, 287, 287, 287, 287, 8866, 267, 287, 287, 287, 287, 6439, 267, 537, 287, 287, 287, 287, 14171, 269]
[343, 343, 343, 343, 343, 343, 343, 343, 343, 343, 343, 343, 343, 343, 343, 343, 34764, 973, 1448, 791, 287, 287, 287, 287, 33947, 267, 287, 287, 287, 287, 9006, 267, 287, 287, 287, 287, 973, 267, 537, 287, 287, 287, 287, 5922, 269]
[343, 343, 343, 343, 343, 343, 343, 343, 343, 343, 343, 343, 343, 343, 343, 343, 11144, 9955, 973, 1448, 791, 287, 287, 287, 287, 6494, 267, 287, 287, 287, 287, 9409, 267, 287, 287, 287, 287, 4828, 267, 537, 287, 287, 287, 287, 33947, 269]
[343, 343, 343, 343, 343, 343, 343, 343, 343, 343, 343, 343, 343, 343, 343, 343, 11002, 8866, 1448, 791, 287, 287, 287, 287, 14171, 267, 287, 287, 287, 287, 6448, 267, 287, 287, 287, 287, 6776, 267, 537, 287, 287, 287, 287, 8866, 269]
[343, 343, 343, 343, 343, 343, 343, 343, 343, 343, 343, 343, 343, 343, 343, 343, 2473, 1448, 791, 287, 287, 287, 287, 1148, 267, 287, 287, 287, 287, 1573, 267, 287, 287, 287, 287, 33947, 267, 537, 287, 287, 287, 287, 22390, 269]
[343, 343, 343, 343, 343, 343, 343, 343, 343, 343, 343, 343, 343, 343, 343, 343, 2102, 541, 2553, 1448, 791, 287, 287, 287, 287, 1573, 267, 287, 287, 287, 287, 3140, 267, 287, 287, 287, 287, 1774, 267, 537, 287, 287, 287, 287, 2553, 269]
Turning off gradients in both the image and the text encoder
Loading evaluator: Classification
No checkpoint found, train from scratch
Initialize tensorboard (log_dir=output/eurosat/CoOp/vit_b32_4shots/nctx16_cscTrue_ctpend/seed1/tensorboard)
/home/jin749/Projects/coop_concept/clip/clip.py:23: UserWarning: PyTorch version 1.7.1 or higher is recommended
  warnings.warn("PyTorch version 1.7.1 or higher is recommended")
epoch [1/200] batch [1/1] time 3.464 (3.464) data 2.019 (2.019) loss 4.4336 (4.4336) acc 9.3750 (9.3750) lr 2.0000e-03 eta 0:11:29
epoch [2/200] batch [1/1] time 0.920 (0.920) data 0.880 (0.880) loss 4.5820 (4.5820) acc 15.6250 (15.6250) lr 1.9999e-03 eta 0:03:02
epoch [3/200] batch [1/1] time 0.444 (0.444) data 0.404 (0.404) loss 3.4121 (3.4121) acc 31.2500 (31.2500) lr 1.9995e-03 eta 0:01:27
epoch [4/200] batch [1/1] time 0.434 (0.434) data 0.398 (0.398) loss 2.4160 (2.4160) acc 28.1250 (28.1250) lr 1.9989e-03 eta 0:01:25
epoch [5/200] batch [1/1] time 0.390 (0.390) data 0.349 (0.349) loss 2.4297 (2.4297) acc 31.2500 (31.2500) lr 1.9980e-03 eta 0:01:15
epoch [6/200] batch [1/1] time 0.396 (0.396) data 0.361 (0.361) loss 1.9609 (1.9609) acc 28.1250 (28.1250) lr 1.9969e-03 eta 0:01:16
epoch [7/200] batch [1/1] time 0.510 (0.510) data 0.472 (0.472) loss 1.5166 (1.5166) acc 56.2500 (56.2500) lr 1.9956e-03 eta 0:01:38
epoch [8/200] batch [1/1] time 1.455 (1.455) data 1.416 (1.416) loss 1.6543 (1.6543) acc 46.8750 (46.8750) lr 1.9940e-03 eta 0:04:39
epoch [9/200] batch [1/1] time 1.200 (1.200) data 1.161 (1.161) loss 1.4287 (1.4287) acc 50.0000 (50.0000) lr 1.9921e-03 eta 0:03:49
epoch [10/200] batch [1/1] time 0.821 (0.821) data 0.783 (0.783) loss 1.3916 (1.3916) acc 53.1250 (53.1250) lr 1.9900e-03 eta 0:02:36
epoch [11/200] batch [1/1] time 0.600 (0.600) data 0.565 (0.565) loss 1.3633 (1.3633) acc 53.1250 (53.1250) lr 1.9877e-03 eta 0:01:53
epoch [12/200] batch [1/1] time 0.686 (0.686) data 0.651 (0.651) loss 1.3721 (1.3721) acc 56.2500 (56.2500) lr 1.9851e-03 eta 0:02:08
epoch [13/200] batch [1/1] time 0.417 (0.417) data 0.379 (0.379) loss 1.1504 (1.1504) acc 53.1250 (53.1250) lr 1.9823e-03 eta 0:01:17
epoch [14/200] batch [1/1] time 1.050 (1.050) data 1.011 (1.011) loss 1.0742 (1.0742) acc 65.6250 (65.6250) lr 1.9792e-03 eta 0:03:15
epoch [15/200] batch [1/1] time 0.389 (0.389) data 0.350 (0.350) loss 1.0547 (1.0547) acc 68.7500 (68.7500) lr 1.9759e-03 eta 0:01:12
epoch [16/200] batch [1/1] time 0.377 (0.377) data 0.339 (0.339) loss 0.8008 (0.8008) acc 71.8750 (71.8750) lr 1.9724e-03 eta 0:01:09
epoch [17/200] batch [1/1] time 0.361 (0.361) data 0.322 (0.322) loss 0.9409 (0.9409) acc 75.0000 (75.0000) lr 1.9686e-03 eta 0:01:06
epoch [18/200] batch [1/1] time 0.350 (0.350) data 0.313 (0.313) loss 0.7349 (0.7349) acc 87.5000 (87.5000) lr 1.9646e-03 eta 0:01:03
epoch [19/200] batch [1/1] time 0.362 (0.362) data 0.322 (0.322) loss 1.1592 (1.1592) acc 59.3750 (59.3750) lr 1.9603e-03 eta 0:01:05
epoch [20/200] batch [1/1] time 0.347 (0.347) data 0.308 (0.308) loss 0.5669 (0.5669) acc 90.6250 (90.6250) lr 1.9558e-03 eta 0:01:02
epoch [21/200] batch [1/1] time 0.366 (0.366) data 0.327 (0.327) loss 0.6123 (0.6123) acc 84.3750 (84.3750) lr 1.9511e-03 eta 0:01:05
epoch [22/200] batch [1/1] time 0.337 (0.337) data 0.298 (0.298) loss 0.8794 (0.8794) acc 75.0000 (75.0000) lr 1.9461e-03 eta 0:01:00
epoch [23/200] batch [1/1] time 0.369 (0.369) data 0.328 (0.328) loss 0.6865 (0.6865) acc 75.0000 (75.0000) lr 1.9409e-03 eta 0:01:05
epoch [24/200] batch [1/1] time 0.359 (0.359) data 0.322 (0.322) loss 0.5874 (0.5874) acc 84.3750 (84.3750) lr 1.9354e-03 eta 0:01:03
epoch [25/200] batch [1/1] time 0.369 (0.369) data 0.330 (0.330) loss 0.5376 (0.5376) acc 93.7500 (93.7500) lr 1.9298e-03 eta 0:01:04
epoch [26/200] batch [1/1] time 0.339 (0.339) data 0.300 (0.300) loss 0.5420 (0.5420) acc 84.3750 (84.3750) lr 1.9239e-03 eta 0:00:58
epoch [27/200] batch [1/1] time 0.356 (0.356) data 0.319 (0.319) loss 0.5654 (0.5654) acc 90.6250 (90.6250) lr 1.9178e-03 eta 0:01:01
epoch [28/200] batch [1/1] time 0.349 (0.349) data 0.311 (0.311) loss 0.4954 (0.4954) acc 84.3750 (84.3750) lr 1.9114e-03 eta 0:01:00
epoch [29/200] batch [1/1] time 0.352 (0.352) data 0.313 (0.313) loss 0.5815 (0.5815) acc 78.1250 (78.1250) lr 1.9048e-03 eta 0:01:00
epoch [30/200] batch [1/1] time 0.387 (0.387) data 0.347 (0.347) loss 0.5762 (0.5762) acc 84.3750 (84.3750) lr 1.8980e-03 eta 0:01:05
epoch [31/200] batch [1/1] time 0.349 (0.349) data 0.310 (0.310) loss 0.3948 (0.3948) acc 93.7500 (93.7500) lr 1.8910e-03 eta 0:00:58
epoch [32/200] batch [1/1] time 0.367 (0.367) data 0.328 (0.328) loss 0.4224 (0.4224) acc 87.5000 (87.5000) lr 1.8838e-03 eta 0:01:01
epoch [33/200] batch [1/1] time 0.355 (0.355) data 0.315 (0.315) loss 0.4702 (0.4702) acc 87.5000 (87.5000) lr 1.8763e-03 eta 0:00:59
epoch [34/200] batch [1/1] time 0.367 (0.367) data 0.328 (0.328) loss 0.3401 (0.3401) acc 87.5000 (87.5000) lr 1.8686e-03 eta 0:01:00
epoch [35/200] batch [1/1] time 0.336 (0.336) data 0.296 (0.296) loss 0.4453 (0.4453) acc 87.5000 (87.5000) lr 1.8607e-03 eta 0:00:55
epoch [36/200] batch [1/1] time 0.355 (0.355) data 0.317 (0.317) loss 0.5356 (0.5356) acc 81.2500 (81.2500) lr 1.8526e-03 eta 0:00:58
epoch [37/200] batch [1/1] time 0.373 (0.373) data 0.335 (0.335) loss 0.5195 (0.5195) acc 84.3750 (84.3750) lr 1.8443e-03 eta 0:01:00
epoch [38/200] batch [1/1] time 0.358 (0.358) data 0.319 (0.319) loss 0.6772 (0.6772) acc 87.5000 (87.5000) lr 1.8358e-03 eta 0:00:57
epoch [39/200] batch [1/1] time 0.354 (0.354) data 0.313 (0.313) loss 0.5029 (0.5029) acc 90.6250 (90.6250) lr 1.8271e-03 eta 0:00:57
epoch [40/200] batch [1/1] time 0.350 (0.350) data 0.312 (0.312) loss 0.2795 (0.2795) acc 87.5000 (87.5000) lr 1.8181e-03 eta 0:00:56
epoch [41/200] batch [1/1] time 0.371 (0.371) data 0.331 (0.331) loss 0.2939 (0.2939) acc 93.7500 (93.7500) lr 1.8090e-03 eta 0:00:58
epoch [42/200] batch [1/1] time 0.354 (0.354) data 0.317 (0.317) loss 0.3066 (0.3066) acc 93.7500 (93.7500) lr 1.7997e-03 eta 0:00:55
epoch [43/200] batch [1/1] time 0.355 (0.355) data 0.315 (0.315) loss 0.2384 (0.2384) acc 93.7500 (93.7500) lr 1.7902e-03 eta 0:00:55
epoch [44/200] batch [1/1] time 0.343 (0.343) data 0.304 (0.304) loss 0.2086 (0.2086) acc 96.8750 (96.8750) lr 1.7804e-03 eta 0:00:53
epoch [45/200] batch [1/1] time 0.365 (0.365) data 0.324 (0.324) loss 0.5171 (0.5171) acc 87.5000 (87.5000) lr 1.7705e-03 eta 0:00:56
epoch [46/200] batch [1/1] time 0.356 (0.356) data 0.316 (0.316) loss 0.2666 (0.2666) acc 93.7500 (93.7500) lr 1.7604e-03 eta 0:00:54
epoch [47/200] batch [1/1] time 0.388 (0.388) data 0.348 (0.348) loss 0.4954 (0.4954) acc 81.2500 (81.2500) lr 1.7501e-03 eta 0:00:59
epoch [48/200] batch [1/1] time 0.346 (0.346) data 0.309 (0.309) loss 0.4636 (0.4636) acc 90.6250 (90.6250) lr 1.7396e-03 eta 0:00:52
epoch [49/200] batch [1/1] time 0.349 (0.349) data 0.311 (0.311) loss 0.2734 (0.2734) acc 96.8750 (96.8750) lr 1.7290e-03 eta 0:00:52
epoch [50/200] batch [1/1] time 0.393 (0.393) data 0.355 (0.355) loss 0.3367 (0.3367) acc 90.6250 (90.6250) lr 1.7181e-03 eta 0:00:58
epoch [51/200] batch [1/1] time 0.363 (0.363) data 0.323 (0.323) loss 0.3501 (0.3501) acc 93.7500 (93.7500) lr 1.7071e-03 eta 0:00:54
epoch [52/200] batch [1/1] time 0.365 (0.365) data 0.327 (0.327) loss 0.3904 (0.3904) acc 87.5000 (87.5000) lr 1.6959e-03 eta 0:00:53
epoch [53/200] batch [1/1] time 0.372 (0.372) data 0.335 (0.335) loss 0.1744 (0.1744) acc 100.0000 (100.0000) lr 1.6845e-03 eta 0:00:54
epoch [54/200] batch [1/1] time 0.348 (0.348) data 0.309 (0.309) loss 0.2366 (0.2366) acc 93.7500 (93.7500) lr 1.6730e-03 eta 0:00:50
epoch [55/200] batch [1/1] time 0.379 (0.379) data 0.339 (0.339) loss 0.3413 (0.3413) acc 93.7500 (93.7500) lr 1.6613e-03 eta 0:00:55
epoch [56/200] batch [1/1] time 0.350 (0.350) data 0.314 (0.314) loss 0.3350 (0.3350) acc 90.6250 (90.6250) lr 1.6494e-03 eta 0:00:50
epoch [57/200] batch [1/1] time 0.347 (0.347) data 0.308 (0.308) loss 0.2615 (0.2615) acc 96.8750 (96.8750) lr 1.6374e-03 eta 0:00:49
epoch [58/200] batch [1/1] time 0.363 (0.363) data 0.324 (0.324) loss 0.3174 (0.3174) acc 96.8750 (96.8750) lr 1.6252e-03 eta 0:00:51
epoch [59/200] batch [1/1] time 0.354 (0.354) data 0.317 (0.317) loss 0.1324 (0.1324) acc 100.0000 (100.0000) lr 1.6129e-03 eta 0:00:49
epoch [60/200] batch [1/1] time 0.358 (0.358) data 0.319 (0.319) loss 0.2673 (0.2673) acc 96.8750 (96.8750) lr 1.6004e-03 eta 0:00:50
epoch [61/200] batch [1/1] time 0.346 (0.346) data 0.306 (0.306) loss 0.2578 (0.2578) acc 90.6250 (90.6250) lr 1.5878e-03 eta 0:00:48
epoch [62/200] batch [1/1] time 0.367 (0.367) data 0.332 (0.332) loss 0.2378 (0.2378) acc 93.7500 (93.7500) lr 1.5750e-03 eta 0:00:50
epoch [63/200] batch [1/1] time 0.352 (0.352) data 0.315 (0.315) loss 0.2228 (0.2228) acc 90.6250 (90.6250) lr 1.5621e-03 eta 0:00:48
epoch [64/200] batch [1/1] time 0.366 (0.366) data 0.329 (0.329) loss 0.1841 (0.1841) acc 93.7500 (93.7500) lr 1.5490e-03 eta 0:00:49
epoch [65/200] batch [1/1] time 0.352 (0.352) data 0.315 (0.315) loss 0.2242 (0.2242) acc 96.8750 (96.8750) lr 1.5358e-03 eta 0:00:47
epoch [66/200] batch [1/1] time 0.358 (0.358) data 0.323 (0.323) loss 0.1680 (0.1680) acc 96.8750 (96.8750) lr 1.5225e-03 eta 0:00:48
epoch [67/200] batch [1/1] time 0.367 (0.367) data 0.326 (0.326) loss 0.3430 (0.3430) acc 90.6250 (90.6250) lr 1.5090e-03 eta 0:00:48
epoch [68/200] batch [1/1] time 0.353 (0.353) data 0.314 (0.314) loss 0.2494 (0.2494) acc 100.0000 (100.0000) lr 1.4955e-03 eta 0:00:46
epoch [69/200] batch [1/1] time 0.357 (0.357) data 0.318 (0.318) loss 0.2751 (0.2751) acc 93.7500 (93.7500) lr 1.4818e-03 eta 0:00:46
epoch [70/200] batch [1/1] time 0.366 (0.366) data 0.327 (0.327) loss 0.1892 (0.1892) acc 93.7500 (93.7500) lr 1.4679e-03 eta 0:00:47
epoch [71/200] batch [1/1] time 0.360 (0.360) data 0.320 (0.320) loss 0.2505 (0.2505) acc 93.7500 (93.7500) lr 1.4540e-03 eta 0:00:46
epoch [72/200] batch [1/1] time 0.363 (0.363) data 0.324 (0.324) loss 0.3762 (0.3762) acc 90.6250 (90.6250) lr 1.4399e-03 eta 0:00:46
epoch [73/200] batch [1/1] time 0.379 (0.379) data 0.338 (0.338) loss 0.2401 (0.2401) acc 96.8750 (96.8750) lr 1.4258e-03 eta 0:00:48
epoch [74/200] batch [1/1] time 0.352 (0.352) data 0.312 (0.312) loss 0.1266 (0.1266) acc 100.0000 (100.0000) lr 1.4115e-03 eta 0:00:44
epoch [75/200] batch [1/1] time 0.367 (0.367) data 0.327 (0.327) loss 0.1823 (0.1823) acc 96.8750 (96.8750) lr 1.3971e-03 eta 0:00:45
epoch [76/200] batch [1/1] time 0.365 (0.365) data 0.325 (0.325) loss 0.1332 (0.1332) acc 100.0000 (100.0000) lr 1.3827e-03 eta 0:00:45
epoch [77/200] batch [1/1] time 0.370 (0.370) data 0.331 (0.331) loss 0.2048 (0.2048) acc 93.7500 (93.7500) lr 1.3681e-03 eta 0:00:45
epoch [78/200] batch [1/1] time 0.363 (0.363) data 0.325 (0.325) loss 0.2529 (0.2529) acc 93.7500 (93.7500) lr 1.3535e-03 eta 0:00:44
epoch [79/200] batch [1/1] time 0.374 (0.374) data 0.337 (0.337) loss 0.2112 (0.2112) acc 93.7500 (93.7500) lr 1.3387e-03 eta 0:00:45
epoch [80/200] batch [1/1] time 0.360 (0.360) data 0.320 (0.320) loss 0.1483 (0.1483) acc 96.8750 (96.8750) lr 1.3239e-03 eta 0:00:43
epoch [81/200] batch [1/1] time 0.353 (0.353) data 0.315 (0.315) loss 0.1702 (0.1702) acc 93.7500 (93.7500) lr 1.3090e-03 eta 0:00:41
epoch [82/200] batch [1/1] time 0.356 (0.356) data 0.319 (0.319) loss 0.4580 (0.4580) acc 90.6250 (90.6250) lr 1.2940e-03 eta 0:00:41
epoch [83/200] batch [1/1] time 0.357 (0.357) data 0.317 (0.317) loss 0.0948 (0.0948) acc 100.0000 (100.0000) lr 1.2790e-03 eta 0:00:41
epoch [84/200] batch [1/1] time 0.381 (0.381) data 0.341 (0.341) loss 0.2800 (0.2800) acc 87.5000 (87.5000) lr 1.2639e-03 eta 0:00:44
epoch [85/200] batch [1/1] time 0.365 (0.365) data 0.330 (0.330) loss 0.2017 (0.2017) acc 93.7500 (93.7500) lr 1.2487e-03 eta 0:00:41
epoch [86/200] batch [1/1] time 0.333 (0.333) data 0.294 (0.294) loss 0.1227 (0.1227) acc 100.0000 (100.0000) lr 1.2334e-03 eta 0:00:37
epoch [87/200] batch [1/1] time 0.359 (0.359) data 0.323 (0.323) loss 0.1323 (0.1323) acc 100.0000 (100.0000) lr 1.2181e-03 eta 0:00:40
epoch [88/200] batch [1/1] time 0.353 (0.353) data 0.313 (0.313) loss 0.1864 (0.1864) acc 96.8750 (96.8750) lr 1.2028e-03 eta 0:00:39
epoch [89/200] batch [1/1] time 0.359 (0.359) data 0.318 (0.318) loss 0.3862 (0.3862) acc 87.5000 (87.5000) lr 1.1874e-03 eta 0:00:39
epoch [90/200] batch [1/1] time 0.340 (0.340) data 0.301 (0.301) loss 0.1456 (0.1456) acc 96.8750 (96.8750) lr 1.1719e-03 eta 0:00:37
