JOB_ID: 351222_1

pwd:
/home/jin749/Projects/coop_concept

which python:
/home/jin749/miniconda3/envs/coop/bin/python

/home/jin749/Projects/coop_concept/clip/clip.py:23: UserWarning: PyTorch version 1.7.1 or higher is recommended
  warnings.warn("PyTorch version 1.7.1 or higher is recommended")
Setting fixed seed: 1
***************
** Arguments **
***************
backbone: 
config_file: configs/trainers/CoOp/vit_b32.yaml
dataset_config_file: configs/datasets/dtd.yaml
eval_only: False
head: 
load_epoch: None
model_dir: 
no_train: False
opts: ['TRAINER.COOP.N_CTX', '16', 'TRAINER.COOP.CSC', 'True', 'TRAINER.COOP.CLASS_TOKEN_POSITION', 'end', 'DATASET.NUM_SHOTS', '1']
output_dir: output/dtd/CoOp/vit_b32_1shots/nctx16_cscTrue_ctpend/seed1
resume: 
root: /hdd/hdd3/jsh/DATA
seed: 1
source_domains: None
target_domains: None
trainer: CoOp
transforms: None
************
** Config **
************
DATALOADER:
  K_TRANSFORMS: 1
  NUM_WORKERS: 8
  RETURN_IMG0: False
  TEST:
    BATCH_SIZE: 100
    SAMPLER: SequentialSampler
  TRAIN_U:
    BATCH_SIZE: 32
    N_DOMAIN: 0
    N_INS: 16
    SAME_AS_X: True
    SAMPLER: RandomSampler
  TRAIN_X:
    BATCH_SIZE: 32
    N_DOMAIN: 0
    N_INS: 16
    SAMPLER: RandomSampler
DATASET:
  ALL_AS_UNLABELED: False
  CIFAR_C_LEVEL: 1
  CIFAR_C_TYPE: 
  NAME: DescribableTextures
  NUM_LABELED: -1
  NUM_SHOTS: 1
  ROOT: /hdd/hdd3/jsh/DATA
  SOURCE_DOMAINS: ()
  STL10_FOLD: -1
  SUBSAMPLE_CLASSES: all
  TARGET_DOMAINS: ()
  VAL_PERCENT: 0.1
INPUT:
  COLORJITTER_B: 0.4
  COLORJITTER_C: 0.4
  COLORJITTER_H: 0.1
  COLORJITTER_S: 0.4
  CROP_PADDING: 4
  CUTOUT_LEN: 16
  CUTOUT_N: 1
  GB_K: 21
  GB_P: 0.5
  GN_MEAN: 0.0
  GN_STD: 0.15
  INTERPOLATION: bicubic
  NO_TRANSFORM: False
  PIXEL_MEAN: [0.48145466, 0.4578275, 0.40821073]
  PIXEL_STD: [0.26862954, 0.26130258, 0.27577711]
  RANDAUGMENT_M: 10
  RANDAUGMENT_N: 2
  RGS_P: 0.2
  RRCROP_SCALE: (0.08, 1.0)
  SIZE: (224, 224)
  TRANSFORMS: ('random_resized_crop', 'random_flip', 'normalize')
MODEL:
  BACKBONE:
    NAME: ViT-B/32
    PRETRAINED: True
  HEAD:
    ACTIVATION: relu
    BN: True
    DROPOUT: 0.0
    HIDDEN_LAYERS: ()
    NAME: 
  INIT_WEIGHTS: 
OPTIM:
  ADAM_BETA1: 0.9
  ADAM_BETA2: 0.999
  BASE_LR_MULT: 0.1
  GAMMA: 0.1
  LR: 0.002
  LR_SCHEDULER: cosine
  MAX_EPOCH: 200
  MOMENTUM: 0.9
  NAME: sgd
  NEW_LAYERS: ()
  RMSPROP_ALPHA: 0.99
  SGD_DAMPNING: 0
  SGD_NESTEROV: False
  STAGED_LR: False
  STEPSIZE: (-1,)
  WARMUP_CONS_LR: 1e-05
  WARMUP_EPOCH: 1
  WARMUP_MIN_LR: 1e-05
  WARMUP_RECOUNT: True
  WARMUP_TYPE: constant
  WEIGHT_DECAY: 0.0005
OUTPUT_DIR: output/dtd/CoOp/vit_b32_1shots/nctx16_cscTrue_ctpend/seed1
RESUME: 
SEED: 1
TEST:
  COMPUTE_CMAT: False
  EVALUATOR: Classification
  FINAL_MODEL: last_step
  NO_TEST: False
  PER_CLASS_RESULT: False
  SPLIT: test
TRAIN:
  CHECKPOINT_FREQ: 0
  COUNT_ITER: train_x
  PRINT_FREQ: 5
TRAINER:
  CDAC:
    CLASS_LR_MULTI: 10
    P_THRESH: 0.95
    RAMPUP_COEF: 30
    RAMPUP_ITRS: 1000
    STRONG_TRANSFORMS: ()
    TOPK_MATCH: 5
  COCOOP:
    CTX_INIT: 
    N_CTX: 16
    PREC: fp16
  COOP:
    CLASS_TOKEN_POSITION: end
    CSC: True
    CTX_INIT: 
    N_CTX: 16
    PREC: fp16
  CROSSGRAD:
    ALPHA_D: 0.5
    ALPHA_F: 0.5
    EPS_D: 1.0
    EPS_F: 1.0
  DAEL:
    CONF_THRE: 0.95
    STRONG_TRANSFORMS: ()
    WEIGHT_U: 0.5
  DAELDG:
    CONF_THRE: 0.95
    STRONG_TRANSFORMS: ()
    WEIGHT_U: 0.5
  DDAIG:
    ALPHA: 0.5
    CLAMP: False
    CLAMP_MAX: 1.0
    CLAMP_MIN: -1.0
    G_ARCH: 
    LMDA: 0.3
    WARMUP: 0
  DOMAINMIX:
    ALPHA: 1.0
    BETA: 1.0
    TYPE: crossdomain
  ENTMIN:
    LMDA: 0.001
  FIXMATCH:
    CONF_THRE: 0.95
    STRONG_TRANSFORMS: ()
    WEIGHT_U: 1.0
  M3SDA:
    LMDA: 0.5
    N_STEP_F: 4
  MCD:
    N_STEP_F: 4
  MEANTEACHER:
    EMA_ALPHA: 0.999
    RAMPUP: 5
    WEIGHT_U: 1.0
  MIXMATCH:
    MIXUP_BETA: 0.75
    RAMPUP: 20000
    TEMP: 2.0
    WEIGHT_U: 100.0
  MME:
    LMDA: 0.1
  NAME: CoOp
  SE:
    CONF_THRE: 0.95
    EMA_ALPHA: 0.999
    RAMPUP: 300
USE_CUDA: True
VERBOSE: True
VERSION: 1
Collecting env info ...
** System info **
PyTorch version: 1.13.1+cu116
Is debug build: False
CUDA used to build PyTorch: 11.6
ROCM used to build PyTorch: N/A

OS: linux (x86_64)
GCC version: (GCC) 12.2.0
Clang version: Could not collect
CMake version: version 3.24.2
Libc version: glibc-2.28

Python version: 3.8.19 (default, Mar 20 2024, 19:58:24)  [GCC 11.2.0] (64-bit runtime)
Python platform: Linux-4.18.0-425.3.1.el8.x86_64-x86_64-with-glibc2.17
Is CUDA available: True
CUDA runtime version: 11.8.89
CUDA_MODULE_LOADING set to: LAZY
GPU models and configuration: GPU 0: NVIDIA RTX A5000
Nvidia driver version: 530.30.02
cuDNN version: Could not collect
HIP runtime version: N/A
MIOpen runtime version: N/A
Is XNNPACK available: True

Versions of relevant libraries:
[pip3] numpy==1.24.4
[pip3] torch==1.13.1+cu116
[pip3] torchaudio==0.13.1+cu116
[pip3] torchvision==0.14.1+cu116
[conda] numpy                     1.24.4                   pypi_0    pypi
[conda] torch                     1.13.1+cu116             pypi_0    pypi
[conda] torchaudio                0.13.1+cu116             pypi_0    pypi
[conda] torchvision               0.14.1+cu116             pypi_0    pypi
        Pillow (10.4.0)

Loading trainer: CoOp
Loading dataset: DescribableTextures
Traceback (most recent call last):
  File "train.py", line 207, in <module>
    main(args)
  File "train.py", line 142, in main
    trainer = build_trainer(cfg)
  File "/home/jin749/Projects/Dassl.pytorch/dassl/engine/build.py", line 11, in build_trainer
    return TRAINER_REGISTRY.get(cfg.TRAINER.NAME)(cfg)
  File "/home/jin749/Projects/Dassl.pytorch/dassl/engine/trainer.py", line 324, in __init__
    self.build_data_loader()
  File "/home/jin749/Projects/Dassl.pytorch/dassl/engine/trainer.py", line 347, in build_data_loader
    dm = DataManager(self.cfg)
  File "/home/jin749/Projects/Dassl.pytorch/dassl/data/data_manager.py", line 61, in __init__
    dataset = build_dataset(cfg)
  File "/home/jin749/Projects/Dassl.pytorch/dassl/data/datasets/build.py", line 11, in build_dataset
    return DATASET_REGISTRY.get(cfg.DATASET.NAME)(cfg)
  File "/home/jin749/Projects/coop_concept/datasets/dtd.py", line 22, in __init__
    mkdir_if_missing(self.split_fewshot_dir)
  File "/home/jin749/Projects/Dassl.pytorch/dassl/utils/tools.py", line 38, in mkdir_if_missing
    os.makedirs(dirname)
  File "/home/jin749/miniconda3/envs/coop/lib/python3.8/os.py", line 213, in makedirs
    makedirs(head, exist_ok=exist_ok)
  File "/home/jin749/miniconda3/envs/coop/lib/python3.8/os.py", line 213, in makedirs
    makedirs(head, exist_ok=exist_ok)
  File "/home/jin749/miniconda3/envs/coop/lib/python3.8/os.py", line 213, in makedirs
    makedirs(head, exist_ok=exist_ok)
  [Previous line repeated 2 more times]
  File "/home/jin749/miniconda3/envs/coop/lib/python3.8/os.py", line 223, in makedirs
    mkdir(name, mode)
PermissionError: [Errno 13] Permission denied: '/hdd'
/home/jin749/Projects/coop_concept/clip/clip.py:23: UserWarning: PyTorch version 1.7.1 or higher is recommended
  warnings.warn("PyTorch version 1.7.1 or higher is recommended")
Setting fixed seed: 2
***************
** Arguments **
***************
backbone: 
config_file: configs/trainers/CoOp/vit_b32.yaml
dataset_config_file: configs/datasets/dtd.yaml
eval_only: False
head: 
load_epoch: None
model_dir: 
no_train: False
opts: ['TRAINER.COOP.N_CTX', '16', 'TRAINER.COOP.CSC', 'True', 'TRAINER.COOP.CLASS_TOKEN_POSITION', 'end', 'DATASET.NUM_SHOTS', '1']
output_dir: output/dtd/CoOp/vit_b32_1shots/nctx16_cscTrue_ctpend/seed2
resume: 
root: /hdd/hdd3/jsh/DATA
seed: 2
source_domains: None
target_domains: None
trainer: CoOp
transforms: None
************
** Config **
************
DATALOADER:
  K_TRANSFORMS: 1
  NUM_WORKERS: 8
  RETURN_IMG0: False
  TEST:
    BATCH_SIZE: 100
    SAMPLER: SequentialSampler
  TRAIN_U:
    BATCH_SIZE: 32
    N_DOMAIN: 0
    N_INS: 16
    SAME_AS_X: True
    SAMPLER: RandomSampler
  TRAIN_X:
    BATCH_SIZE: 32
    N_DOMAIN: 0
    N_INS: 16
    SAMPLER: RandomSampler
DATASET:
  ALL_AS_UNLABELED: False
  CIFAR_C_LEVEL: 1
  CIFAR_C_TYPE: 
  NAME: DescribableTextures
  NUM_LABELED: -1
  NUM_SHOTS: 1
  ROOT: /hdd/hdd3/jsh/DATA
  SOURCE_DOMAINS: ()
  STL10_FOLD: -1
  SUBSAMPLE_CLASSES: all
  TARGET_DOMAINS: ()
  VAL_PERCENT: 0.1
INPUT:
  COLORJITTER_B: 0.4
  COLORJITTER_C: 0.4
  COLORJITTER_H: 0.1
  COLORJITTER_S: 0.4
  CROP_PADDING: 4
  CUTOUT_LEN: 16
  CUTOUT_N: 1
  GB_K: 21
  GB_P: 0.5
  GN_MEAN: 0.0
  GN_STD: 0.15
  INTERPOLATION: bicubic
  NO_TRANSFORM: False
  PIXEL_MEAN: [0.48145466, 0.4578275, 0.40821073]
  PIXEL_STD: [0.26862954, 0.26130258, 0.27577711]
  RANDAUGMENT_M: 10
  RANDAUGMENT_N: 2
  RGS_P: 0.2
  RRCROP_SCALE: (0.08, 1.0)
  SIZE: (224, 224)
  TRANSFORMS: ('random_resized_crop', 'random_flip', 'normalize')
MODEL:
  BACKBONE:
    NAME: ViT-B/32
    PRETRAINED: True
  HEAD:
    ACTIVATION: relu
    BN: True
    DROPOUT: 0.0
    HIDDEN_LAYERS: ()
    NAME: 
  INIT_WEIGHTS: 
OPTIM:
  ADAM_BETA1: 0.9
  ADAM_BETA2: 0.999
  BASE_LR_MULT: 0.1
  GAMMA: 0.1
  LR: 0.002
  LR_SCHEDULER: cosine
  MAX_EPOCH: 200
  MOMENTUM: 0.9
  NAME: sgd
  NEW_LAYERS: ()
  RMSPROP_ALPHA: 0.99
  SGD_DAMPNING: 0
  SGD_NESTEROV: False
  STAGED_LR: False
  STEPSIZE: (-1,)
  WARMUP_CONS_LR: 1e-05
  WARMUP_EPOCH: 1
  WARMUP_MIN_LR: 1e-05
  WARMUP_RECOUNT: True
  WARMUP_TYPE: constant
  WEIGHT_DECAY: 0.0005
OUTPUT_DIR: output/dtd/CoOp/vit_b32_1shots/nctx16_cscTrue_ctpend/seed2
RESUME: 
SEED: 2
TEST:
  COMPUTE_CMAT: False
  EVALUATOR: Classification
  FINAL_MODEL: last_step
  NO_TEST: False
  PER_CLASS_RESULT: False
  SPLIT: test
TRAIN:
  CHECKPOINT_FREQ: 0
  COUNT_ITER: train_x
  PRINT_FREQ: 5
TRAINER:
  CDAC:
    CLASS_LR_MULTI: 10
    P_THRESH: 0.95
    RAMPUP_COEF: 30
    RAMPUP_ITRS: 1000
    STRONG_TRANSFORMS: ()
    TOPK_MATCH: 5
  COCOOP:
    CTX_INIT: 
    N_CTX: 16
    PREC: fp16
  COOP:
    CLASS_TOKEN_POSITION: end
    CSC: True
    CTX_INIT: 
    N_CTX: 16
    PREC: fp16
  CROSSGRAD:
    ALPHA_D: 0.5
    ALPHA_F: 0.5
    EPS_D: 1.0
    EPS_F: 1.0
  DAEL:
    CONF_THRE: 0.95
    STRONG_TRANSFORMS: ()
    WEIGHT_U: 0.5
  DAELDG:
    CONF_THRE: 0.95
    STRONG_TRANSFORMS: ()
    WEIGHT_U: 0.5
  DDAIG:
    ALPHA: 0.5
    CLAMP: False
    CLAMP_MAX: 1.0
    CLAMP_MIN: -1.0
    G_ARCH: 
    LMDA: 0.3
    WARMUP: 0
  DOMAINMIX:
    ALPHA: 1.0
    BETA: 1.0
    TYPE: crossdomain
  ENTMIN:
    LMDA: 0.001
  FIXMATCH:
    CONF_THRE: 0.95
    STRONG_TRANSFORMS: ()
    WEIGHT_U: 1.0
  M3SDA:
    LMDA: 0.5
    N_STEP_F: 4
  MCD:
    N_STEP_F: 4
  MEANTEACHER:
    EMA_ALPHA: 0.999
    RAMPUP: 5
    WEIGHT_U: 1.0
  MIXMATCH:
    MIXUP_BETA: 0.75
    RAMPUP: 20000
    TEMP: 2.0
    WEIGHT_U: 100.0
  MME:
    LMDA: 0.1
  NAME: CoOp
  SE:
    CONF_THRE: 0.95
    EMA_ALPHA: 0.999
    RAMPUP: 300
USE_CUDA: True
VERBOSE: True
VERSION: 1
Collecting env info ...
** System info **
PyTorch version: 1.13.1+cu116
Is debug build: False
CUDA used to build PyTorch: 11.6
ROCM used to build PyTorch: N/A

OS: linux (x86_64)
GCC version: (GCC) 12.2.0
Clang version: Could not collect
CMake version: version 3.24.2
Libc version: glibc-2.28

Python version: 3.8.19 (default, Mar 20 2024, 19:58:24)  [GCC 11.2.0] (64-bit runtime)
Python platform: Linux-4.18.0-425.3.1.el8.x86_64-x86_64-with-glibc2.17
Is CUDA available: True
CUDA runtime version: 11.8.89
CUDA_MODULE_LOADING set to: LAZY
GPU models and configuration: GPU 0: NVIDIA RTX A5000
Nvidia driver version: 530.30.02
cuDNN version: Could not collect
HIP runtime version: N/A
MIOpen runtime version: N/A
Is XNNPACK available: True

Versions of relevant libraries:
[pip3] numpy==1.24.4
[pip3] torch==1.13.1+cu116
[pip3] torchaudio==0.13.1+cu116
[pip3] torchvision==0.14.1+cu116
[conda] numpy                     1.24.4                   pypi_0    pypi
[conda] torch                     1.13.1+cu116             pypi_0    pypi
[conda] torchaudio                0.13.1+cu116             pypi_0    pypi
[conda] torchvision               0.14.1+cu116             pypi_0    pypi
        Pillow (10.4.0)

Loading trainer: CoOp
Loading dataset: DescribableTextures
Traceback (most recent call last):
  File "train.py", line 207, in <module>
    main(args)
  File "train.py", line 142, in main
    trainer = build_trainer(cfg)
  File "/home/jin749/Projects/Dassl.pytorch/dassl/engine/build.py", line 11, in build_trainer
    return TRAINER_REGISTRY.get(cfg.TRAINER.NAME)(cfg)
  File "/home/jin749/Projects/Dassl.pytorch/dassl/engine/trainer.py", line 324, in __init__
    self.build_data_loader()
  File "/home/jin749/Projects/Dassl.pytorch/dassl/engine/trainer.py", line 347, in build_data_loader
    dm = DataManager(self.cfg)
  File "/home/jin749/Projects/Dassl.pytorch/dassl/data/data_manager.py", line 61, in __init__
    dataset = build_dataset(cfg)
  File "/home/jin749/Projects/Dassl.pytorch/dassl/data/datasets/build.py", line 11, in build_dataset
    return DATASET_REGISTRY.get(cfg.DATASET.NAME)(cfg)
  File "/home/jin749/Projects/coop_concept/datasets/dtd.py", line 22, in __init__
    mkdir_if_missing(self.split_fewshot_dir)
  File "/home/jin749/Projects/Dassl.pytorch/dassl/utils/tools.py", line 38, in mkdir_if_missing
    os.makedirs(dirname)
  File "/home/jin749/miniconda3/envs/coop/lib/python3.8/os.py", line 213, in makedirs
    makedirs(head, exist_ok=exist_ok)
  File "/home/jin749/miniconda3/envs/coop/lib/python3.8/os.py", line 213, in makedirs
    makedirs(head, exist_ok=exist_ok)
  File "/home/jin749/miniconda3/envs/coop/lib/python3.8/os.py", line 213, in makedirs
    makedirs(head, exist_ok=exist_ok)
  [Previous line repeated 2 more times]
  File "/home/jin749/miniconda3/envs/coop/lib/python3.8/os.py", line 223, in makedirs
    mkdir(name, mode)
PermissionError: [Errno 13] Permission denied: '/hdd'
/home/jin749/Projects/coop_concept/clip/clip.py:23: UserWarning: PyTorch version 1.7.1 or higher is recommended
  warnings.warn("PyTorch version 1.7.1 or higher is recommended")
Setting fixed seed: 3
***************
** Arguments **
***************
backbone: 
config_file: configs/trainers/CoOp/vit_b32.yaml
dataset_config_file: configs/datasets/dtd.yaml
eval_only: False
head: 
load_epoch: None
model_dir: 
no_train: False
opts: ['TRAINER.COOP.N_CTX', '16', 'TRAINER.COOP.CSC', 'True', 'TRAINER.COOP.CLASS_TOKEN_POSITION', 'end', 'DATASET.NUM_SHOTS', '1']
output_dir: output/dtd/CoOp/vit_b32_1shots/nctx16_cscTrue_ctpend/seed3
resume: 
root: /hdd/hdd3/jsh/DATA
seed: 3
source_domains: None
target_domains: None
trainer: CoOp
transforms: None
************
** Config **
************
DATALOADER:
  K_TRANSFORMS: 1
  NUM_WORKERS: 8
  RETURN_IMG0: False
  TEST:
    BATCH_SIZE: 100
    SAMPLER: SequentialSampler
  TRAIN_U:
    BATCH_SIZE: 32
    N_DOMAIN: 0
    N_INS: 16
    SAME_AS_X: True
    SAMPLER: RandomSampler
  TRAIN_X:
    BATCH_SIZE: 32
    N_DOMAIN: 0
    N_INS: 16
    SAMPLER: RandomSampler
DATASET:
  ALL_AS_UNLABELED: False
  CIFAR_C_LEVEL: 1
  CIFAR_C_TYPE: 
  NAME: DescribableTextures
  NUM_LABELED: -1
  NUM_SHOTS: 1
  ROOT: /hdd/hdd3/jsh/DATA
  SOURCE_DOMAINS: ()
  STL10_FOLD: -1
  SUBSAMPLE_CLASSES: all
  TARGET_DOMAINS: ()
  VAL_PERCENT: 0.1
INPUT:
  COLORJITTER_B: 0.4
  COLORJITTER_C: 0.4
  COLORJITTER_H: 0.1
  COLORJITTER_S: 0.4
  CROP_PADDING: 4
  CUTOUT_LEN: 16
  CUTOUT_N: 1
  GB_K: 21
  GB_P: 0.5
  GN_MEAN: 0.0
  GN_STD: 0.15
  INTERPOLATION: bicubic
  NO_TRANSFORM: False
  PIXEL_MEAN: [0.48145466, 0.4578275, 0.40821073]
  PIXEL_STD: [0.26862954, 0.26130258, 0.27577711]
  RANDAUGMENT_M: 10
  RANDAUGMENT_N: 2
  RGS_P: 0.2
  RRCROP_SCALE: (0.08, 1.0)
  SIZE: (224, 224)
  TRANSFORMS: ('random_resized_crop', 'random_flip', 'normalize')
MODEL:
  BACKBONE:
    NAME: ViT-B/32
    PRETRAINED: True
  HEAD:
    ACTIVATION: relu
    BN: True
    DROPOUT: 0.0
    HIDDEN_LAYERS: ()
    NAME: 
  INIT_WEIGHTS: 
OPTIM:
  ADAM_BETA1: 0.9
  ADAM_BETA2: 0.999
  BASE_LR_MULT: 0.1
  GAMMA: 0.1
  LR: 0.002
  LR_SCHEDULER: cosine
  MAX_EPOCH: 200
  MOMENTUM: 0.9
  NAME: sgd
  NEW_LAYERS: ()
  RMSPROP_ALPHA: 0.99
  SGD_DAMPNING: 0
  SGD_NESTEROV: False
  STAGED_LR: False
  STEPSIZE: (-1,)
  WARMUP_CONS_LR: 1e-05
  WARMUP_EPOCH: 1
  WARMUP_MIN_LR: 1e-05
  WARMUP_RECOUNT: True
  WARMUP_TYPE: constant
  WEIGHT_DECAY: 0.0005
OUTPUT_DIR: output/dtd/CoOp/vit_b32_1shots/nctx16_cscTrue_ctpend/seed3
RESUME: 
SEED: 3
TEST:
  COMPUTE_CMAT: False
  EVALUATOR: Classification
  FINAL_MODEL: last_step
  NO_TEST: False
  PER_CLASS_RESULT: False
  SPLIT: test
TRAIN:
  CHECKPOINT_FREQ: 0
  COUNT_ITER: train_x
  PRINT_FREQ: 5
TRAINER:
  CDAC:
    CLASS_LR_MULTI: 10
    P_THRESH: 0.95
    RAMPUP_COEF: 30
    RAMPUP_ITRS: 1000
    STRONG_TRANSFORMS: ()
    TOPK_MATCH: 5
  COCOOP:
    CTX_INIT: 
    N_CTX: 16
    PREC: fp16
  COOP:
    CLASS_TOKEN_POSITION: end
    CSC: True
    CTX_INIT: 
    N_CTX: 16
    PREC: fp16
  CROSSGRAD:
    ALPHA_D: 0.5
    ALPHA_F: 0.5
    EPS_D: 1.0
    EPS_F: 1.0
  DAEL:
    CONF_THRE: 0.95
    STRONG_TRANSFORMS: ()
    WEIGHT_U: 0.5
  DAELDG:
    CONF_THRE: 0.95
    STRONG_TRANSFORMS: ()
    WEIGHT_U: 0.5
  DDAIG:
    ALPHA: 0.5
    CLAMP: False
    CLAMP_MAX: 1.0
    CLAMP_MIN: -1.0
    G_ARCH: 
    LMDA: 0.3
    WARMUP: 0
  DOMAINMIX:
    ALPHA: 1.0
    BETA: 1.0
    TYPE: crossdomain
  ENTMIN:
    LMDA: 0.001
  FIXMATCH:
    CONF_THRE: 0.95
    STRONG_TRANSFORMS: ()
    WEIGHT_U: 1.0
  M3SDA:
    LMDA: 0.5
    N_STEP_F: 4
  MCD:
    N_STEP_F: 4
  MEANTEACHER:
    EMA_ALPHA: 0.999
    RAMPUP: 5
    WEIGHT_U: 1.0
  MIXMATCH:
    MIXUP_BETA: 0.75
    RAMPUP: 20000
    TEMP: 2.0
    WEIGHT_U: 100.0
  MME:
    LMDA: 0.1
  NAME: CoOp
  SE:
    CONF_THRE: 0.95
    EMA_ALPHA: 0.999
    RAMPUP: 300
USE_CUDA: True
VERBOSE: True
VERSION: 1
Collecting env info ...
** System info **
PyTorch version: 1.13.1+cu116
Is debug build: False
CUDA used to build PyTorch: 11.6
ROCM used to build PyTorch: N/A

OS: linux (x86_64)
GCC version: (GCC) 12.2.0
Clang version: Could not collect
CMake version: version 3.24.2
Libc version: glibc-2.28

Python version: 3.8.19 (default, Mar 20 2024, 19:58:24)  [GCC 11.2.0] (64-bit runtime)
Python platform: Linux-4.18.0-425.3.1.el8.x86_64-x86_64-with-glibc2.17
Is CUDA available: True
CUDA runtime version: 11.8.89
CUDA_MODULE_LOADING set to: LAZY
GPU models and configuration: GPU 0: NVIDIA RTX A5000
Nvidia driver version: 530.30.02
cuDNN version: Could not collect
HIP runtime version: N/A
MIOpen runtime version: N/A
Is XNNPACK available: True

Versions of relevant libraries:
[pip3] numpy==1.24.4
[pip3] torch==1.13.1+cu116
[pip3] torchaudio==0.13.1+cu116
[pip3] torchvision==0.14.1+cu116
[conda] numpy                     1.24.4                   pypi_0    pypi
[conda] torch                     1.13.1+cu116             pypi_0    pypi
[conda] torchaudio                0.13.1+cu116             pypi_0    pypi
[conda] torchvision               0.14.1+cu116             pypi_0    pypi
        Pillow (10.4.0)

Loading trainer: CoOp
Loading dataset: DescribableTextures
Traceback (most recent call last):
  File "train.py", line 207, in <module>
    main(args)
  File "train.py", line 142, in main
    trainer = build_trainer(cfg)
  File "/home/jin749/Projects/Dassl.pytorch/dassl/engine/build.py", line 11, in build_trainer
    return TRAINER_REGISTRY.get(cfg.TRAINER.NAME)(cfg)
  File "/home/jin749/Projects/Dassl.pytorch/dassl/engine/trainer.py", line 324, in __init__
    self.build_data_loader()
  File "/home/jin749/Projects/Dassl.pytorch/dassl/engine/trainer.py", line 347, in build_data_loader
    dm = DataManager(self.cfg)
  File "/home/jin749/Projects/Dassl.pytorch/dassl/data/data_manager.py", line 61, in __init__
    dataset = build_dataset(cfg)
  File "/home/jin749/Projects/Dassl.pytorch/dassl/data/datasets/build.py", line 11, in build_dataset
    return DATASET_REGISTRY.get(cfg.DATASET.NAME)(cfg)
  File "/home/jin749/Projects/coop_concept/datasets/dtd.py", line 22, in __init__
    mkdir_if_missing(self.split_fewshot_dir)
  File "/home/jin749/Projects/Dassl.pytorch/dassl/utils/tools.py", line 38, in mkdir_if_missing
    os.makedirs(dirname)
  File "/home/jin749/miniconda3/envs/coop/lib/python3.8/os.py", line 213, in makedirs
    makedirs(head, exist_ok=exist_ok)
  File "/home/jin749/miniconda3/envs/coop/lib/python3.8/os.py", line 213, in makedirs
    makedirs(head, exist_ok=exist_ok)
  File "/home/jin749/miniconda3/envs/coop/lib/python3.8/os.py", line 213, in makedirs
    makedirs(head, exist_ok=exist_ok)
  [Previous line repeated 2 more times]
  File "/home/jin749/miniconda3/envs/coop/lib/python3.8/os.py", line 223, in makedirs
    mkdir(name, mode)
PermissionError: [Errno 13] Permission denied: '/hdd'
