JOB_ID: 351245_12

pwd:
/home/jin749/Projects/coop_concept

which python:
/home/jin749/miniconda3/envs/coop/bin/python

Setting fixed seed: 1
***************
** Arguments **
***************
backbone: 
config_file: configs/trainers/CoOp/vit_b32.yaml
dataset_config_file: configs/datasets/oxford_pets.yaml
eval_only: False
head: 
load_epoch: None
model_dir: 
no_train: False
opts: ['TRAINER.COOP.N_CTX', '16', 'TRAINER.COOP.CSC', 'True', 'TRAINER.COOP.CLASS_TOKEN_POSITION', 'end', 'DATASET.NUM_SHOTS', '8']
output_dir: output/oxford_pets/CoOp/vit_b32_8shots/nctx16_cscTrue_ctpend/seed1
resume: 
root: /home/jin749/DATA
seed: 1
source_domains: None
target_domains: None
trainer: CoOp
transforms: None
************
** Config **
************
DATALOADER:
  K_TRANSFORMS: 1
  NUM_WORKERS: 8
  RETURN_IMG0: False
  TEST:
    BATCH_SIZE: 100
    SAMPLER: SequentialSampler
  TRAIN_U:
    BATCH_SIZE: 32
    N_DOMAIN: 0
    N_INS: 16
    SAME_AS_X: True
    SAMPLER: RandomSampler
  TRAIN_X:
    BATCH_SIZE: 32
    N_DOMAIN: 0
    N_INS: 16
    SAMPLER: RandomSampler
DATASET:
  ALL_AS_UNLABELED: False
  CIFAR_C_LEVEL: 1
  CIFAR_C_TYPE: 
  NAME: OxfordPets
  NUM_LABELED: -1
  NUM_SHOTS: 8
  ROOT: /home/jin749/DATA
  SOURCE_DOMAINS: ()
  STL10_FOLD: -1
  SUBSAMPLE_CLASSES: all
  TARGET_DOMAINS: ()
  VAL_PERCENT: 0.1
INPUT:
  COLORJITTER_B: 0.4
  COLORJITTER_C: 0.4
  COLORJITTER_H: 0.1
  COLORJITTER_S: 0.4
  CROP_PADDING: 4
  CUTOUT_LEN: 16
  CUTOUT_N: 1
  GB_K: 21
  GB_P: 0.5
  GN_MEAN: 0.0
  GN_STD: 0.15
  INTERPOLATION: bicubic
  NO_TRANSFORM: False
  PIXEL_MEAN: [0.48145466, 0.4578275, 0.40821073]
  PIXEL_STD: [0.26862954, 0.26130258, 0.27577711]
  RANDAUGMENT_M: 10
  RANDAUGMENT_N: 2
  RGS_P: 0.2
  RRCROP_SCALE: (0.08, 1.0)
  SIZE: (224, 224)
  TRANSFORMS: ('random_resized_crop', 'random_flip', 'normalize')
MODEL:
  BACKBONE:
    NAME: ViT-B/32
    PRETRAINED: True
  HEAD:
    ACTIVATION: relu
    BN: True
    DROPOUT: 0.0
    HIDDEN_LAYERS: ()
    NAME: 
  INIT_WEIGHTS: 
OPTIM:
  ADAM_BETA1: 0.9
  ADAM_BETA2: 0.999
  BASE_LR_MULT: 0.1
  GAMMA: 0.1
  LR: 0.002
  LR_SCHEDULER: cosine
  MAX_EPOCH: 200
  MOMENTUM: 0.9
  NAME: sgd
  NEW_LAYERS: ()
  RMSPROP_ALPHA: 0.99
  SGD_DAMPNING: 0
  SGD_NESTEROV: False
  STAGED_LR: False
  STEPSIZE: (-1,)
  WARMUP_CONS_LR: 1e-05
  WARMUP_EPOCH: 1
  WARMUP_MIN_LR: 1e-05
  WARMUP_RECOUNT: True
  WARMUP_TYPE: constant
  WEIGHT_DECAY: 0.0005
OUTPUT_DIR: output/oxford_pets/CoOp/vit_b32_8shots/nctx16_cscTrue_ctpend/seed1
RESUME: 
SEED: 1
TEST:
  COMPUTE_CMAT: False
  EVALUATOR: Classification
  FINAL_MODEL: last_step
  NO_TEST: False
  PER_CLASS_RESULT: False
  SPLIT: test
TRAIN:
  CHECKPOINT_FREQ: 0
  COUNT_ITER: train_x
  PRINT_FREQ: 5
TRAINER:
  CDAC:
    CLASS_LR_MULTI: 10
    P_THRESH: 0.95
    RAMPUP_COEF: 30
    RAMPUP_ITRS: 1000
    STRONG_TRANSFORMS: ()
    TOPK_MATCH: 5
  COCOOP:
    CTX_INIT: 
    N_CTX: 16
    PREC: fp16
  COOP:
    CLASS_TOKEN_POSITION: end
    CSC: True
    CTX_INIT: 
    N_CTX: 16
    PREC: fp16
  CROSSGRAD:
    ALPHA_D: 0.5
    ALPHA_F: 0.5
    EPS_D: 1.0
    EPS_F: 1.0
  DAEL:
    CONF_THRE: 0.95
    STRONG_TRANSFORMS: ()
    WEIGHT_U: 0.5
  DAELDG:
    CONF_THRE: 0.95
    STRONG_TRANSFORMS: ()
    WEIGHT_U: 0.5
  DDAIG:
    ALPHA: 0.5
    CLAMP: False
    CLAMP_MAX: 1.0
    CLAMP_MIN: -1.0
    G_ARCH: 
    LMDA: 0.3
    WARMUP: 0
  DOMAINMIX:
    ALPHA: 1.0
    BETA: 1.0
    TYPE: crossdomain
  ENTMIN:
    LMDA: 0.001
  FIXMATCH:
    CONF_THRE: 0.95
    STRONG_TRANSFORMS: ()
    WEIGHT_U: 1.0
  M3SDA:
    LMDA: 0.5
    N_STEP_F: 4
  MCD:
    N_STEP_F: 4
  MEANTEACHER:
    EMA_ALPHA: 0.999
    RAMPUP: 5
    WEIGHT_U: 1.0
  MIXMATCH:
    MIXUP_BETA: 0.75
    RAMPUP: 20000
    TEMP: 2.0
    WEIGHT_U: 100.0
  MME:
    LMDA: 0.1
  NAME: CoOp
  SE:
    CONF_THRE: 0.95
    EMA_ALPHA: 0.999
    RAMPUP: 300
USE_CUDA: True
VERBOSE: True
VERSION: 1
Collecting env info ...
** System info **
PyTorch version: 1.13.1+cu116
Is debug build: False
CUDA used to build PyTorch: 11.6
ROCM used to build PyTorch: N/A

OS: linux (x86_64)
GCC version: (GCC) 12.2.0
Clang version: Could not collect
CMake version: version 3.24.2
Libc version: glibc-2.28

Python version: 3.8.19 (default, Mar 20 2024, 19:58:24)  [GCC 11.2.0] (64-bit runtime)
Python platform: Linux-4.18.0-425.3.1.el8.x86_64-x86_64-with-glibc2.17
Is CUDA available: True
CUDA runtime version: 11.8.89
CUDA_MODULE_LOADING set to: LAZY
GPU models and configuration: GPU 0: NVIDIA RTX A5000
Nvidia driver version: 530.30.02
cuDNN version: Could not collect
HIP runtime version: N/A
MIOpen runtime version: N/A
Is XNNPACK available: True

Versions of relevant libraries:
[pip3] numpy==1.24.4
[pip3] torch==1.13.1+cu116
[pip3] torchaudio==0.13.1+cu116
[pip3] torchvision==0.14.1+cu116
[conda] numpy                     1.24.4                   pypi_0    pypi
[conda] torch                     1.13.1+cu116             pypi_0    pypi
[conda] torchaudio                0.13.1+cu116             pypi_0    pypi
[conda] torchvision               0.14.1+cu116             pypi_0    pypi
        Pillow (10.4.0)

Loading trainer: CoOp
Loading dataset: OxfordPets
Reading split from /home/jin749/DATA/oxford_pets/split_zhou_OxfordPets.json
Creating a 8-shot dataset
Creating a 4-shot dataset
Saving preprocessed few-shot data to /home/jin749/DATA/oxford_pets/split_fewshot/shot_8-seed_1.pkl
Building transform_train
+ random resized crop (size=(224, 224), scale=(0.08, 1.0))
+ random flip
+ to torch tensor of range [0, 1]
+ normalization (mean=[0.48145466, 0.4578275, 0.40821073], std=[0.26862954, 0.26130258, 0.27577711])
Building transform_test
+ resize the smaller edge to 224
+ 224x224 center crop
+ to torch tensor of range [0, 1]
+ normalization (mean=[0.48145466, 0.4578275, 0.40821073], std=[0.26862954, 0.26130258, 0.27577711])
---------  ----------
Dataset    OxfordPets
# classes  37
# train_x  296
# val      148
# test     3,669
---------  ----------
Loading CLIP (backbone: ViT-B/32)
Building custom CLIP
Initializing class-specific contexts
Initial context: "X X X X X X X X X X X X X X X X"
Number of context words (tokens): 16
[343, 343, 343, 343, 343, 343, 343, 343, 343, 343, 343, 343, 343, 343, 343, 343, 16342, 690, 36638, 1448, 791, 287, 287, 287, 287, 9686, 267, 287, 287, 287, 287, 7072, 267, 287, 287, 287, 287, 9861, 267, 537, 287, 287, 287, 287, 4132, 269]
[343, 343, 343, 343, 343, 343, 343, 343, 343, 343, 343, 343, 343, 343, 343, 343, 2151, 15611, 1448, 791, 287, 287, 287, 287, 33385, 267, 287, 287, 287, 287, 1774, 267, 287, 287, 287, 287, 1375, 267, 537, 287, 287, 287, 287, 17307, 269]
[343, 343, 343, 343, 343, 343, 343, 343, 343, 343, 343, 343, 343, 343, 343, 343, 2151, 7476, 6029, 14455, 1448, 791, 287, 287, 287, 287, 1774, 267, 287, 287, 287, 287, 2225, 267, 287, 287, 287, 287, 1672, 620, 267, 537, 287, 287, 287, 287, 1375, 269]
[343, 343, 343, 343, 343, 343, 343, 343, 343, 343, 343, 343, 343, 343, 343, 343, 1244, 1167, 13561, 1448, 791, 287, 287, 287, 287, 1929, 267, 287, 287, 287, 287, 9861, 267, 287, 287, 287, 287, 1774, 267, 537, 287, 287, 287, 287, 7356, 269]
[343, 343, 343, 343, 343, 343, 343, 343, 343, 343, 343, 343, 343, 343, 343, 343, 30044, 1448, 791, 287, 287, 287, 287, 1929, 267, 287, 287, 287, 287, 9861, 267, 287, 287, 287, 287, 1672, 620, 267, 537, 287, 287, 287, 287, 4132, 269]
[343, 343, 343, 343, 343, 343, 343, 343, 343, 343, 343, 343, 343, 343, 343, 343, 16374, 1448, 791, 287, 287, 287, 287, 1774, 267, 287, 287, 287, 287, 9686, 267, 287, 287, 287, 287, 14239, 267, 537, 287, 287, 287, 287, 7670, 269]
[343, 343, 343, 343, 343, 343, 343, 343, 343, 343, 343, 343, 343, 343, 343, 343, 921, 786, 1448, 791, 287, 287, 287, 287, 4668, 267, 287, 287, 287, 287, 9686, 267, 287, 287, 287, 287, 9861, 267, 537, 287, 287, 287, 287, 3095, 269]
[343, 343, 343, 343, 343, 343, 343, 343, 343, 343, 343, 343, 343, 343, 343, 343, 23890, 1448, 791, 287, 287, 287, 287, 9686, 267, 287, 287, 287, 287, 9861, 267, 287, 287, 287, 287, 4132, 267, 537, 287, 287, 287, 287, 1774, 269]
[343, 343, 343, 343, 343, 343, 343, 343, 343, 343, 343, 343, 343, 343, 343, 343, 15363, 1448, 791, 287, 287, 287, 287, 1929, 267, 287, 287, 287, 287, 7356, 267, 287, 287, 287, 287, 1375, 267, 537, 287, 287, 287, 287, 9861, 269]
[343, 343, 343, 343, 343, 343, 343, 343, 343, 343, 343, 343, 343, 343, 343, 343, 3504, 37397, 1922, 1448, 791, 287, 287, 287, 287, 9686, 267, 287, 287, 287, 287, 3095, 267, 287, 287, 287, 287, 670, 7873, 267, 537, 287, 287, 287, 287, 9861, 269]
[343, 343, 343, 343, 343, 343, 343, 343, 343, 343, 343, 343, 343, 343, 343, 343, 30181, 1448, 791, 287, 287, 287, 287, 3235, 267, 287, 287, 287, 287, 7072, 267, 287, 287, 287, 287, 1774, 267, 537, 287, 287, 287, 287, 9861, 269]
[343, 343, 343, 343, 343, 343, 343, 343, 343, 343, 343, 343, 343, 343, 343, 343, 12428, 23033, 1448, 791, 287, 287, 287, 287, 2368, 267, 287, 287, 287, 287, 1774, 267, 287, 287, 287, 287, 9861, 267, 537, 287, 287, 287, 287, 7072, 269]
[343, 343, 343, 343, 343, 343, 343, 343, 343, 343, 343, 343, 343, 343, 343, 343, 3469, 622, 4744, 35435, 1448, 791, 287, 287, 287, 287, 1929, 267, 287, 287, 287, 287, 7356, 267, 287, 287, 287, 287, 4132, 267, 537, 287, 287, 287, 287, 9861, 269]
[343, 343, 343, 343, 343, 343, 343, 343, 343, 343, 343, 343, 343, 343, 343, 343, 3469, 23153, 1448, 791, 287, 287, 287, 287, 4668, 267, 287, 287, 287, 287, 9686, 267, 287, 287, 287, 287, 9861, 267, 537, 287, 287, 287, 287, 4132, 269]
[343, 343, 343, 343, 343, 343, 343, 343, 343, 343, 343, 343, 343, 343, 343, 343, 4710, 37397, 21938, 1448, 791, 287, 287, 287, 287, 7356, 267, 287, 287, 287, 287, 3140, 267, 287, 287, 287, 287, 3095, 267, 537, 287, 287, 287, 287, 9861, 269]
[343, 343, 343, 343, 343, 343, 343, 343, 343, 343, 343, 343, 343, 343, 343, 343, 830, 39744, 1448, 791, 287, 287, 287, 287, 1929, 267, 287, 287, 287, 287, 1710, 267, 287, 287, 287, 287, 9861, 267, 537, 287, 287, 287, 287, 4132, 269]
[343, 343, 343, 343, 343, 343, 343, 343, 343, 343, 343, 343, 343, 343, 343, 343, 560, 2446, 2260, 1448, 791, 287, 287, 287, 287, 3235, 267, 287, 287, 287, 287, 7356, 267, 287, 287, 287, 287, 4132, 267, 537, 287, 287, 287, 287, 9861, 269]
[343, 343, 343, 343, 343, 343, 343, 343, 343, 343, 343, 343, 343, 343, 343, 343, 4925, 8979, 1448, 791, 287, 287, 287, 287, 1774, 267, 287, 287, 287, 287, 7072, 267, 287, 287, 287, 287, 1375, 267, 537, 287, 287, 287, 287, 7356, 269]
[343, 343, 343, 343, 343, 343, 343, 343, 343, 343, 343, 343, 343, 343, 343, 343, 9724, 552, 2636, 1448, 791, 287, 287, 287, 287, 7356, 267, 287, 287, 287, 287, 4132, 267, 287, 287, 287, 287, 1375, 267, 537, 287, 287, 287, 287, 9861, 269]
[343, 343, 343, 343, 343, 343, 343, 343, 343, 343, 343, 343, 343, 343, 343, 343, 6581, 13873, 1448, 791, 287, 287, 287, 287, 4668, 267, 287, 287, 287, 287, 3140, 267, 287, 287, 287, 287, 8231, 267, 537, 287, 287, 287, 287, 4132, 269]
[343, 343, 343, 343, 343, 343, 343, 343, 343, 343, 343, 343, 343, 343, 343, 343, 7836, 16958, 1448, 791, 287, 287, 287, 287, 1774, 267, 287, 287, 287, 287, 9686, 267, 287, 287, 287, 287, 4132, 267, 537, 287, 287, 287, 287, 9861, 269]
[343, 343, 343, 343, 343, 343, 343, 343, 343, 343, 343, 343, 343, 343, 343, 343, 16377, 2629, 21299, 1448, 791, 287, 287, 287, 287, 3235, 267, 287, 287, 287, 287, 7356, 267, 287, 287, 287, 287, 9861, 267, 537, 287, 287, 287, 287, 670, 7873, 269]
[343, 343, 343, 343, 343, 343, 343, 343, 343, 343, 343, 343, 343, 343, 343, 343, 28079, 1448, 791, 287, 287, 287, 287, 1774, 267, 287, 287, 287, 287, 7356, 267, 287, 287, 287, 287, 4804, 267, 537, 287, 287, 287, 287, 1375, 269]
[343, 343, 343, 343, 343, 343, 343, 343, 343, 343, 343, 343, 343, 343, 343, 343, 19859, 1448, 791, 287, 287, 287, 287, 9686, 267, 287, 287, 287, 287, 1710, 267, 287, 287, 287, 287, 8231, 267, 537, 287, 287, 287, 287, 3095, 269]
[343, 343, 343, 343, 343, 343, 343, 343, 343, 343, 343, 343, 343, 343, 343, 343, 35156, 9945, 1448, 791, 287, 287, 287, 287, 3235, 267, 287, 287, 287, 287, 1375, 267, 287, 287, 287, 287, 9861, 267, 537, 287, 287, 287, 287, 7356, 269]
[343, 343, 343, 343, 343, 343, 343, 343, 343, 343, 343, 343, 343, 343, 343, 343, 17739, 1448, 791, 287, 287, 287, 287, 13791, 267, 287, 287, 287, 287, 1710, 267, 287, 287, 287, 287, 7356, 267, 537, 287, 287, 287, 287, 3095, 269]
[343, 343, 343, 343, 343, 343, 343, 343, 343, 343, 343, 343, 343, 343, 343, 343, 13958, 9286, 1448, 791, 287, 287, 287, 287, 1774, 267, 287, 287, 287, 287, 7356, 267, 287, 287, 287, 287, 3095, 267, 537, 287, 287, 287, 287, 4132, 269]
[343, 343, 343, 343, 343, 343, 343, 343, 343, 343, 343, 343, 343, 343, 343, 343, 4868, 1746, 1448, 791, 287, 287, 287, 287, 9686, 267, 287, 287, 287, 287, 3095, 267, 287, 287, 287, 287, 4132, 267, 537, 287, 287, 287, 287, 1375, 269]
[343, 343, 343, 343, 343, 343, 343, 343, 343, 343, 343, 343, 343, 343, 343, 343, 5599, 14579, 1448, 791, 287, 287, 287, 287, 4668, 267, 287, 287, 287, 287, 3235, 267, 287, 287, 287, 287, 7356, 267, 537, 287, 287, 287, 287, 41046, 269]
[343, 343, 343, 343, 343, 343, 343, 343, 343, 343, 343, 343, 343, 343, 343, 343, 30006, 3301, 1448, 791, 287, 287, 287, 287, 7356, 267, 287, 287, 287, 287, 7356, 267, 287, 287, 287, 287, 4132, 267, 537, 287, 287, 287, 287, 3095, 269]
[343, 343, 343, 343, 343, 343, 343, 343, 343, 343, 343, 343, 343, 343, 343, 343, 7442, 14455, 1448, 791, 287, 287, 287, 287, 1929, 267, 287, 287, 287, 287, 7356, 267, 287, 287, 287, 287, 19923, 267, 537, 287, 287, 287, 287, 9861, 269]
[343, 343, 343, 343, 343, 343, 343, 343, 343, 343, 343, 343, 343, 343, 343, 343, 823, 1792, 512, 340, 1448, 791, 287, 287, 287, 287, 1929, 267, 287, 287, 287, 287, 9686, 267, 287, 287, 287, 287, 1375, 267, 537, 287, 287, 287, 287, 9861, 269]
[343, 343, 343, 343, 343, 343, 343, 343, 343, 343, 343, 343, 343, 343, 343, 343, 43161, 1448, 791, 287, 287, 287, 287, 3095, 267, 287, 287, 287, 287, 4036, 656, 267, 287, 287, 287, 287, 1774, 267, 537, 287, 287, 287, 287, 1375, 269]
[343, 343, 343, 343, 343, 343, 343, 343, 343, 343, 343, 343, 343, 343, 343, 343, 43808, 16997, 1448, 791, 287, 287, 287, 287, 2368, 267, 287, 287, 287, 287, 4658, 1285, 267, 287, 287, 287, 287, 9861, 267, 537, 287, 287, 287, 287, 7072, 269]
[343, 343, 343, 343, 343, 343, 343, 343, 343, 343, 343, 343, 343, 343, 343, 343, 29198, 6029, 14455, 1448, 791, 287, 287, 287, 287, 1774, 267, 287, 287, 287, 287, 7072, 267, 287, 287, 287, 287, 1375, 267, 537, 287, 287, 287, 287, 17307, 269]
[343, 343, 343, 343, 343, 343, 343, 343, 343, 343, 343, 343, 343, 343, 343, 343, 20505, 576, 14455, 1448, 791, 287, 287, 287, 287, 1929, 267, 287, 287, 287, 287, 1375, 267, 287, 287, 287, 287, 3095, 267, 537, 287, 287, 287, 287, 9861, 269]
[343, 343, 343, 343, 343, 343, 343, 343, 343, 343, 343, 343, 343, 343, 343, 343, 8633, 14455, 1448, 791, 287, 287, 287, 287, 3235, 267, 287, 287, 287, 287, 2225, 267, 287, 287, 287, 287, 9861, 267, 537, 287, 287, 287, 287, 7356, 269]
Turning off gradients in both the image and the text encoder
Loading evaluator: Classification
No checkpoint found, train from scratch
Initialize tensorboard (log_dir=output/oxford_pets/CoOp/vit_b32_8shots/nctx16_cscTrue_ctpend/seed1/tensorboard)
/home/jin749/Projects/coop_concept/clip/clip.py:23: UserWarning: PyTorch version 1.7.1 or higher is recommended
  warnings.warn("PyTorch version 1.7.1 or higher is recommended")
epoch [1/200] batch [5/9] time 0.048 (1.157) data 0.000 (0.476) loss 3.2891 (3.6773) acc 31.2500 (21.8750) lr 1.0000e-05 eta 0:34:36
epoch [2/200] batch [5/9] time 0.047 (0.159) data 0.000 (0.111) loss 3.3848 (2.8355) acc 40.6250 (42.5000) lr 2.0000e-03 eta 0:04:43
epoch [3/200] batch [5/9] time 0.045 (0.266) data 0.000 (0.218) loss 1.1123 (1.4074) acc 65.6250 (60.6250) lr 1.9999e-03 eta 0:07:52
epoch [4/200] batch [5/9] time 0.050 (0.153) data 0.000 (0.104) loss 0.3933 (0.6000) acc 87.5000 (80.0000) lr 1.9995e-03 eta 0:04:30
epoch [5/200] batch [5/9] time 0.095 (0.154) data 0.048 (0.107) loss 0.5986 (0.5807) acc 75.0000 (83.1250) lr 1.9989e-03 eta 0:04:31
epoch [6/200] batch [5/9] time 0.176 (0.427) data 0.128 (0.379) loss 0.6118 (0.6945) acc 87.5000 (81.2500) lr 1.9980e-03 eta 0:12:27
epoch [7/200] batch [5/9] time 0.235 (0.269) data 0.186 (0.220) loss 0.5229 (0.5042) acc 84.3750 (86.2500) lr 1.9969e-03 eta 0:07:48
epoch [8/200] batch [5/9] time 0.161 (0.206) data 0.113 (0.158) loss 0.2296 (0.4856) acc 93.7500 (88.1250) lr 1.9956e-03 eta 0:05:57
epoch [9/200] batch [5/9] time 0.208 (0.329) data 0.159 (0.280) loss 0.5659 (0.3534) acc 75.0000 (89.3750) lr 1.9940e-03 eta 0:09:26
epoch [10/200] batch [5/9] time 0.135 (0.145) data 0.086 (0.096) loss 0.4216 (0.3196) acc 87.5000 (90.6250) lr 1.9921e-03 eta 0:04:08
epoch [11/200] batch [5/9] time 0.135 (0.149) data 0.087 (0.102) loss 0.1616 (0.3374) acc 96.8750 (91.8750) lr 1.9900e-03 eta 0:04:14
epoch [12/200] batch [5/9] time 0.174 (0.146) data 0.129 (0.099) loss 0.3997 (0.3709) acc 87.5000 (90.6250) lr 1.9877e-03 eta 0:04:08
epoch [13/200] batch [5/9] time 0.174 (0.152) data 0.127 (0.104) loss 0.5181 (0.3075) acc 87.5000 (91.8750) lr 1.9851e-03 eta 0:04:16
epoch [14/200] batch [5/9] time 0.129 (0.145) data 0.081 (0.097) loss 0.3066 (0.3226) acc 93.7500 (94.3750) lr 1.9823e-03 eta 0:04:03
epoch [15/200] batch [5/9] time 0.187 (0.161) data 0.140 (0.115) loss 0.2219 (0.1609) acc 87.5000 (95.6250) lr 1.9792e-03 eta 0:04:29
epoch [16/200] batch [5/9] time 0.143 (0.148) data 0.095 (0.100) loss 0.5308 (0.4555) acc 84.3750 (86.2500) lr 1.9759e-03 eta 0:04:05
epoch [17/200] batch [5/9] time 0.151 (0.147) data 0.107 (0.099) loss 0.2490 (0.2115) acc 90.6250 (92.5000) lr 1.9724e-03 eta 0:04:02
epoch [18/200] batch [5/9] time 0.165 (0.147) data 0.117 (0.099) loss 0.3442 (0.3862) acc 87.5000 (86.8750) lr 1.9686e-03 eta 0:04:01
epoch [19/200] batch [5/9] time 0.078 (0.130) data 0.029 (0.080) loss 0.4912 (0.2530) acc 84.3750 (93.7500) lr 1.9646e-03 eta 0:03:32
epoch [20/200] batch [5/9] time 0.152 (0.145) data 0.103 (0.097) loss 0.4070 (0.3014) acc 87.5000 (90.0000) lr 1.9603e-03 eta 0:03:54
epoch [21/200] batch [5/9] time 0.169 (0.151) data 0.121 (0.103) loss 0.0858 (0.2916) acc 96.8750 (91.2500) lr 1.9558e-03 eta 0:04:03
epoch [22/200] batch [5/9] time 0.172 (0.148) data 0.126 (0.099) loss 0.2866 (0.2646) acc 87.5000 (91.2500) lr 1.9511e-03 eta 0:03:58
epoch [23/200] batch [5/9] time 0.046 (0.128) data 0.000 (0.078) loss 0.3389 (0.2739) acc 90.6250 (93.7500) lr 1.9461e-03 eta 0:03:23
epoch [24/200] batch [5/9] time 0.111 (0.146) data 0.062 (0.099) loss 0.1895 (0.1536) acc 93.7500 (96.2500) lr 1.9409e-03 eta 0:03:52
epoch [25/200] batch [5/9] time 0.047 (0.126) data 0.001 (0.078) loss 0.2837 (0.2866) acc 87.5000 (90.6250) lr 1.9354e-03 eta 0:03:19
epoch [26/200] batch [5/9] time 0.045 (0.128) data 0.000 (0.080) loss 0.5596 (0.2848) acc 78.1250 (90.6250) lr 1.9298e-03 eta 0:03:20
epoch [27/200] batch [5/9] time 0.160 (0.145) data 0.114 (0.098) loss 0.3687 (0.2460) acc 87.5000 (93.1250) lr 1.9239e-03 eta 0:03:46
epoch [28/200] batch [5/9] time 0.145 (0.144) data 0.097 (0.097) loss 0.1295 (0.2266) acc 96.8750 (93.7500) lr 1.9178e-03 eta 0:03:43
epoch [29/200] batch [5/9] time 0.121 (0.141) data 0.071 (0.092) loss 0.0876 (0.2988) acc 96.8750 (91.2500) lr 1.9114e-03 eta 0:03:37
epoch [30/200] batch [5/9] time 0.142 (0.142) data 0.094 (0.094) loss 0.3210 (0.2708) acc 87.5000 (90.6250) lr 1.9048e-03 eta 0:03:37
epoch [31/200] batch [5/9] time 0.137 (0.146) data 0.089 (0.099) loss 0.2163 (0.2420) acc 93.7500 (93.1250) lr 1.8980e-03 eta 0:03:42
epoch [32/200] batch [5/9] time 0.136 (0.149) data 0.087 (0.100) loss 0.3127 (0.2197) acc 84.3750 (94.3750) lr 1.8910e-03 eta 0:03:45
epoch [33/200] batch [5/9] time 0.047 (0.127) data 0.000 (0.078) loss 0.4919 (0.2241) acc 87.5000 (94.3750) lr 1.8838e-03 eta 0:03:11
epoch [34/200] batch [5/9] time 0.049 (0.130) data 0.000 (0.078) loss 0.1653 (0.2122) acc 96.8750 (93.7500) lr 1.8763e-03 eta 0:03:14
epoch [35/200] batch [5/9] time 0.048 (0.126) data 0.000 (0.077) loss 0.1749 (0.2131) acc 93.7500 (93.7500) lr 1.8686e-03 eta 0:03:08
epoch [36/200] batch [5/9] time 0.048 (0.127) data 0.000 (0.079) loss 0.1184 (0.1503) acc 96.8750 (95.6250) lr 1.8607e-03 eta 0:03:08
epoch [37/200] batch [5/9] time 0.050 (0.135) data 0.000 (0.086) loss 0.2454 (0.2920) acc 93.7500 (92.5000) lr 1.8526e-03 eta 0:03:18
epoch [38/200] batch [5/9] time 0.049 (0.131) data 0.000 (0.082) loss 0.3218 (0.1790) acc 87.5000 (94.3750) lr 1.8443e-03 eta 0:03:11
epoch [39/200] batch [5/9] time 0.047 (0.129) data 0.000 (0.080) loss 0.0971 (0.2047) acc 100.0000 (93.7500) lr 1.8358e-03 eta 0:03:08
epoch [40/200] batch [5/9] time 0.048 (0.126) data 0.000 (0.077) loss 0.1851 (0.1325) acc 96.8750 (96.2500) lr 1.8271e-03 eta 0:03:01
epoch [41/200] batch [5/9] time 0.048 (0.132) data 0.000 (0.083) loss 0.1991 (0.1782) acc 87.5000 (94.3750) lr 1.8181e-03 eta 0:03:09
epoch [42/200] batch [5/9] time 0.048 (0.126) data 0.000 (0.078) loss 0.3582 (0.2697) acc 90.6250 (93.7500) lr 1.8090e-03 eta 0:03:00
epoch [43/200] batch [5/9] time 0.049 (0.130) data 0.000 (0.081) loss 0.1676 (0.2065) acc 96.8750 (95.0000) lr 1.7997e-03 eta 0:03:04
