JOB_ID: 351255_10

pwd:
/home/jin749/Projects/coop_concept

which python:
/home/jin749/miniconda3/envs/coop/bin/python

Setting fixed seed: 1
***************
** Arguments **
***************
backbone: 
config_file: configs/trainers/CoOp/vit_b32.yaml
dataset_config_file: configs/datasets/oxford_pets.yaml
eval_only: False
head: 
load_epoch: None
model_dir: 
no_train: False
opts: ['TRAINER.COOP.N_CTX', '16', 'TRAINER.COOP.CSC', 'True', 'TRAINER.COOP.CLASS_TOKEN_POSITION', 'end', 'DATASET.NUM_SHOTS', '2']
output_dir: output/oxford_pets/CoOp/vit_b32_2shots/nctx16_cscTrue_ctpend/seed1
resume: 
root: /home/jin749/DATA
seed: 1
source_domains: None
target_domains: None
trainer: CoOp
transforms: None
************
** Config **
************
DATALOADER:
  K_TRANSFORMS: 1
  NUM_WORKERS: 8
  RETURN_IMG0: False
  TEST:
    BATCH_SIZE: 100
    SAMPLER: SequentialSampler
  TRAIN_U:
    BATCH_SIZE: 32
    N_DOMAIN: 0
    N_INS: 16
    SAME_AS_X: True
    SAMPLER: RandomSampler
  TRAIN_X:
    BATCH_SIZE: 32
    N_DOMAIN: 0
    N_INS: 16
    SAMPLER: RandomSampler
DATASET:
  ALL_AS_UNLABELED: False
  CIFAR_C_LEVEL: 1
  CIFAR_C_TYPE: 
  NAME: OxfordPets
  NUM_LABELED: -1
  NUM_SHOTS: 2
  ROOT: /home/jin749/DATA
  SOURCE_DOMAINS: ()
  STL10_FOLD: -1
  SUBSAMPLE_CLASSES: all
  TARGET_DOMAINS: ()
  VAL_PERCENT: 0.1
INPUT:
  COLORJITTER_B: 0.4
  COLORJITTER_C: 0.4
  COLORJITTER_H: 0.1
  COLORJITTER_S: 0.4
  CROP_PADDING: 4
  CUTOUT_LEN: 16
  CUTOUT_N: 1
  GB_K: 21
  GB_P: 0.5
  GN_MEAN: 0.0
  GN_STD: 0.15
  INTERPOLATION: bicubic
  NO_TRANSFORM: False
  PIXEL_MEAN: [0.48145466, 0.4578275, 0.40821073]
  PIXEL_STD: [0.26862954, 0.26130258, 0.27577711]
  RANDAUGMENT_M: 10
  RANDAUGMENT_N: 2
  RGS_P: 0.2
  RRCROP_SCALE: (0.08, 1.0)
  SIZE: (224, 224)
  TRANSFORMS: ('random_resized_crop', 'random_flip', 'normalize')
MODEL:
  BACKBONE:
    NAME: ViT-B/32
    PRETRAINED: True
  HEAD:
    ACTIVATION: relu
    BN: True
    DROPOUT: 0.0
    HIDDEN_LAYERS: ()
    NAME: 
  INIT_WEIGHTS: 
OPTIM:
  ADAM_BETA1: 0.9
  ADAM_BETA2: 0.999
  BASE_LR_MULT: 0.1
  GAMMA: 0.1
  LR: 0.002
  LR_SCHEDULER: cosine
  MAX_EPOCH: 200
  MOMENTUM: 0.9
  NAME: sgd
  NEW_LAYERS: ()
  RMSPROP_ALPHA: 0.99
  SGD_DAMPNING: 0
  SGD_NESTEROV: False
  STAGED_LR: False
  STEPSIZE: (-1,)
  WARMUP_CONS_LR: 1e-05
  WARMUP_EPOCH: 1
  WARMUP_MIN_LR: 1e-05
  WARMUP_RECOUNT: True
  WARMUP_TYPE: constant
  WEIGHT_DECAY: 0.0005
OUTPUT_DIR: output/oxford_pets/CoOp/vit_b32_2shots/nctx16_cscTrue_ctpend/seed1
RESUME: 
SEED: 1
TEST:
  COMPUTE_CMAT: False
  EVALUATOR: Classification
  FINAL_MODEL: last_step
  NO_TEST: False
  PER_CLASS_RESULT: False
  SPLIT: test
TRAIN:
  CHECKPOINT_FREQ: 0
  COUNT_ITER: train_x
  PRINT_FREQ: 5
TRAINER:
  CDAC:
    CLASS_LR_MULTI: 10
    P_THRESH: 0.95
    RAMPUP_COEF: 30
    RAMPUP_ITRS: 1000
    STRONG_TRANSFORMS: ()
    TOPK_MATCH: 5
  COCOOP:
    CTX_INIT: 
    N_CTX: 16
    PREC: fp16
  COOP:
    CLASS_TOKEN_POSITION: end
    CSC: True
    CTX_INIT: 
    N_CTX: 16
    PREC: fp16
  CROSSGRAD:
    ALPHA_D: 0.5
    ALPHA_F: 0.5
    EPS_D: 1.0
    EPS_F: 1.0
  DAEL:
    CONF_THRE: 0.95
    STRONG_TRANSFORMS: ()
    WEIGHT_U: 0.5
  DAELDG:
    CONF_THRE: 0.95
    STRONG_TRANSFORMS: ()
    WEIGHT_U: 0.5
  DDAIG:
    ALPHA: 0.5
    CLAMP: False
    CLAMP_MAX: 1.0
    CLAMP_MIN: -1.0
    G_ARCH: 
    LMDA: 0.3
    WARMUP: 0
  DOMAINMIX:
    ALPHA: 1.0
    BETA: 1.0
    TYPE: crossdomain
  ENTMIN:
    LMDA: 0.001
  FIXMATCH:
    CONF_THRE: 0.95
    STRONG_TRANSFORMS: ()
    WEIGHT_U: 1.0
  M3SDA:
    LMDA: 0.5
    N_STEP_F: 4
  MCD:
    N_STEP_F: 4
  MEANTEACHER:
    EMA_ALPHA: 0.999
    RAMPUP: 5
    WEIGHT_U: 1.0
  MIXMATCH:
    MIXUP_BETA: 0.75
    RAMPUP: 20000
    TEMP: 2.0
    WEIGHT_U: 100.0
  MME:
    LMDA: 0.1
  NAME: CoOp
  SE:
    CONF_THRE: 0.95
    EMA_ALPHA: 0.999
    RAMPUP: 300
USE_CUDA: True
VERBOSE: True
VERSION: 1
Collecting env info ...
** System info **
PyTorch version: 1.13.1+cu116
Is debug build: False
CUDA used to build PyTorch: 11.6
ROCM used to build PyTorch: N/A

OS: linux (x86_64)
GCC version: (GCC) 12.2.0
Clang version: Could not collect
CMake version: version 3.24.2
Libc version: glibc-2.28

Python version: 3.8.19 (default, Mar 20 2024, 19:58:24)  [GCC 11.2.0] (64-bit runtime)
Python platform: Linux-4.18.0-425.3.1.el8.x86_64-x86_64-with-glibc2.17
Is CUDA available: True
CUDA runtime version: 11.8.89
CUDA_MODULE_LOADING set to: LAZY
GPU models and configuration: GPU 0: NVIDIA RTX A5000
Nvidia driver version: 530.30.02
cuDNN version: Could not collect
HIP runtime version: N/A
MIOpen runtime version: N/A
Is XNNPACK available: True

Versions of relevant libraries:
[pip3] numpy==1.24.4
[pip3] torch==1.13.1+cu116
[pip3] torchaudio==0.13.1+cu116
[pip3] torchvision==0.14.1+cu116
[conda] numpy                     1.24.4                   pypi_0    pypi
[conda] torch                     1.13.1+cu116             pypi_0    pypi
[conda] torchaudio                0.13.1+cu116             pypi_0    pypi
[conda] torchvision               0.14.1+cu116             pypi_0    pypi
        Pillow (10.4.0)

Loading trainer: CoOp
Loading dataset: OxfordPets
Reading split from /home/jin749/DATA/oxford_pets/split_zhou_OxfordPets.json
Creating a 2-shot dataset
Creating a 2-shot dataset
Saving preprocessed few-shot data to /home/jin749/DATA/oxford_pets/split_fewshot/shot_2-seed_1.pkl
Building transform_train
+ random resized crop (size=(224, 224), scale=(0.08, 1.0))
+ random flip
+ to torch tensor of range [0, 1]
+ normalization (mean=[0.48145466, 0.4578275, 0.40821073], std=[0.26862954, 0.26130258, 0.27577711])
Building transform_test
+ resize the smaller edge to 224
+ 224x224 center crop
+ to torch tensor of range [0, 1]
+ normalization (mean=[0.48145466, 0.4578275, 0.40821073], std=[0.26862954, 0.26130258, 0.27577711])
---------  ----------
Dataset    OxfordPets
# classes  37
# train_x  74
# val      74
# test     3,669
---------  ----------
Loading CLIP (backbone: ViT-B/32)
Building custom CLIP
Initializing class-specific contexts
Initial context: "X X X X X X X X X X X X X X X X"
Number of context words (tokens): 16
[343, 343, 343, 343, 343, 343, 343, 343, 343, 343, 343, 343, 343, 343, 343, 343, 16342, 690, 36638, 1448, 791, 287, 287, 287, 287, 9686, 267, 287, 287, 287, 287, 7072, 267, 287, 287, 287, 287, 9861, 267, 537, 287, 287, 287, 287, 4132, 269]
[343, 343, 343, 343, 343, 343, 343, 343, 343, 343, 343, 343, 343, 343, 343, 343, 2151, 15611, 1448, 791, 287, 287, 287, 287, 33385, 267, 287, 287, 287, 287, 1774, 267, 287, 287, 287, 287, 1375, 267, 537, 287, 287, 287, 287, 17307, 269]
[343, 343, 343, 343, 343, 343, 343, 343, 343, 343, 343, 343, 343, 343, 343, 343, 2151, 7476, 6029, 14455, 1448, 791, 287, 287, 287, 287, 1774, 267, 287, 287, 287, 287, 2225, 267, 287, 287, 287, 287, 1672, 620, 267, 537, 287, 287, 287, 287, 1375, 269]
[343, 343, 343, 343, 343, 343, 343, 343, 343, 343, 343, 343, 343, 343, 343, 343, 1244, 1167, 13561, 1448, 791, 287, 287, 287, 287, 1929, 267, 287, 287, 287, 287, 9861, 267, 287, 287, 287, 287, 1774, 267, 537, 287, 287, 287, 287, 7356, 269]
[343, 343, 343, 343, 343, 343, 343, 343, 343, 343, 343, 343, 343, 343, 343, 343, 30044, 1448, 791, 287, 287, 287, 287, 1929, 267, 287, 287, 287, 287, 9861, 267, 287, 287, 287, 287, 1672, 620, 267, 537, 287, 287, 287, 287, 4132, 269]
[343, 343, 343, 343, 343, 343, 343, 343, 343, 343, 343, 343, 343, 343, 343, 343, 16374, 1448, 791, 287, 287, 287, 287, 1774, 267, 287, 287, 287, 287, 9686, 267, 287, 287, 287, 287, 14239, 267, 537, 287, 287, 287, 287, 7670, 269]
[343, 343, 343, 343, 343, 343, 343, 343, 343, 343, 343, 343, 343, 343, 343, 343, 921, 786, 1448, 791, 287, 287, 287, 287, 4668, 267, 287, 287, 287, 287, 9686, 267, 287, 287, 287, 287, 9861, 267, 537, 287, 287, 287, 287, 3095, 269]
[343, 343, 343, 343, 343, 343, 343, 343, 343, 343, 343, 343, 343, 343, 343, 343, 23890, 1448, 791, 287, 287, 287, 287, 9686, 267, 287, 287, 287, 287, 9861, 267, 287, 287, 287, 287, 4132, 267, 537, 287, 287, 287, 287, 1774, 269]
[343, 343, 343, 343, 343, 343, 343, 343, 343, 343, 343, 343, 343, 343, 343, 343, 15363, 1448, 791, 287, 287, 287, 287, 1929, 267, 287, 287, 287, 287, 7356, 267, 287, 287, 287, 287, 1375, 267, 537, 287, 287, 287, 287, 9861, 269]
[343, 343, 343, 343, 343, 343, 343, 343, 343, 343, 343, 343, 343, 343, 343, 343, 3504, 37397, 1922, 1448, 791, 287, 287, 287, 287, 9686, 267, 287, 287, 287, 287, 3095, 267, 287, 287, 287, 287, 670, 7873, 267, 537, 287, 287, 287, 287, 9861, 269]
[343, 343, 343, 343, 343, 343, 343, 343, 343, 343, 343, 343, 343, 343, 343, 343, 30181, 1448, 791, 287, 287, 287, 287, 3235, 267, 287, 287, 287, 287, 7072, 267, 287, 287, 287, 287, 1774, 267, 537, 287, 287, 287, 287, 9861, 269]
[343, 343, 343, 343, 343, 343, 343, 343, 343, 343, 343, 343, 343, 343, 343, 343, 12428, 23033, 1448, 791, 287, 287, 287, 287, 2368, 267, 287, 287, 287, 287, 1774, 267, 287, 287, 287, 287, 9861, 267, 537, 287, 287, 287, 287, 7072, 269]
[343, 343, 343, 343, 343, 343, 343, 343, 343, 343, 343, 343, 343, 343, 343, 343, 3469, 622, 4744, 35435, 1448, 791, 287, 287, 287, 287, 1929, 267, 287, 287, 287, 287, 7356, 267, 287, 287, 287, 287, 4132, 267, 537, 287, 287, 287, 287, 9861, 269]
[343, 343, 343, 343, 343, 343, 343, 343, 343, 343, 343, 343, 343, 343, 343, 343, 3469, 23153, 1448, 791, 287, 287, 287, 287, 4668, 267, 287, 287, 287, 287, 9686, 267, 287, 287, 287, 287, 9861, 267, 537, 287, 287, 287, 287, 4132, 269]
[343, 343, 343, 343, 343, 343, 343, 343, 343, 343, 343, 343, 343, 343, 343, 343, 4710, 37397, 21938, 1448, 791, 287, 287, 287, 287, 7356, 267, 287, 287, 287, 287, 3140, 267, 287, 287, 287, 287, 3095, 267, 537, 287, 287, 287, 287, 9861, 269]
[343, 343, 343, 343, 343, 343, 343, 343, 343, 343, 343, 343, 343, 343, 343, 343, 830, 39744, 1448, 791, 287, 287, 287, 287, 1929, 267, 287, 287, 287, 287, 1710, 267, 287, 287, 287, 287, 9861, 267, 537, 287, 287, 287, 287, 4132, 269]
[343, 343, 343, 343, 343, 343, 343, 343, 343, 343, 343, 343, 343, 343, 343, 343, 560, 2446, 2260, 1448, 791, 287, 287, 287, 287, 3235, 267, 287, 287, 287, 287, 7356, 267, 287, 287, 287, 287, 4132, 267, 537, 287, 287, 287, 287, 9861, 269]
[343, 343, 343, 343, 343, 343, 343, 343, 343, 343, 343, 343, 343, 343, 343, 343, 4925, 8979, 1448, 791, 287, 287, 287, 287, 1774, 267, 287, 287, 287, 287, 7072, 267, 287, 287, 287, 287, 1375, 267, 537, 287, 287, 287, 287, 7356, 269]
[343, 343, 343, 343, 343, 343, 343, 343, 343, 343, 343, 343, 343, 343, 343, 343, 9724, 552, 2636, 1448, 791, 287, 287, 287, 287, 7356, 267, 287, 287, 287, 287, 4132, 267, 287, 287, 287, 287, 1375, 267, 537, 287, 287, 287, 287, 9861, 269]
[343, 343, 343, 343, 343, 343, 343, 343, 343, 343, 343, 343, 343, 343, 343, 343, 6581, 13873, 1448, 791, 287, 287, 287, 287, 4668, 267, 287, 287, 287, 287, 3140, 267, 287, 287, 287, 287, 8231, 267, 537, 287, 287, 287, 287, 4132, 269]
[343, 343, 343, 343, 343, 343, 343, 343, 343, 343, 343, 343, 343, 343, 343, 343, 7836, 16958, 1448, 791, 287, 287, 287, 287, 1774, 267, 287, 287, 287, 287, 9686, 267, 287, 287, 287, 287, 4132, 267, 537, 287, 287, 287, 287, 9861, 269]
[343, 343, 343, 343, 343, 343, 343, 343, 343, 343, 343, 343, 343, 343, 343, 343, 16377, 2629, 21299, 1448, 791, 287, 287, 287, 287, 3235, 267, 287, 287, 287, 287, 7356, 267, 287, 287, 287, 287, 9861, 267, 537, 287, 287, 287, 287, 670, 7873, 269]
[343, 343, 343, 343, 343, 343, 343, 343, 343, 343, 343, 343, 343, 343, 343, 343, 28079, 1448, 791, 287, 287, 287, 287, 1774, 267, 287, 287, 287, 287, 7356, 267, 287, 287, 287, 287, 4804, 267, 537, 287, 287, 287, 287, 1375, 269]
[343, 343, 343, 343, 343, 343, 343, 343, 343, 343, 343, 343, 343, 343, 343, 343, 19859, 1448, 791, 287, 287, 287, 287, 9686, 267, 287, 287, 287, 287, 1710, 267, 287, 287, 287, 287, 8231, 267, 537, 287, 287, 287, 287, 3095, 269]
[343, 343, 343, 343, 343, 343, 343, 343, 343, 343, 343, 343, 343, 343, 343, 343, 35156, 9945, 1448, 791, 287, 287, 287, 287, 3235, 267, 287, 287, 287, 287, 1375, 267, 287, 287, 287, 287, 9861, 267, 537, 287, 287, 287, 287, 7356, 269]
[343, 343, 343, 343, 343, 343, 343, 343, 343, 343, 343, 343, 343, 343, 343, 343, 17739, 1448, 791, 287, 287, 287, 287, 13791, 267, 287, 287, 287, 287, 1710, 267, 287, 287, 287, 287, 7356, 267, 537, 287, 287, 287, 287, 3095, 269]
[343, 343, 343, 343, 343, 343, 343, 343, 343, 343, 343, 343, 343, 343, 343, 343, 13958, 9286, 1448, 791, 287, 287, 287, 287, 1774, 267, 287, 287, 287, 287, 7356, 267, 287, 287, 287, 287, 3095, 267, 537, 287, 287, 287, 287, 4132, 269]
[343, 343, 343, 343, 343, 343, 343, 343, 343, 343, 343, 343, 343, 343, 343, 343, 4868, 1746, 1448, 791, 287, 287, 287, 287, 9686, 267, 287, 287, 287, 287, 3095, 267, 287, 287, 287, 287, 4132, 267, 537, 287, 287, 287, 287, 1375, 269]
[343, 343, 343, 343, 343, 343, 343, 343, 343, 343, 343, 343, 343, 343, 343, 343, 5599, 14579, 1448, 791, 287, 287, 287, 287, 4668, 267, 287, 287, 287, 287, 3235, 267, 287, 287, 287, 287, 7356, 267, 537, 287, 287, 287, 287, 41046, 269]
[343, 343, 343, 343, 343, 343, 343, 343, 343, 343, 343, 343, 343, 343, 343, 343, 30006, 3301, 1448, 791, 287, 287, 287, 287, 7356, 267, 287, 287, 287, 287, 7356, 267, 287, 287, 287, 287, 4132, 267, 537, 287, 287, 287, 287, 3095, 269]
[343, 343, 343, 343, 343, 343, 343, 343, 343, 343, 343, 343, 343, 343, 343, 343, 7442, 14455, 1448, 791, 287, 287, 287, 287, 1929, 267, 287, 287, 287, 287, 7356, 267, 287, 287, 287, 287, 19923, 267, 537, 287, 287, 287, 287, 9861, 269]
[343, 343, 343, 343, 343, 343, 343, 343, 343, 343, 343, 343, 343, 343, 343, 343, 823, 1792, 512, 340, 1448, 791, 287, 287, 287, 287, 1929, 267, 287, 287, 287, 287, 9686, 267, 287, 287, 287, 287, 1375, 267, 537, 287, 287, 287, 287, 9861, 269]
[343, 343, 343, 343, 343, 343, 343, 343, 343, 343, 343, 343, 343, 343, 343, 343, 43161, 1448, 791, 287, 287, 287, 287, 3095, 267, 287, 287, 287, 287, 4036, 656, 267, 287, 287, 287, 287, 1774, 267, 537, 287, 287, 287, 287, 1375, 269]
[343, 343, 343, 343, 343, 343, 343, 343, 343, 343, 343, 343, 343, 343, 343, 343, 43808, 16997, 1448, 791, 287, 287, 287, 287, 2368, 267, 287, 287, 287, 287, 4658, 1285, 267, 287, 287, 287, 287, 9861, 267, 537, 287, 287, 287, 287, 7072, 269]
[343, 343, 343, 343, 343, 343, 343, 343, 343, 343, 343, 343, 343, 343, 343, 343, 29198, 6029, 14455, 1448, 791, 287, 287, 287, 287, 1774, 267, 287, 287, 287, 287, 7072, 267, 287, 287, 287, 287, 1375, 267, 537, 287, 287, 287, 287, 17307, 269]
[343, 343, 343, 343, 343, 343, 343, 343, 343, 343, 343, 343, 343, 343, 343, 343, 20505, 576, 14455, 1448, 791, 287, 287, 287, 287, 1929, 267, 287, 287, 287, 287, 1375, 267, 287, 287, 287, 287, 3095, 267, 537, 287, 287, 287, 287, 9861, 269]
[343, 343, 343, 343, 343, 343, 343, 343, 343, 343, 343, 343, 343, 343, 343, 343, 8633, 14455, 1448, 791, 287, 287, 287, 287, 3235, 267, 287, 287, 287, 287, 2225, 267, 287, 287, 287, 287, 9861, 267, 537, 287, 287, 287, 287, 7356, 269]
Turning off gradients in both the image and the text encoder
Loading evaluator: Classification
No checkpoint found, train from scratch
Initialize tensorboard (log_dir=output/oxford_pets/CoOp/vit_b32_2shots/nctx16_cscTrue_ctpend/seed1/tensorboard)
/home/jin749/Projects/coop_concept/clip/clip.py:23: UserWarning: PyTorch version 1.7.1 or higher is recommended
  warnings.warn("PyTorch version 1.7.1 or higher is recommended")
epoch [1/200] batch [1/2] time 6.364 (6.364) data 2.012 (2.012) loss 3.9395 (3.9395) acc 21.8750 (21.8750) lr 1.0000e-05 eta 0:42:19
epoch [1/200] batch [2/2] time 0.046 (3.205) data 0.000 (1.006) loss 3.3203 (3.6299) acc 18.7500 (20.3125) lr 2.0000e-03 eta 0:21:15
epoch [2/200] batch [1/2] time 0.467 (0.467) data 0.419 (0.419) loss 3.2324 (3.2324) acc 18.7500 (18.7500) lr 2.0000e-03 eta 0:03:05
epoch [2/200] batch [2/2] time 0.046 (0.257) data 0.000 (0.210) loss 2.9160 (3.0742) acc 28.1250 (23.4375) lr 1.9999e-03 eta 0:01:41
epoch [3/200] batch [1/2] time 0.570 (0.570) data 0.522 (0.522) loss 2.1133 (2.1133) acc 56.2500 (56.2500) lr 1.9999e-03 eta 0:03:45
epoch [3/200] batch [2/2] time 0.045 (0.307) data 0.000 (0.261) loss 1.8945 (2.0039) acc 50.0000 (53.1250) lr 1.9995e-03 eta 0:02:01
epoch [4/200] batch [1/2] time 0.988 (0.988) data 0.942 (0.942) loss 0.9917 (0.9917) acc 65.6250 (65.6250) lr 1.9995e-03 eta 0:06:28
epoch [4/200] batch [2/2] time 0.045 (0.517) data 0.000 (0.471) loss 1.4404 (1.2161) acc 68.7500 (67.1875) lr 1.9989e-03 eta 0:03:22
epoch [5/200] batch [1/2] time 0.473 (0.473) data 0.424 (0.424) loss 0.5786 (0.5786) acc 87.5000 (87.5000) lr 1.9989e-03 eta 0:03:04
epoch [5/200] batch [2/2] time 0.046 (0.259) data 0.000 (0.212) loss 0.9844 (0.7815) acc 62.5000 (75.0000) lr 1.9980e-03 eta 0:01:41
epoch [6/200] batch [1/2] time 0.502 (0.502) data 0.454 (0.454) loss 0.9536 (0.9536) acc 71.8750 (71.8750) lr 1.9980e-03 eta 0:03:15
epoch [6/200] batch [2/2] time 0.046 (0.274) data 0.000 (0.227) loss 0.6157 (0.7847) acc 81.2500 (76.5625) lr 1.9969e-03 eta 0:01:46
epoch [7/200] batch [1/2] time 0.464 (0.464) data 0.416 (0.416) loss 0.3770 (0.3770) acc 96.8750 (96.8750) lr 1.9969e-03 eta 0:02:59
epoch [7/200] batch [2/2] time 0.045 (0.255) data 0.000 (0.208) loss 0.8267 (0.6018) acc 78.1250 (87.5000) lr 1.9956e-03 eta 0:01:38
epoch [8/200] batch [1/2] time 0.434 (0.434) data 0.386 (0.386) loss 0.6943 (0.6943) acc 81.2500 (81.2500) lr 1.9956e-03 eta 0:02:47
epoch [8/200] batch [2/2] time 0.046 (0.240) data 0.000 (0.193) loss 0.6904 (0.6924) acc 78.1250 (79.6875) lr 1.9940e-03 eta 0:01:32
epoch [9/200] batch [1/2] time 1.106 (1.106) data 1.058 (1.058) loss 0.4250 (0.4250) acc 87.5000 (87.5000) lr 1.9940e-03 eta 0:07:03
epoch [9/200] batch [2/2] time 0.046 (0.576) data 0.000 (0.529) loss 0.6553 (0.5402) acc 81.2500 (84.3750) lr 1.9921e-03 eta 0:03:39
epoch [10/200] batch [1/2] time 0.792 (0.792) data 0.744 (0.744) loss 0.4060 (0.4060) acc 90.6250 (90.6250) lr 1.9921e-03 eta 0:05:01
epoch [10/200] batch [2/2] time 0.084 (0.438) data 0.037 (0.391) loss 0.6387 (0.5223) acc 84.3750 (87.5000) lr 1.9900e-03 eta 0:02:46
epoch [11/200] batch [1/2] time 1.439 (1.439) data 1.392 (1.392) loss 0.7212 (0.7212) acc 87.5000 (87.5000) lr 1.9900e-03 eta 0:09:05
epoch [11/200] batch [2/2] time 0.044 (0.741) data 0.000 (0.696) loss 0.1257 (0.4235) acc 100.0000 (93.7500) lr 1.9877e-03 eta 0:04:40
epoch [12/200] batch [1/2] time 0.701 (0.701) data 0.655 (0.655) loss 0.3154 (0.3154) acc 90.6250 (90.6250) lr 1.9877e-03 eta 0:04:24
epoch [12/200] batch [2/2] time 0.212 (0.456) data 0.168 (0.411) loss 0.2617 (0.2886) acc 93.7500 (92.1875) lr 1.9851e-03 eta 0:02:51
epoch [13/200] batch [1/2] time 0.712 (0.712) data 0.664 (0.664) loss 0.2114 (0.2114) acc 96.8750 (96.8750) lr 1.9851e-03 eta 0:04:26
epoch [13/200] batch [2/2] time 0.044 (0.378) data 0.000 (0.332) loss 0.5020 (0.3567) acc 84.3750 (90.6250) lr 1.9823e-03 eta 0:02:21
epoch [14/200] batch [1/2] time 0.594 (0.594) data 0.548 (0.548) loss 0.2114 (0.2114) acc 96.8750 (96.8750) lr 1.9823e-03 eta 0:03:41
epoch [14/200] batch [2/2] time 0.044 (0.319) data 0.000 (0.274) loss 0.3987 (0.3051) acc 87.5000 (92.1875) lr 1.9792e-03 eta 0:01:58
epoch [15/200] batch [1/2] time 1.073 (1.073) data 1.024 (1.024) loss 0.2539 (0.2539) acc 87.5000 (87.5000) lr 1.9792e-03 eta 0:06:38
epoch [15/200] batch [2/2] time 0.045 (0.559) data 0.000 (0.512) loss 0.2878 (0.2709) acc 93.7500 (90.6250) lr 1.9759e-03 eta 0:03:26
epoch [16/200] batch [1/2] time 0.470 (0.470) data 0.422 (0.422) loss 0.5308 (0.5308) acc 87.5000 (87.5000) lr 1.9759e-03 eta 0:02:53
epoch [16/200] batch [2/2] time 0.045 (0.258) data 0.000 (0.211) loss 0.3149 (0.4229) acc 93.7500 (90.6250) lr 1.9724e-03 eta 0:01:34
epoch [17/200] batch [1/2] time 0.437 (0.437) data 0.389 (0.389) loss 0.1890 (0.1890) acc 93.7500 (93.7500) lr 1.9724e-03 eta 0:02:40
epoch [17/200] batch [2/2] time 0.046 (0.241) data 0.000 (0.194) loss 0.1852 (0.1871) acc 96.8750 (95.3125) lr 1.9686e-03 eta 0:01:28
epoch [18/200] batch [1/2] time 0.423 (0.423) data 0.377 (0.377) loss 0.1284 (0.1284) acc 96.8750 (96.8750) lr 1.9686e-03 eta 0:02:34
epoch [18/200] batch [2/2] time 0.044 (0.234) data 0.000 (0.189) loss 0.2139 (0.1711) acc 96.8750 (96.8750) lr 1.9646e-03 eta 0:01:25
epoch [19/200] batch [1/2] time 0.435 (0.435) data 0.389 (0.389) loss 0.0869 (0.0869) acc 100.0000 (100.0000) lr 1.9646e-03 eta 0:02:37
epoch [19/200] batch [2/2] time 0.044 (0.240) data 0.000 (0.195) loss 0.1099 (0.0984) acc 93.7500 (96.8750) lr 1.9603e-03 eta 0:01:26
epoch [20/200] batch [1/2] time 0.429 (0.429) data 0.383 (0.383) loss 0.3728 (0.3728) acc 93.7500 (93.7500) lr 1.9603e-03 eta 0:02:34
epoch [20/200] batch [2/2] time 0.044 (0.237) data 0.000 (0.191) loss 0.2360 (0.3044) acc 96.8750 (95.3125) lr 1.9558e-03 eta 0:01:25
epoch [21/200] batch [1/2] time 0.408 (0.408) data 0.361 (0.361) loss 0.1495 (0.1495) acc 93.7500 (93.7500) lr 1.9558e-03 eta 0:02:26
epoch [21/200] batch [2/2] time 0.044 (0.226) data 0.000 (0.180) loss 0.1539 (0.1517) acc 96.8750 (95.3125) lr 1.9511e-03 eta 0:01:20
epoch [22/200] batch [1/2] time 0.422 (0.422) data 0.374 (0.374) loss 0.1345 (0.1345) acc 96.8750 (96.8750) lr 1.9511e-03 eta 0:02:30
epoch [22/200] batch [2/2] time 0.045 (0.233) data 0.000 (0.187) loss 0.3635 (0.2490) acc 90.6250 (93.7500) lr 1.9461e-03 eta 0:01:23
epoch [23/200] batch [1/2] time 0.453 (0.453) data 0.404 (0.404) loss 0.2142 (0.2142) acc 96.8750 (96.8750) lr 1.9461e-03 eta 0:02:40
epoch [23/200] batch [2/2] time 0.046 (0.250) data 0.000 (0.202) loss 0.3953 (0.3047) acc 87.5000 (92.1875) lr 1.9409e-03 eta 0:01:28
epoch [24/200] batch [1/2] time 0.409 (0.409) data 0.362 (0.362) loss 0.0880 (0.0880) acc 96.8750 (96.8750) lr 1.9409e-03 eta 0:02:24
epoch [24/200] batch [2/2] time 0.044 (0.227) data 0.000 (0.181) loss 0.2139 (0.1509) acc 93.7500 (95.3125) lr 1.9354e-03 eta 0:01:19
epoch [25/200] batch [1/2] time 0.407 (0.407) data 0.359 (0.359) loss 0.1611 (0.1611) acc 96.8750 (96.8750) lr 1.9354e-03 eta 0:02:23
epoch [25/200] batch [2/2] time 0.047 (0.227) data 0.000 (0.180) loss 0.3511 (0.2561) acc 90.6250 (93.7500) lr 1.9298e-03 eta 0:01:19
epoch [26/200] batch [1/2] time 0.449 (0.449) data 0.403 (0.403) loss 0.1715 (0.1715) acc 96.8750 (96.8750) lr 1.9298e-03 eta 0:02:36
epoch [26/200] batch [2/2] time 0.044 (0.247) data 0.000 (0.201) loss 0.5337 (0.3526) acc 90.6250 (93.7500) lr 1.9239e-03 eta 0:01:25
epoch [27/200] batch [1/2] time 0.391 (0.391) data 0.343 (0.343) loss 0.1345 (0.1345) acc 96.8750 (96.8750) lr 1.9239e-03 eta 0:02:15
epoch [27/200] batch [2/2] time 0.045 (0.218) data 0.000 (0.172) loss 0.1324 (0.1335) acc 93.7500 (95.3125) lr 1.9178e-03 eta 0:01:15
epoch [28/200] batch [1/2] time 0.399 (0.399) data 0.351 (0.351) loss 0.0758 (0.0758) acc 96.8750 (96.8750) lr 1.9178e-03 eta 0:02:17
epoch [28/200] batch [2/2] time 0.046 (0.222) data 0.000 (0.176) loss 0.0768 (0.0763) acc 100.0000 (98.4375) lr 1.9114e-03 eta 0:01:16
epoch [29/200] batch [1/2] time 0.393 (0.393) data 0.345 (0.345) loss 0.1086 (0.1086) acc 100.0000 (100.0000) lr 1.9114e-03 eta 0:02:14
epoch [29/200] batch [2/2] time 0.045 (0.219) data 0.000 (0.173) loss 0.1893 (0.1490) acc 90.6250 (95.3125) lr 1.9048e-03 eta 0:01:14
epoch [30/200] batch [1/2] time 0.392 (0.392) data 0.345 (0.345) loss 0.2812 (0.2812) acc 96.8750 (96.8750) lr 1.9048e-03 eta 0:02:13
epoch [30/200] batch [2/2] time 0.044 (0.218) data 0.000 (0.173) loss 0.2610 (0.2711) acc 96.8750 (96.8750) lr 1.8980e-03 eta 0:01:14
epoch [31/200] batch [1/2] time 0.449 (0.449) data 0.403 (0.403) loss 0.1174 (0.1174) acc 96.8750 (96.8750) lr 1.8980e-03 eta 0:02:32
epoch [31/200] batch [2/2] time 0.045 (0.247) data 0.000 (0.202) loss 0.4248 (0.2711) acc 90.6250 (93.7500) lr 1.8910e-03 eta 0:01:23
epoch [32/200] batch [1/2] time 0.388 (0.388) data 0.341 (0.341) loss 0.5952 (0.5952) acc 90.6250 (90.6250) lr 1.8910e-03 eta 0:02:10
epoch [32/200] batch [2/2] time 0.044 (0.216) data 0.000 (0.170) loss 0.2469 (0.4211) acc 93.7500 (92.1875) lr 1.8838e-03 eta 0:01:12
epoch [33/200] batch [1/2] time 0.400 (0.400) data 0.352 (0.352) loss 0.0896 (0.0896) acc 96.8750 (96.8750) lr 1.8838e-03 eta 0:02:14
epoch [33/200] batch [2/2] time 0.044 (0.222) data 0.000 (0.176) loss 0.1588 (0.1242) acc 96.8750 (96.8750) lr 1.8763e-03 eta 0:01:14
epoch [34/200] batch [1/2] time 0.465 (0.465) data 0.419 (0.419) loss 0.1423 (0.1423) acc 96.8750 (96.8750) lr 1.8763e-03 eta 0:02:34
epoch [34/200] batch [2/2] time 0.044 (0.255) data 0.000 (0.210) loss 0.1093 (0.1258) acc 96.8750 (96.8750) lr 1.8686e-03 eta 0:01:24
epoch [35/200] batch [1/2] time 0.441 (0.441) data 0.395 (0.395) loss 0.1769 (0.1769) acc 93.7500 (93.7500) lr 1.8686e-03 eta 0:02:26
epoch [35/200] batch [2/2] time 0.045 (0.243) data 0.000 (0.198) loss 0.3230 (0.2499) acc 90.6250 (92.1875) lr 1.8607e-03 eta 0:01:20
epoch [36/200] batch [1/2] time 0.398 (0.398) data 0.350 (0.350) loss 0.0911 (0.0911) acc 96.8750 (96.8750) lr 1.8607e-03 eta 0:02:10
epoch [36/200] batch [2/2] time 0.046 (0.222) data 0.000 (0.175) loss 0.1804 (0.1358) acc 96.8750 (96.8750) lr 1.8526e-03 eta 0:01:12
epoch [37/200] batch [1/2] time 0.427 (0.427) data 0.378 (0.378) loss 0.1552 (0.1552) acc 96.8750 (96.8750) lr 1.8526e-03 eta 0:02:19
epoch [37/200] batch [2/2] time 0.045 (0.236) data 0.000 (0.189) loss 0.1823 (0.1687) acc 93.7500 (95.3125) lr 1.8443e-03 eta 0:01:16
epoch [38/200] batch [1/2] time 0.475 (0.475) data 0.429 (0.429) loss 0.0307 (0.0307) acc 100.0000 (100.0000) lr 1.8443e-03 eta 0:02:34
epoch [38/200] batch [2/2] time 0.044 (0.260) data 0.000 (0.214) loss 0.1611 (0.0959) acc 96.8750 (98.4375) lr 1.8358e-03 eta 0:01:24
epoch [39/200] batch [1/2] time 0.459 (0.459) data 0.412 (0.412) loss 0.2988 (0.2988) acc 90.6250 (90.6250) lr 1.8358e-03 eta 0:02:28
epoch [39/200] batch [2/2] time 0.044 (0.251) data 0.000 (0.206) loss 0.0706 (0.1847) acc 96.8750 (93.7500) lr 1.8271e-03 eta 0:01:20
epoch [40/200] batch [1/2] time 0.389 (0.389) data 0.342 (0.342) loss 0.0572 (0.0572) acc 100.0000 (100.0000) lr 1.8271e-03 eta 0:02:04
epoch [40/200] batch [2/2] time 0.045 (0.217) data 0.000 (0.171) loss 0.0720 (0.0646) acc 100.0000 (100.0000) lr 1.8181e-03 eta 0:01:09
epoch [41/200] batch [1/2] time 0.449 (0.449) data 0.400 (0.400) loss 0.0493 (0.0493) acc 100.0000 (100.0000) lr 1.8181e-03 eta 0:02:23
epoch [41/200] batch [2/2] time 0.045 (0.247) data 0.000 (0.200) loss 0.1597 (0.1045) acc 96.8750 (98.4375) lr 1.8090e-03 eta 0:01:18
epoch [42/200] batch [1/2] time 0.410 (0.410) data 0.362 (0.362) loss 0.1361 (0.1361) acc 96.8750 (96.8750) lr 1.8090e-03 eta 0:02:10
epoch [42/200] batch [2/2] time 0.046 (0.228) data 0.000 (0.181) loss 0.0366 (0.0864) acc 100.0000 (98.4375) lr 1.7997e-03 eta 0:01:12
epoch [43/200] batch [1/2] time 0.393 (0.393) data 0.344 (0.344) loss 0.0579 (0.0579) acc 100.0000 (100.0000) lr 1.7997e-03 eta 0:02:03
epoch [43/200] batch [2/2] time 0.046 (0.220) data 0.000 (0.172) loss 0.0516 (0.0547) acc 100.0000 (100.0000) lr 1.7902e-03 eta 0:01:09
epoch [44/200] batch [1/2] time 0.409 (0.409) data 0.361 (0.361) loss 0.0966 (0.0966) acc 96.8750 (96.8750) lr 1.7902e-03 eta 0:02:08
epoch [44/200] batch [2/2] time 0.046 (0.228) data 0.000 (0.180) loss 0.0382 (0.0674) acc 100.0000 (98.4375) lr 1.7804e-03 eta 0:01:11
epoch [45/200] batch [1/2] time 0.413 (0.413) data 0.365 (0.365) loss 0.0580 (0.0580) acc 100.0000 (100.0000) lr 1.7804e-03 eta 0:02:08
epoch [45/200] batch [2/2] time 0.047 (0.230) data 0.000 (0.183) loss 0.1462 (0.1021) acc 93.7500 (96.8750) lr 1.7705e-03 eta 0:01:11
epoch [46/200] batch [1/2] time 0.407 (0.407) data 0.360 (0.360) loss 0.0473 (0.0473) acc 100.0000 (100.0000) lr 1.7705e-03 eta 0:02:05
epoch [46/200] batch [2/2] time 0.047 (0.227) data 0.000 (0.180) loss 0.0488 (0.0480) acc 96.8750 (98.4375) lr 1.7604e-03 eta 0:01:09
epoch [47/200] batch [1/2] time 0.404 (0.404) data 0.356 (0.356) loss 0.0465 (0.0465) acc 100.0000 (100.0000) lr 1.7604e-03 eta 0:02:03
epoch [47/200] batch [2/2] time 0.046 (0.225) data 0.000 (0.178) loss 0.0461 (0.0463) acc 100.0000 (100.0000) lr 1.7501e-03 eta 0:01:08
epoch [48/200] batch [1/2] time 0.399 (0.399) data 0.352 (0.352) loss 0.0172 (0.0172) acc 100.0000 (100.0000) lr 1.7501e-03 eta 0:02:01
epoch [48/200] batch [2/2] time 0.046 (0.222) data 0.000 (0.176) loss 0.1109 (0.0640) acc 96.8750 (98.4375) lr 1.7396e-03 eta 0:01:07
epoch [49/200] batch [1/2] time 0.407 (0.407) data 0.359 (0.359) loss 0.0405 (0.0405) acc 100.0000 (100.0000) lr 1.7396e-03 eta 0:02:03
epoch [49/200] batch [2/2] time 0.045 (0.226) data 0.000 (0.180) loss 0.0139 (0.0272) acc 100.0000 (100.0000) lr 1.7290e-03 eta 0:01:08
epoch [50/200] batch [1/2] time 0.380 (0.380) data 0.331 (0.331) loss 0.1153 (0.1153) acc 96.8750 (96.8750) lr 1.7290e-03 eta 0:01:54
epoch [50/200] batch [2/2] time 0.047 (0.213) data 0.000 (0.166) loss 0.1052 (0.1102) acc 96.8750 (96.8750) lr 1.7181e-03 eta 0:01:03
epoch [51/200] batch [1/2] time 0.403 (0.403) data 0.354 (0.354) loss 0.1876 (0.1876) acc 93.7500 (93.7500) lr 1.7181e-03 eta 0:02:00
epoch [51/200] batch [2/2] time 0.046 (0.224) data 0.000 (0.177) loss 0.0292 (0.1084) acc 100.0000 (96.8750) lr 1.7071e-03 eta 0:01:06
epoch [52/200] batch [1/2] time 0.385 (0.385) data 0.338 (0.338) loss 0.0534 (0.0534) acc 100.0000 (100.0000) lr 1.7071e-03 eta 0:01:54
epoch [52/200] batch [2/2] time 0.046 (0.216) data 0.000 (0.169) loss 0.1077 (0.0806) acc 96.8750 (98.4375) lr 1.6959e-03 eta 0:01:03
epoch [53/200] batch [1/2] time 0.385 (0.385) data 0.336 (0.336) loss 0.0765 (0.0765) acc 96.8750 (96.8750) lr 1.6959e-03 eta 0:01:53
epoch [53/200] batch [2/2] time 0.046 (0.215) data 0.000 (0.168) loss 0.0752 (0.0758) acc 96.8750 (96.8750) lr 1.6845e-03 eta 0:01:03
epoch [54/200] batch [1/2] time 0.382 (0.382) data 0.333 (0.333) loss 0.0660 (0.0660) acc 100.0000 (100.0000) lr 1.6845e-03 eta 0:01:51
epoch [54/200] batch [2/2] time 0.046 (0.214) data 0.000 (0.167) loss 0.0476 (0.0568) acc 100.0000 (100.0000) lr 1.6730e-03 eta 0:01:02
epoch [55/200] batch [1/2] time 0.398 (0.398) data 0.352 (0.352) loss 0.0544 (0.0544) acc 100.0000 (100.0000) lr 1.6730e-03 eta 0:01:55
epoch [55/200] batch [2/2] time 0.044 (0.221) data 0.000 (0.176) loss 0.0433 (0.0489) acc 100.0000 (100.0000) lr 1.6613e-03 eta 0:01:04
epoch [56/200] batch [1/2] time 0.434 (0.434) data 0.386 (0.386) loss 0.0765 (0.0765) acc 100.0000 (100.0000) lr 1.6613e-03 eta 0:02:05
epoch [56/200] batch [2/2] time 0.046 (0.240) data 0.000 (0.193) loss 0.2179 (0.1472) acc 90.6250 (95.3125) lr 1.6494e-03 eta 0:01:09
epoch [57/200] batch [1/2] time 0.393 (0.393) data 0.347 (0.347) loss 0.0497 (0.0497) acc 100.0000 (100.0000) lr 1.6494e-03 eta 0:01:52
epoch [57/200] batch [2/2] time 0.045 (0.219) data 0.000 (0.174) loss 0.1759 (0.1128) acc 96.8750 (98.4375) lr 1.6374e-03 eta 0:01:02
epoch [58/200] batch [1/2] time 0.427 (0.427) data 0.379 (0.379) loss 0.0795 (0.0795) acc 96.8750 (96.8750) lr 1.6374e-03 eta 0:02:01
epoch [58/200] batch [2/2] time 0.045 (0.236) data 0.000 (0.190) loss 0.0624 (0.0709) acc 96.8750 (96.8750) lr 1.6252e-03 eta 0:01:06
epoch [59/200] batch [1/2] time 0.412 (0.412) data 0.366 (0.366) loss 0.0316 (0.0316) acc 100.0000 (100.0000) lr 1.6252e-03 eta 0:01:56
epoch [59/200] batch [2/2] time 0.044 (0.228) data 0.000 (0.183) loss 0.0941 (0.0628) acc 96.8750 (98.4375) lr 1.6129e-03 eta 0:01:04
epoch [60/200] batch [1/2] time 0.685 (0.685) data 0.638 (0.638) loss 0.0229 (0.0229) acc 100.0000 (100.0000) lr 1.6129e-03 eta 0:03:12
epoch [60/200] batch [2/2] time 0.044 (0.364) data 0.000 (0.319) loss 0.0472 (0.0351) acc 100.0000 (100.0000) lr 1.6004e-03 eta 0:01:42
epoch [61/200] batch [1/2] time 0.393 (0.393) data 0.347 (0.347) loss 0.0404 (0.0404) acc 100.0000 (100.0000) lr 1.6004e-03 eta 0:01:49
epoch [61/200] batch [2/2] time 0.044 (0.219) data 0.000 (0.173) loss 0.0522 (0.0463) acc 100.0000 (100.0000) lr 1.5878e-03 eta 0:01:00
epoch [62/200] batch [1/2] time 0.410 (0.410) data 0.364 (0.364) loss 0.1024 (0.1024) acc 96.8750 (96.8750) lr 1.5878e-03 eta 0:01:53
epoch [62/200] batch [2/2] time 0.045 (0.227) data 0.000 (0.182) loss 0.0926 (0.0975) acc 96.8750 (96.8750) lr 1.5750e-03 eta 0:01:02
epoch [63/200] batch [1/2] time 0.410 (0.410) data 0.362 (0.362) loss 0.3611 (0.3611) acc 90.6250 (90.6250) lr 1.5750e-03 eta 0:01:52
epoch [63/200] batch [2/2] time 0.045 (0.228) data 0.000 (0.181) loss 0.0255 (0.1933) acc 100.0000 (95.3125) lr 1.5621e-03 eta 0:01:02
epoch [64/200] batch [1/2] time 0.433 (0.433) data 0.384 (0.384) loss 0.0738 (0.0738) acc 96.8750 (96.8750) lr 1.5621e-03 eta 0:01:58
epoch [64/200] batch [2/2] time 0.046 (0.240) data 0.000 (0.192) loss 0.0510 (0.0624) acc 100.0000 (98.4375) lr 1.5490e-03 eta 0:01:05
epoch [65/200] batch [1/2] time 0.432 (0.432) data 0.385 (0.385) loss 0.0565 (0.0565) acc 100.0000 (100.0000) lr 1.5490e-03 eta 0:01:57
epoch [65/200] batch [2/2] time 0.046 (0.239) data 0.000 (0.193) loss 0.0133 (0.0349) acc 100.0000 (100.0000) lr 1.5358e-03 eta 0:01:04
epoch [66/200] batch [1/2] time 0.404 (0.404) data 0.358 (0.358) loss 0.0405 (0.0405) acc 100.0000 (100.0000) lr 1.5358e-03 eta 0:01:48
epoch [66/200] batch [2/2] time 0.044 (0.224) data 0.000 (0.179) loss 0.0230 (0.0317) acc 100.0000 (100.0000) lr 1.5225e-03 eta 0:01:00
epoch [67/200] batch [1/2] time 0.407 (0.407) data 0.360 (0.360) loss 0.1293 (0.1293) acc 96.8750 (96.8750) lr 1.5225e-03 eta 0:01:48
epoch [67/200] batch [2/2] time 0.045 (0.226) data 0.000 (0.180) loss 0.0198 (0.0745) acc 100.0000 (98.4375) lr 1.5090e-03 eta 0:01:00
epoch [68/200] batch [1/2] time 0.397 (0.397) data 0.351 (0.351) loss 0.0361 (0.0361) acc 100.0000 (100.0000) lr 1.5090e-03 eta 0:01:45
epoch [68/200] batch [2/2] time 0.045 (0.221) data 0.000 (0.175) loss 0.0602 (0.0482) acc 100.0000 (100.0000) lr 1.4955e-03 eta 0:00:58
epoch [69/200] batch [1/2] time 0.394 (0.394) data 0.348 (0.348) loss 0.1039 (0.1039) acc 96.8750 (96.8750) lr 1.4955e-03 eta 0:01:43
epoch [69/200] batch [2/2] time 0.044 (0.219) data 0.000 (0.174) loss 0.1821 (0.1430) acc 96.8750 (96.8750) lr 1.4818e-03 eta 0:00:57
epoch [70/200] batch [1/2] time 0.377 (0.377) data 0.331 (0.331) loss 0.2017 (0.2017) acc 90.6250 (90.6250) lr 1.4818e-03 eta 0:01:38
epoch [70/200] batch [2/2] time 0.044 (0.211) data 0.000 (0.166) loss 0.0148 (0.1082) acc 100.0000 (95.3125) lr 1.4679e-03 eta 0:00:54
epoch [71/200] batch [1/2] time 0.402 (0.402) data 0.356 (0.356) loss 0.0361 (0.0361) acc 100.0000 (100.0000) lr 1.4679e-03 eta 0:01:44
epoch [71/200] batch [2/2] time 0.044 (0.223) data 0.000 (0.178) loss 0.0423 (0.0392) acc 100.0000 (100.0000) lr 1.4540e-03 eta 0:00:57
epoch [72/200] batch [1/2] time 0.384 (0.384) data 0.338 (0.338) loss 0.0956 (0.0956) acc 96.8750 (96.8750) lr 1.4540e-03 eta 0:01:38
epoch [72/200] batch [2/2] time 0.044 (0.214) data 0.000 (0.169) loss 0.0582 (0.0769) acc 96.8750 (96.8750) lr 1.4399e-03 eta 0:00:54
epoch [73/200] batch [1/2] time 0.414 (0.414) data 0.368 (0.368) loss 0.0908 (0.0908) acc 96.8750 (96.8750) lr 1.4399e-03 eta 0:01:45
epoch [73/200] batch [2/2] time 0.044 (0.229) data 0.000 (0.184) loss 0.0372 (0.0640) acc 100.0000 (98.4375) lr 1.4258e-03 eta 0:00:58
epoch [74/200] batch [1/2] time 0.416 (0.416) data 0.369 (0.369) loss 0.0889 (0.0889) acc 96.8750 (96.8750) lr 1.4258e-03 eta 0:01:45
epoch [74/200] batch [2/2] time 0.044 (0.230) data 0.000 (0.185) loss 0.1418 (0.1154) acc 96.8750 (96.8750) lr 1.4115e-03 eta 0:00:57
epoch [75/200] batch [1/2] time 0.434 (0.434) data 0.386 (0.386) loss 0.0381 (0.0381) acc 100.0000 (100.0000) lr 1.4115e-03 eta 0:01:48
epoch [75/200] batch [2/2] time 0.046 (0.240) data 0.000 (0.193) loss 0.0375 (0.0378) acc 100.0000 (100.0000) lr 1.3971e-03 eta 0:00:59
epoch [76/200] batch [1/2] time 0.397 (0.397) data 0.351 (0.351) loss 0.0217 (0.0217) acc 100.0000 (100.0000) lr 1.3971e-03 eta 0:01:38
epoch [76/200] batch [2/2] time 0.044 (0.221) data 0.000 (0.176) loss 0.0097 (0.0157) acc 100.0000 (100.0000) lr 1.3827e-03 eta 0:00:54
epoch [77/200] batch [1/2] time 0.424 (0.424) data 0.378 (0.378) loss 0.0200 (0.0200) acc 100.0000 (100.0000) lr 1.3827e-03 eta 0:01:44
epoch [77/200] batch [2/2] time 0.044 (0.234) data 0.000 (0.189) loss 0.0554 (0.0377) acc 100.0000 (100.0000) lr 1.3681e-03 eta 0:00:57
epoch [78/200] batch [1/2] time 0.403 (0.403) data 0.356 (0.356) loss 0.0264 (0.0264) acc 100.0000 (100.0000) lr 1.3681e-03 eta 0:01:38
epoch [78/200] batch [2/2] time 0.044 (0.223) data 0.000 (0.178) loss 0.0526 (0.0395) acc 100.0000 (100.0000) lr 1.3535e-03 eta 0:00:54
